[ 13%] Built target gtest_main
[ 26%] Built target gtest
[ 40%] Built target fximu_node
[ 60%] Built target fximu_driver
[ 86%] Built target test_serial_driver
[ 86%] Built target test_serial_port
[ 93%] [32mBuilding CXX object CMakeFiles/fximu_driver_nodes.dir/src/fximu_node.cpp.o[0m
[100%] [32m[1mLinking CXX shared library libfximu_driver_nodes.so[0m
[100%] Built target fximu_driver_nodes
-- Install configuration: ""
-- Up-to-date: /home/can/workspaces/fximu_ws/src/install/fximu_driver/lib/fximu_driver/fximu_node
-- Up-to-date: /home/can/workspaces/fximu_ws/src/install/fximu_driver/include/fximu_driver
-- Up-to-date: /home/can/workspaces/fximu_ws/src/install/fximu_driver/include/fximu_driver/fximu_driver
-- Up-to-date: /home/can/workspaces/fximu_ws/src/install/fximu_driver/include/fximu_driver/fximu_driver/util.h
-- Up-to-date: /home/can/workspaces/fximu_ws/src/install/fximu_driver/include/fximu_driver/fximu_driver/parameters.h
-- Up-to-date: /home/can/workspaces/fximu_ws/src/install/fximu_driver/include/fximu_driver/fximu_driver/visibility_control.hpp
-- Installing: /home/can/workspaces/fximu_ws/src/install/fximu_driver/include/fximu_driver/fximu_driver/adaptive_filter_stddev.h
-- Up-to-date: /home/can/workspaces/fximu_ws/src/install/fximu_driver/include/fximu_driver/fximu_driver/adaptive_filter.h
-- Up-to-date: /home/can/workspaces/fximu_ws/src/install/fximu_driver/include/fximu_driver/fximu_driver/fximu_driver.hpp
-- Up-to-date: /home/can/workspaces/fximu_ws/src/install/fximu_driver/include/fximu_driver/fximu_driver/serial_port.hpp
-- Up-to-date: /home/can/workspaces/fximu_ws/src/install/fximu_driver/include/fximu_driver/fximu_driver/fximu_node.hpp
-- Up-to-date: /home/can/workspaces/fximu_ws/src/install/fximu_driver/share/fximu_driver/environment/library_path.sh
-- Up-to-date: /home/can/workspaces/fximu_ws/src/install/fximu_driver/share/fximu_driver/environment/library_path.dsv
-- Up-to-date: /home/can/workspaces/fximu_ws/src/install/fximu_driver/lib/libfximu_driver.so
-- Installing: /home/can/workspaces/fximu_ws/src/install/fximu_driver/lib/libfximu_driver_nodes.so
-- Set non-toolchain portion of runtime path of "/home/can/workspaces/fximu_ws/src/install/fximu_driver/lib/libfximu_driver_nodes.so" to ""
-- Up-to-date: /home/can/workspaces/fximu_ws/src/install/fximu_driver/share/fximu_driver/launch
-- Up-to-date: /home/can/workspaces/fximu_ws/src/install/fximu_driver/share/fximu_driver/launch/fximu_node.launch.py
-- Up-to-date: /home/can/workspaces/fximu_ws/src/install/fximu_driver/share/fximu_driver/params
-- Up-to-date: /home/can/workspaces/fximu_ws/src/install/fximu_driver/share/fximu_driver/params/fximu.yaml
-- Up-to-date: /home/can/workspaces/fximu_ws/src/install/fximu_driver/share/ament_index/resource_index/package_run_dependencies/fximu_driver
-- Up-to-date: /home/can/workspaces/fximu_ws/src/install/fximu_driver/share/ament_index/resource_index/parent_prefix_path/fximu_driver
-- Up-to-date: /home/can/workspaces/fximu_ws/src/install/fximu_driver/share/fximu_driver/environment/ament_prefix_path.sh
-- Up-to-date: /home/can/workspaces/fximu_ws/src/install/fximu_driver/share/fximu_driver/environment/ament_prefix_path.dsv
-- Up-to-date: /home/can/workspaces/fximu_ws/src/install/fximu_driver/share/fximu_driver/environment/path.sh
-- Up-to-date: /home/can/workspaces/fximu_ws/src/install/fximu_driver/share/fximu_driver/environment/path.dsv
-- Up-to-date: /home/can/workspaces/fximu_ws/src/install/fximu_driver/share/fximu_driver/local_setup.bash
-- Up-to-date: /home/can/workspaces/fximu_ws/src/install/fximu_driver/share/fximu_driver/local_setup.sh
-- Up-to-date: /home/can/workspaces/fximu_ws/src/install/fximu_driver/share/fximu_driver/local_setup.zsh
-- Up-to-date: /home/can/workspaces/fximu_ws/src/install/fximu_driver/share/fximu_driver/local_setup.dsv
-- Installing: /home/can/workspaces/fximu_ws/src/install/fximu_driver/share/fximu_driver/package.dsv
-- Up-to-date: /home/can/workspaces/fximu_ws/src/install/fximu_driver/share/ament_index/resource_index/packages/fximu_driver
-- Up-to-date: /home/can/workspaces/fximu_ws/src/install/fximu_driver/share/ament_index/resource_index/rclcpp_components/fximu_driver
-- Up-to-date: /home/can/workspaces/fximu_ws/src/install/fximu_driver/share/fximu_driver/cmake/ament_cmake_export_dependencies-extras.cmake
-- Up-to-date: /home/can/workspaces/fximu_ws/src/install/fximu_driver/share/fximu_driver/cmake/ament_cmake_export_include_directories-extras.cmake
-- Up-to-date: /home/can/workspaces/fximu_ws/src/install/fximu_driver/share/fximu_driver/cmake/ament_cmake_export_libraries-extras.cmake
-- Up-to-date: /home/can/workspaces/fximu_ws/src/install/fximu_driver/share/fximu_driver/cmake/fximu_driver-extras.cmake
-- Up-to-date: /home/can/workspaces/fximu_ws/src/install/fximu_driver/share/fximu_driver/cmake/fximu_driverConfig.cmake
-- Up-to-date: /home/can/workspaces/fximu_ws/src/install/fximu_driver/share/fximu_driver/cmake/fximu_driverConfig-version.cmake
-- Up-to-date: /home/can/workspaces/fximu_ws/src/install/fximu_driver/share/fximu_driver/package.xml
