-- The C compiler identification is GNU 13.3.0
-- The CXX compiler identification is GNU 13.3.0
-- Detecting C compiler ABI info
-- Detecting C compiler ABI info - done
-- Check for working C compiler: /usr/bin/cc - skipped
-- Detecting C compile features
-- Detecting C compile features - done
-- Detecting CXX compiler ABI info
-- Detecting CXX compiler ABI info - done
-- Check for working CXX compiler: /usr/bin/c++ - skipped
-- Detecting CXX compile features
-- Detecting CXX compile features - done
-- Found ament_cmake_auto: 2.5.4 (/opt/ros/jazzy/share/ament_cmake_auto/cmake)
-- Found Python3: /usr/bin/python3 (found version "3.12.3") found components: Interpreter 
-- Found rosidl_generator_c: 4.6.5 (/opt/ros/jazzy/share/rosidl_generator_c/cmake)
-- Found rosidl_generator_cpp: 4.6.5 (/opt/ros/jazzy/share/rosidl_generator_cpp/cmake)
-- Using all available rosidl_typesupport_c: rosidl_typesupport_fastrtps_c;rosidl_typesupport_introspection_c
-- Using all available rosidl_typesupport_cpp: rosidl_typesupport_fastrtps_cpp;rosidl_typesupport_introspection_cpp
-- Found rmw_implementation_cmake: 7.3.2 (/opt/ros/jazzy/share/rmw_implementation_cmake/cmake)
-- Found rmw_fastrtps_cpp: 8.4.2 (/opt/ros/jazzy/share/rmw_fastrtps_cpp/cmake)
-- Found OpenSSL: /usr/lib/x86_64-linux-gnu/libcrypto.so (found version "3.0.13")  
-- Found FastRTPS: /opt/ros/jazzy/include (Required is at least version "2.13") 
-- Using RMW implementation 'rmw_fastrtps_cpp' as default
-- Found asio_cmake_module: 1.2.0 (/home/can/workspaces/fximu_ws/src/install/asio_cmake_module/share/asio_cmake_module/cmake)
-- Found ASIO: /usr/include  
-- Found ament_lint_auto: 0.17.2 (/opt/ros/jazzy/share/ament_lint_auto/cmake)
-- Found gtest sources under '/opt/ros/jazzy/src/gtest_vendor': C++ tests using 'Google Test' will be built
-- Performing Test CMAKE_HAVE_LIBC_PTHREAD
-- Performing Test CMAKE_HAVE_LIBC_PTHREAD - Success
-- Found Threads: TRUE  
-- Added test 'copyright' to check source files copyright and LICENSE
-- Added test 'cppcheck' to perform static code analysis on C / C++ code
-- Configured cppcheck include dirs: /home/can/workspaces/fximu_ws/src/fximu_driver/include
-- Configured cppcheck exclude dirs and/or files: 
-- Added test 'cpplint' to check C / C++ code against the Google style
-- Configured cpplint exclude dirs and/or files: 
-- Added test 'flake8' to check Python code syntax and style conventions
-- Configured 'flake8' exclude dirs and/or files: 
-- Added test 'lint_cmake' to check CMake code style
-- Added test 'pep257' to check Python code against some of the docstring style conventions in PEP 257
-- Added test 'uncrustify' to check C / C++ code style
-- Configured uncrustify additional arguments: 
-- Added test 'xmllint' to check XML markup files
-- Configuring done (1.9s)
-- Generating done (0.1s)
-- Build files have been written to: /home/can/workspaces/fximu_ws/src/build/fximu_driver
[  6%] [32mBuilding CXX object gtest/CMakeFiles/gtest.dir/src/gtest-all.cc.o[0m
[ 13%] [32mBuilding CXX object CMakeFiles/fximu_node.dir/rclcpp_components/node_main_fximu_node.cpp.o[0m
[ 20%] [32mBuilding CXX object gtest/CMakeFiles/gtest_main.dir/src/gtest_main.cc.o[0m
[ 26%] [32mBuilding CXX object CMakeFiles/fximu_driver.dir/src/fximu_driver.cpp.o[0m
[ 33%] [32mBuilding CXX object CMakeFiles/fximu_driver.dir/src/serial_port.cpp.o[0m
[ 40%] [32m[1mLinking CXX static library libgtest_main.a[0m
[ 40%] Built target gtest_main
[ 46%] [32m[1mLinking CXX shared library libfximu_driver.so[0m
[ 46%] Built target fximu_driver
[ 53%] [32mBuilding CXX object CMakeFiles/fximu_driver_nodes.dir/src/fximu_node.cpp.o[0m
[ 60%] [32m[1mLinking CXX executable fximu_node[0m
[ 60%] Built target fximu_node
[ 66%] [32m[1mLinking CXX static library libgtest.a[0m
[ 66%] Built target gtest
[ 80%] [32mBuilding CXX object CMakeFiles/test_serial_driver.dir/test/test_serial_driver.cpp.o[0m
[ 80%] [32mBuilding CXX object CMakeFiles/test_serial_port.dir/test/test_serial_port.cpp.o[0m
[ 86%] [32m[1mLinking CXX executable test_serial_driver[0m
[ 93%] [32m[1mLinking CXX executable test_serial_port[0m
[ 93%] Built target test_serial_driver
[ 93%] Built target test_serial_port
[100%] [32m[1mLinking CXX shared library libfximu_driver_nodes.so[0m
[100%] Built target fximu_driver_nodes
-- Install configuration: ""
-- Installing: /home/can/workspaces/fximu_ws/src/install/fximu_driver/lib/fximu_driver/fximu_node
-- Set non-toolchain portion of runtime path of "/home/can/workspaces/fximu_ws/src/install/fximu_driver/lib/fximu_driver/fximu_node" to ""
-- Installing: /home/can/workspaces/fximu_ws/src/install/fximu_driver/include/fximu_driver
-- Installing: /home/can/workspaces/fximu_ws/src/install/fximu_driver/include/fximu_driver/fximu_driver
-- Installing: /home/can/workspaces/fximu_ws/src/install/fximu_driver/include/fximu_driver/fximu_driver/util.h
-- Installing: /home/can/workspaces/fximu_ws/src/install/fximu_driver/include/fximu_driver/fximu_driver/parameters.h
-- Installing: /home/can/workspaces/fximu_ws/src/install/fximu_driver/include/fximu_driver/fximu_driver/visibility_control.hpp
-- Installing: /home/can/workspaces/fximu_ws/src/install/fximu_driver/include/fximu_driver/fximu_driver/adaptive_filter_stddev.h
-- Installing: /home/can/workspaces/fximu_ws/src/install/fximu_driver/include/fximu_driver/fximu_driver/adaptive_filter.h
-- Installing: /home/can/workspaces/fximu_ws/src/install/fximu_driver/include/fximu_driver/fximu_driver/fximu_driver.hpp
-- Installing: /home/can/workspaces/fximu_ws/src/install/fximu_driver/include/fximu_driver/fximu_driver/serial_port.hpp
-- Installing: /home/can/workspaces/fximu_ws/src/install/fximu_driver/include/fximu_driver/fximu_driver/fximu_node.hpp
-- Installing: /home/can/workspaces/fximu_ws/src/install/fximu_driver/share/fximu_driver/environment/library_path.sh
-- Installing: /home/can/workspaces/fximu_ws/src/install/fximu_driver/share/fximu_driver/environment/library_path.dsv
-- Installing: /home/can/workspaces/fximu_ws/src/install/fximu_driver/lib/libfximu_driver.so
-- Set non-toolchain portion of runtime path of "/home/can/workspaces/fximu_ws/src/install/fximu_driver/lib/libfximu_driver.so" to ""
-- Installing: /home/can/workspaces/fximu_ws/src/install/fximu_driver/lib/libfximu_driver_nodes.so
-- Set non-toolchain portion of runtime path of "/home/can/workspaces/fximu_ws/src/install/fximu_driver/lib/libfximu_driver_nodes.so" to ""
-- Installing: /home/can/workspaces/fximu_ws/src/install/fximu_driver/share/fximu_driver/launch
-- Installing: /home/can/workspaces/fximu_ws/src/install/fximu_driver/share/fximu_driver/launch/fximu_node.launch.py
-- Installing: /home/can/workspaces/fximu_ws/src/install/fximu_driver/share/fximu_driver/params
-- Installing: /home/can/workspaces/fximu_ws/src/install/fximu_driver/share/fximu_driver/params/fximu.yaml
-- Installing: /home/can/workspaces/fximu_ws/src/install/fximu_driver/share/ament_index/resource_index/package_run_dependencies/fximu_driver
-- Installing: /home/can/workspaces/fximu_ws/src/install/fximu_driver/share/ament_index/resource_index/parent_prefix_path/fximu_driver
-- Installing: /home/can/workspaces/fximu_ws/src/install/fximu_driver/share/fximu_driver/environment/ament_prefix_path.sh
-- Installing: /home/can/workspaces/fximu_ws/src/install/fximu_driver/share/fximu_driver/environment/ament_prefix_path.dsv
-- Installing: /home/can/workspaces/fximu_ws/src/install/fximu_driver/share/fximu_driver/environment/path.sh
-- Installing: /home/can/workspaces/fximu_ws/src/install/fximu_driver/share/fximu_driver/environment/path.dsv
-- Installing: /home/can/workspaces/fximu_ws/src/install/fximu_driver/share/fximu_driver/local_setup.bash
-- Installing: /home/can/workspaces/fximu_ws/src/install/fximu_driver/share/fximu_driver/local_setup.sh
-- Installing: /home/can/workspaces/fximu_ws/src/install/fximu_driver/share/fximu_driver/local_setup.zsh
-- Installing: /home/can/workspaces/fximu_ws/src/install/fximu_driver/share/fximu_driver/local_setup.dsv
-- Installing: /home/can/workspaces/fximu_ws/src/install/fximu_driver/share/fximu_driver/package.dsv
-- Installing: /home/can/workspaces/fximu_ws/src/install/fximu_driver/share/ament_index/resource_index/packages/fximu_driver
-- Installing: /home/can/workspaces/fximu_ws/src/install/fximu_driver/share/ament_index/resource_index/rclcpp_components/fximu_driver
-- Installing: /home/can/workspaces/fximu_ws/src/install/fximu_driver/share/fximu_driver/cmake/ament_cmake_export_dependencies-extras.cmake
-- Installing: /home/can/workspaces/fximu_ws/src/install/fximu_driver/share/fximu_driver/cmake/ament_cmake_export_include_directories-extras.cmake
-- Installing: /home/can/workspaces/fximu_ws/src/install/fximu_driver/share/fximu_driver/cmake/ament_cmake_export_libraries-extras.cmake
-- Installing: /home/can/workspaces/fximu_ws/src/install/fximu_driver/share/fximu_driver/cmake/fximu_driver-extras.cmake
-- Installing: /home/can/workspaces/fximu_ws/src/install/fximu_driver/share/fximu_driver/cmake/fximu_driverConfig.cmake
-- Installing: /home/can/workspaces/fximu_ws/src/install/fximu_driver/share/fximu_driver/cmake/fximu_driverConfig-version.cmake
-- Installing: /home/can/workspaces/fximu_ws/src/install/fximu_driver/share/fximu_driver/package.xml
