[0.012s] Invoking command in '/home/can/workspaces/fximu_ws/src/build/fximu_driver': AMENT_PREFIX_PATH=/home/can/workspaces/fximu_ws/src/install/io_context:/home/can/workspaces/fximu_ws/src/install/asio_cmake_module:${AMENT_PREFIX_PATH} CMAKE_PREFIX_PATH=/home/can/workspaces/fximu_ws/src/install/io_context:/home/can/workspaces/fximu_ws/src/install/asio_cmake_module:/home/can/workspaces/rosrider_ws/install/teleop_twist_joy:/home/can/workspaces/rosrider_ws/install/rosrider:/home/can/workspaces/rosrider_ws/install/rosrider_node:/home/can/workspaces/rosrider_ws/install/rosrider_navigation2:/home/can/workspaces/rosrider_ws/install/rosrider_interfaces:/home/can/workspaces/rosrider_ws/install/rosrider_image:/home/can/workspaces/rosrider_ws/install/rosrider_gz_bringup:/home/can/workspaces/rosrider_ws/install/rosrider_gz_gazebo:/home/can/workspaces/rosrider_ws/install/rosrider_gz_description:/home/can/workspaces/rosrider_ws/install/rosrider_gz_app:/home/can/workspaces/rosrider_ws/install/rosrider_description:/home/can/workspaces/rosrider_ws/install/rosrider_cartographer:/home/can/workspaces/rosrider_ws/install/cappa_gz:/home/can/workspaces/fximu_ws/install/fximu_driver:/home/can/workspaces/fximu_ws/install/io_context:/home/can/workspaces/fximu_ws/install/asio_cmake_module:/opt/ros/jazzy/opt/gz_sim_vendor:/opt/ros/jazzy/opt/gz_sensors_vendor:/opt/ros/jazzy/opt/gz_physics_vendor:/opt/ros/jazzy/opt/sdformat_vendor:/opt/ros/jazzy/opt/gz_gui_vendor:/opt/ros/jazzy/opt/gz_transport_vendor:/opt/ros/jazzy/opt/gz_rendering_vendor:/opt/ros/jazzy/opt/gz_plugin_vendor:/opt/ros/jazzy/opt/gz_fuel_tools_vendor:/opt/ros/jazzy/opt/gz_msgs_vendor:/opt/ros/jazzy/opt/gz_common_vendor:/opt/ros/jazzy/opt/gz_math_vendor:/opt/ros/jazzy/opt/gz_utils_vendor:/opt/ros/jazzy/opt/gz_tools_vendor:/opt/ros/jazzy/opt/gz_ogre_next_vendor:/opt/ros/jazzy/opt/gz_dartsim_vendor:/opt/ros/jazzy/opt/gz_cmake_vendor:/opt/ros/jazzy DEBUGINFOD_URLS=https://debuginfod.ubuntu.com LD_LIBRARY_PATH=/home/can/workspaces/fximu_ws/src/install/io_context/lib:/home/can/workspaces/rosrider_ws/install/teleop_twist_joy/lib:/home/can/workspaces/rosrider_ws/install/rosrider_interfaces/lib:/home/can/workspaces/fximu_ws/install/fximu_driver/lib:/home/can/workspaces/fximu_ws/install/io_context/lib:/opt/ros/jazzy/opt/gz_sim_vendor/lib:/opt/ros/jazzy/opt/gz_sensors_vendor/lib:/opt/ros/jazzy/opt/gz_physics_vendor/lib:/opt/ros/jazzy/opt/sdformat_vendor/lib:/opt/ros/jazzy/opt/rviz_ogre_vendor/lib:/opt/ros/jazzy/lib/x86_64-linux-gnu:/opt/ros/jazzy/opt/gz_gui_vendor/lib:/opt/ros/jazzy/opt/gz_transport_vendor/lib:/opt/ros/jazzy/opt/gz_rendering_vendor/lib:/opt/ros/jazzy/opt/gz_plugin_vendor/lib:/opt/ros/jazzy/opt/gz_fuel_tools_vendor/lib:/opt/ros/jazzy/opt/gz_msgs_vendor/lib:/opt/ros/jazzy/opt/gz_common_vendor/lib:/opt/ros/jazzy/opt/gz_math_vendor/lib:/opt/ros/jazzy/opt/gz_utils_vendor/lib:/opt/ros/jazzy/opt/gz_tools_vendor/lib:/opt/ros/jazzy/opt/gz_ogre_next_vendor/lib:/opt/ros/jazzy/opt/gz_dartsim_vendor/lib:/opt/ros/jazzy/opt/gz_cmake_vendor/lib:/opt/ros/jazzy/lib:/usr/local/cuda-12.8/lib64:/usr/local/lib:/usr/local/cuda-12.8/lib64:/usr/local/lib /usr/bin/cmake /home/can/workspaces/fximu_ws/src/fximu_driver -DCMAKE_INSTALL_PREFIX=/home/can/workspaces/fximu_ws/src/install/fximu_driver
[0.067s] -- The C compiler identification is GNU 13.3.0
[0.121s] -- The CXX compiler identification is GNU 13.3.0
[0.137s] -- Detecting C compiler ABI info
[0.228s] -- Detecting C compiler ABI info - done
[0.237s] -- Check for working C compiler: /usr/bin/cc - skipped
[0.237s] -- Detecting C compile features
[0.237s] -- Detecting C compile features - done
[0.247s] -- Detecting CXX compiler ABI info
[0.348s] -- Detecting CXX compiler ABI info - done
[0.359s] -- Check for working CXX compiler: /usr/bin/c++ - skipped
[0.359s] -- Detecting CXX compile features
[0.360s] -- Detecting CXX compile features - done
[0.367s] -- Found ament_cmake_auto: 2.5.4 (/opt/ros/jazzy/share/ament_cmake_auto/cmake)
[0.555s] -- Found Python3: /usr/bin/python3 (found version "3.12.3") found components: Interpreter 
[0.925s] -- Found rosidl_generator_c: 4.6.5 (/opt/ros/jazzy/share/rosidl_generator_c/cmake)
[0.953s] -- Found rosidl_generator_cpp: 4.6.5 (/opt/ros/jazzy/share/rosidl_generator_cpp/cmake)
[0.985s] -- Using all available rosidl_typesupport_c: rosidl_typesupport_fastrtps_c;rosidl_typesupport_introspection_c
[1.019s] -- Using all available rosidl_typesupport_cpp: rosidl_typesupport_fastrtps_cpp;rosidl_typesupport_introspection_cpp
[1.146s] -- Found rmw_implementation_cmake: 7.3.2 (/opt/ros/jazzy/share/rmw_implementation_cmake/cmake)
[1.153s] -- Found rmw_fastrtps_cpp: 8.4.2 (/opt/ros/jazzy/share/rmw_fastrtps_cpp/cmake)
[1.261s] -- Found OpenSSL: /usr/lib/x86_64-linux-gnu/libcrypto.so (found version "3.0.13")  
[1.286s] -- Found FastRTPS: /opt/ros/jazzy/include (Required is at least version "2.13") 
[1.311s] -- Using RMW implementation 'rmw_fastrtps_cpp' as default
[1.464s] -- Found asio_cmake_module: 1.2.0 (/home/can/workspaces/fximu_ws/src/install/asio_cmake_module/share/asio_cmake_module/cmake)
[1.465s] -- Found ASIO: /usr/include  
[1.680s] -- Found ament_lint_auto: 0.17.2 (/opt/ros/jazzy/share/ament_lint_auto/cmake)
[1.743s] -- Found gtest sources under '/opt/ros/jazzy/src/gtest_vendor': C++ tests using 'Google Test' will be built
[1.746s] -- Performing Test CMAKE_HAVE_LIBC_PTHREAD
[1.848s] -- Performing Test CMAKE_HAVE_LIBC_PTHREAD - Success
[1.849s] -- Found Threads: TRUE  
[1.864s] -- Added test 'copyright' to check source files copyright and LICENSE
[1.867s] -- Added test 'cppcheck' to perform static code analysis on C / C++ code
[1.868s] -- Configured cppcheck include dirs: /home/can/workspaces/fximu_ws/src/fximu_driver/include
[1.868s] -- Configured cppcheck exclude dirs and/or files: 
[1.871s] -- Added test 'cpplint' to check C / C++ code against the Google style
[1.872s] -- Configured cpplint exclude dirs and/or files: 
[1.873s] -- Added test 'flake8' to check Python code syntax and style conventions
[1.873s] -- Configured 'flake8' exclude dirs and/or files: 
[1.875s] -- Added test 'lint_cmake' to check CMake code style
[1.876s] -- Added test 'pep257' to check Python code against some of the docstring style conventions in PEP 257
[1.880s] -- Added test 'uncrustify' to check C / C++ code style
[1.880s] -- Configured uncrustify additional arguments: 
[1.881s] -- Added test 'xmllint' to check XML markup files
[1.887s] -- Configuring done (1.9s)
[1.995s] -- Generating done (0.1s)
[2.011s] -- Build files have been written to: /home/can/workspaces/fximu_ws/src/build/fximu_driver
[2.026s] Invoked command in '/home/can/workspaces/fximu_ws/src/build/fximu_driver' returned '0': AMENT_PREFIX_PATH=/home/can/workspaces/fximu_ws/src/install/io_context:/home/can/workspaces/fximu_ws/src/install/asio_cmake_module:${AMENT_PREFIX_PATH} CMAKE_PREFIX_PATH=/home/can/workspaces/fximu_ws/src/install/io_context:/home/can/workspaces/fximu_ws/src/install/asio_cmake_module:/home/can/workspaces/rosrider_ws/install/teleop_twist_joy:/home/can/workspaces/rosrider_ws/install/rosrider:/home/can/workspaces/rosrider_ws/install/rosrider_node:/home/can/workspaces/rosrider_ws/install/rosrider_navigation2:/home/can/workspaces/rosrider_ws/install/rosrider_interfaces:/home/can/workspaces/rosrider_ws/install/rosrider_image:/home/can/workspaces/rosrider_ws/install/rosrider_gz_bringup:/home/can/workspaces/rosrider_ws/install/rosrider_gz_gazebo:/home/can/workspaces/rosrider_ws/install/rosrider_gz_description:/home/can/workspaces/rosrider_ws/install/rosrider_gz_app:/home/can/workspaces/rosrider_ws/install/rosrider_description:/home/can/workspaces/rosrider_ws/install/rosrider_cartographer:/home/can/workspaces/rosrider_ws/install/cappa_gz:/home/can/workspaces/fximu_ws/install/fximu_driver:/home/can/workspaces/fximu_ws/install/io_context:/home/can/workspaces/fximu_ws/install/asio_cmake_module:/opt/ros/jazzy/opt/gz_sim_vendor:/opt/ros/jazzy/opt/gz_sensors_vendor:/opt/ros/jazzy/opt/gz_physics_vendor:/opt/ros/jazzy/opt/sdformat_vendor:/opt/ros/jazzy/opt/gz_gui_vendor:/opt/ros/jazzy/opt/gz_transport_vendor:/opt/ros/jazzy/opt/gz_rendering_vendor:/opt/ros/jazzy/opt/gz_plugin_vendor:/opt/ros/jazzy/opt/gz_fuel_tools_vendor:/opt/ros/jazzy/opt/gz_msgs_vendor:/opt/ros/jazzy/opt/gz_common_vendor:/opt/ros/jazzy/opt/gz_math_vendor:/opt/ros/jazzy/opt/gz_utils_vendor:/opt/ros/jazzy/opt/gz_tools_vendor:/opt/ros/jazzy/opt/gz_ogre_next_vendor:/opt/ros/jazzy/opt/gz_dartsim_vendor:/opt/ros/jazzy/opt/gz_cmake_vendor:/opt/ros/jazzy DEBUGINFOD_URLS=https://debuginfod.ubuntu.com LD_LIBRARY_PATH=/home/can/workspaces/fximu_ws/src/install/io_context/lib:/home/can/workspaces/rosrider_ws/install/teleop_twist_joy/lib:/home/can/workspaces/rosrider_ws/install/rosrider_interfaces/lib:/home/can/workspaces/fximu_ws/install/fximu_driver/lib:/home/can/workspaces/fximu_ws/install/io_context/lib:/opt/ros/jazzy/opt/gz_sim_vendor/lib:/opt/ros/jazzy/opt/gz_sensors_vendor/lib:/opt/ros/jazzy/opt/gz_physics_vendor/lib:/opt/ros/jazzy/opt/sdformat_vendor/lib:/opt/ros/jazzy/opt/rviz_ogre_vendor/lib:/opt/ros/jazzy/lib/x86_64-linux-gnu:/opt/ros/jazzy/opt/gz_gui_vendor/lib:/opt/ros/jazzy/opt/gz_transport_vendor/lib:/opt/ros/jazzy/opt/gz_rendering_vendor/lib:/opt/ros/jazzy/opt/gz_plugin_vendor/lib:/opt/ros/jazzy/opt/gz_fuel_tools_vendor/lib:/opt/ros/jazzy/opt/gz_msgs_vendor/lib:/opt/ros/jazzy/opt/gz_common_vendor/lib:/opt/ros/jazzy/opt/gz_math_vendor/lib:/opt/ros/jazzy/opt/gz_utils_vendor/lib:/opt/ros/jazzy/opt/gz_tools_vendor/lib:/opt/ros/jazzy/opt/gz_ogre_next_vendor/lib:/opt/ros/jazzy/opt/gz_dartsim_vendor/lib:/opt/ros/jazzy/opt/gz_cmake_vendor/lib:/opt/ros/jazzy/lib:/usr/local/cuda-12.8/lib64:/usr/local/lib:/usr/local/cuda-12.8/lib64:/usr/local/lib /usr/bin/cmake /home/can/workspaces/fximu_ws/src/fximu_driver -DCMAKE_INSTALL_PREFIX=/home/can/workspaces/fximu_ws/src/install/fximu_driver
[2.027s] Invoking command in '/home/can/workspaces/fximu_ws/src/build/fximu_driver': AMENT_PREFIX_PATH=/home/can/workspaces/fximu_ws/src/install/io_context:/home/can/workspaces/fximu_ws/src/install/asio_cmake_module:${AMENT_PREFIX_PATH} CMAKE_PREFIX_PATH=/home/can/workspaces/fximu_ws/src/install/io_context:/home/can/workspaces/fximu_ws/src/install/asio_cmake_module:/home/can/workspaces/rosrider_ws/install/teleop_twist_joy:/home/can/workspaces/rosrider_ws/install/rosrider:/home/can/workspaces/rosrider_ws/install/rosrider_node:/home/can/workspaces/rosrider_ws/install/rosrider_navigation2:/home/can/workspaces/rosrider_ws/install/rosrider_interfaces:/home/can/workspaces/rosrider_ws/install/rosrider_image:/home/can/workspaces/rosrider_ws/install/rosrider_gz_bringup:/home/can/workspaces/rosrider_ws/install/rosrider_gz_gazebo:/home/can/workspaces/rosrider_ws/install/rosrider_gz_description:/home/can/workspaces/rosrider_ws/install/rosrider_gz_app:/home/can/workspaces/rosrider_ws/install/rosrider_description:/home/can/workspaces/rosrider_ws/install/rosrider_cartographer:/home/can/workspaces/rosrider_ws/install/cappa_gz:/home/can/workspaces/fximu_ws/install/fximu_driver:/home/can/workspaces/fximu_ws/install/io_context:/home/can/workspaces/fximu_ws/install/asio_cmake_module:/opt/ros/jazzy/opt/gz_sim_vendor:/opt/ros/jazzy/opt/gz_sensors_vendor:/opt/ros/jazzy/opt/gz_physics_vendor:/opt/ros/jazzy/opt/sdformat_vendor:/opt/ros/jazzy/opt/gz_gui_vendor:/opt/ros/jazzy/opt/gz_transport_vendor:/opt/ros/jazzy/opt/gz_rendering_vendor:/opt/ros/jazzy/opt/gz_plugin_vendor:/opt/ros/jazzy/opt/gz_fuel_tools_vendor:/opt/ros/jazzy/opt/gz_msgs_vendor:/opt/ros/jazzy/opt/gz_common_vendor:/opt/ros/jazzy/opt/gz_math_vendor:/opt/ros/jazzy/opt/gz_utils_vendor:/opt/ros/jazzy/opt/gz_tools_vendor:/opt/ros/jazzy/opt/gz_ogre_next_vendor:/opt/ros/jazzy/opt/gz_dartsim_vendor:/opt/ros/jazzy/opt/gz_cmake_vendor:/opt/ros/jazzy DEBUGINFOD_URLS=https://debuginfod.ubuntu.com LD_LIBRARY_PATH=/home/can/workspaces/fximu_ws/src/install/io_context/lib:/home/can/workspaces/rosrider_ws/install/teleop_twist_joy/lib:/home/can/workspaces/rosrider_ws/install/rosrider_interfaces/lib:/home/can/workspaces/fximu_ws/install/fximu_driver/lib:/home/can/workspaces/fximu_ws/install/io_context/lib:/opt/ros/jazzy/opt/gz_sim_vendor/lib:/opt/ros/jazzy/opt/gz_sensors_vendor/lib:/opt/ros/jazzy/opt/gz_physics_vendor/lib:/opt/ros/jazzy/opt/sdformat_vendor/lib:/opt/ros/jazzy/opt/rviz_ogre_vendor/lib:/opt/ros/jazzy/lib/x86_64-linux-gnu:/opt/ros/jazzy/opt/gz_gui_vendor/lib:/opt/ros/jazzy/opt/gz_transport_vendor/lib:/opt/ros/jazzy/opt/gz_rendering_vendor/lib:/opt/ros/jazzy/opt/gz_plugin_vendor/lib:/opt/ros/jazzy/opt/gz_fuel_tools_vendor/lib:/opt/ros/jazzy/opt/gz_msgs_vendor/lib:/opt/ros/jazzy/opt/gz_common_vendor/lib:/opt/ros/jazzy/opt/gz_math_vendor/lib:/opt/ros/jazzy/opt/gz_utils_vendor/lib:/opt/ros/jazzy/opt/gz_tools_vendor/lib:/opt/ros/jazzy/opt/gz_ogre_next_vendor/lib:/opt/ros/jazzy/opt/gz_dartsim_vendor/lib:/opt/ros/jazzy/opt/gz_cmake_vendor/lib:/opt/ros/jazzy/lib:/usr/local/cuda-12.8/lib64:/usr/local/lib:/usr/local/cuda-12.8/lib64:/usr/local/lib /usr/bin/cmake --build /home/can/workspaces/fximu_ws/src/build/fximu_driver -- -j12 -l12
[2.104s] [  6%] [32mBuilding CXX object gtest/CMakeFiles/gtest.dir/src/gtest-all.cc.o[0m
[2.104s] [ 13%] [32mBuilding CXX object CMakeFiles/fximu_node.dir/rclcpp_components/node_main_fximu_node.cpp.o[0m
[2.105s] [ 20%] [32mBuilding CXX object gtest/CMakeFiles/gtest_main.dir/src/gtest_main.cc.o[0m
[2.106s] [ 26%] [32mBuilding CXX object CMakeFiles/fximu_driver.dir/src/fximu_driver.cpp.o[0m
[2.106s] [ 33%] [32mBuilding CXX object CMakeFiles/fximu_driver.dir/src/serial_port.cpp.o[0m
[3.263s] [ 40%] [32m[1mLinking CXX static library libgtest_main.a[0m
[3.346s] [ 40%] Built target gtest_main
[4.953s] [ 46%] [32m[1mLinking CXX shared library libfximu_driver.so[0m
[5.132s] [ 46%] Built target fximu_driver
[5.158s] [ 53%] [32mBuilding CXX object CMakeFiles/fximu_driver_nodes.dir/src/fximu_node.cpp.o[0m
[5.639s] [ 60%] [32m[1mLinking CXX executable fximu_node[0m
[5.771s] [ 60%] Built target fximu_node
[6.255s] [ 66%] [32m[1mLinking CXX static library libgtest.a[0m
[6.344s] [ 66%] Built target gtest
[6.370s] [ 80%] [32mBuilding CXX object CMakeFiles/test_serial_driver.dir/test/test_serial_driver.cpp.o[0m
[6.370s] [ 80%] [32mBuilding CXX object CMakeFiles/test_serial_port.dir/test/test_serial_port.cpp.o[0m
[8.396s] [ 86%] [32m[1mLinking CXX executable test_serial_driver[0m
[8.484s] [ 93%] [32m[1mLinking CXX executable test_serial_port[0m
[8.737s] [ 93%] Built target test_serial_driver
[8.884s] [ 93%] Built target test_serial_port
[11.884s] [100%] [32m[1mLinking CXX shared library libfximu_driver_nodes.so[0m
[12.175s] [100%] Built target fximu_driver_nodes
[12.188s] Invoked command in '/home/can/workspaces/fximu_ws/src/build/fximu_driver' returned '0': AMENT_PREFIX_PATH=/home/can/workspaces/fximu_ws/src/install/io_context:/home/can/workspaces/fximu_ws/src/install/asio_cmake_module:${AMENT_PREFIX_PATH} CMAKE_PREFIX_PATH=/home/can/workspaces/fximu_ws/src/install/io_context:/home/can/workspaces/fximu_ws/src/install/asio_cmake_module:/home/can/workspaces/rosrider_ws/install/teleop_twist_joy:/home/can/workspaces/rosrider_ws/install/rosrider:/home/can/workspaces/rosrider_ws/install/rosrider_node:/home/can/workspaces/rosrider_ws/install/rosrider_navigation2:/home/can/workspaces/rosrider_ws/install/rosrider_interfaces:/home/can/workspaces/rosrider_ws/install/rosrider_image:/home/can/workspaces/rosrider_ws/install/rosrider_gz_bringup:/home/can/workspaces/rosrider_ws/install/rosrider_gz_gazebo:/home/can/workspaces/rosrider_ws/install/rosrider_gz_description:/home/can/workspaces/rosrider_ws/install/rosrider_gz_app:/home/can/workspaces/rosrider_ws/install/rosrider_description:/home/can/workspaces/rosrider_ws/install/rosrider_cartographer:/home/can/workspaces/rosrider_ws/install/cappa_gz:/home/can/workspaces/fximu_ws/install/fximu_driver:/home/can/workspaces/fximu_ws/install/io_context:/home/can/workspaces/fximu_ws/install/asio_cmake_module:/opt/ros/jazzy/opt/gz_sim_vendor:/opt/ros/jazzy/opt/gz_sensors_vendor:/opt/ros/jazzy/opt/gz_physics_vendor:/opt/ros/jazzy/opt/sdformat_vendor:/opt/ros/jazzy/opt/gz_gui_vendor:/opt/ros/jazzy/opt/gz_transport_vendor:/opt/ros/jazzy/opt/gz_rendering_vendor:/opt/ros/jazzy/opt/gz_plugin_vendor:/opt/ros/jazzy/opt/gz_fuel_tools_vendor:/opt/ros/jazzy/opt/gz_msgs_vendor:/opt/ros/jazzy/opt/gz_common_vendor:/opt/ros/jazzy/opt/gz_math_vendor:/opt/ros/jazzy/opt/gz_utils_vendor:/opt/ros/jazzy/opt/gz_tools_vendor:/opt/ros/jazzy/opt/gz_ogre_next_vendor:/opt/ros/jazzy/opt/gz_dartsim_vendor:/opt/ros/jazzy/opt/gz_cmake_vendor:/opt/ros/jazzy DEBUGINFOD_URLS=https://debuginfod.ubuntu.com LD_LIBRARY_PATH=/home/can/workspaces/fximu_ws/src/install/io_context/lib:/home/can/workspaces/rosrider_ws/install/teleop_twist_joy/lib:/home/can/workspaces/rosrider_ws/install/rosrider_interfaces/lib:/home/can/workspaces/fximu_ws/install/fximu_driver/lib:/home/can/workspaces/fximu_ws/install/io_context/lib:/opt/ros/jazzy/opt/gz_sim_vendor/lib:/opt/ros/jazzy/opt/gz_sensors_vendor/lib:/opt/ros/jazzy/opt/gz_physics_vendor/lib:/opt/ros/jazzy/opt/sdformat_vendor/lib:/opt/ros/jazzy/opt/rviz_ogre_vendor/lib:/opt/ros/jazzy/lib/x86_64-linux-gnu:/opt/ros/jazzy/opt/gz_gui_vendor/lib:/opt/ros/jazzy/opt/gz_transport_vendor/lib:/opt/ros/jazzy/opt/gz_rendering_vendor/lib:/opt/ros/jazzy/opt/gz_plugin_vendor/lib:/opt/ros/jazzy/opt/gz_fuel_tools_vendor/lib:/opt/ros/jazzy/opt/gz_msgs_vendor/lib:/opt/ros/jazzy/opt/gz_common_vendor/lib:/opt/ros/jazzy/opt/gz_math_vendor/lib:/opt/ros/jazzy/opt/gz_utils_vendor/lib:/opt/ros/jazzy/opt/gz_tools_vendor/lib:/opt/ros/jazzy/opt/gz_ogre_next_vendor/lib:/opt/ros/jazzy/opt/gz_dartsim_vendor/lib:/opt/ros/jazzy/opt/gz_cmake_vendor/lib:/opt/ros/jazzy/lib:/usr/local/cuda-12.8/lib64:/usr/local/lib:/usr/local/cuda-12.8/lib64:/usr/local/lib /usr/bin/cmake --build /home/can/workspaces/fximu_ws/src/build/fximu_driver -- -j12 -l12
[12.189s] Invoking command in '/home/can/workspaces/fximu_ws/src/build/fximu_driver': AMENT_PREFIX_PATH=/home/can/workspaces/fximu_ws/src/install/io_context:/home/can/workspaces/fximu_ws/src/install/asio_cmake_module:${AMENT_PREFIX_PATH} CMAKE_PREFIX_PATH=/home/can/workspaces/fximu_ws/src/install/io_context:/home/can/workspaces/fximu_ws/src/install/asio_cmake_module:/home/can/workspaces/rosrider_ws/install/teleop_twist_joy:/home/can/workspaces/rosrider_ws/install/rosrider:/home/can/workspaces/rosrider_ws/install/rosrider_node:/home/can/workspaces/rosrider_ws/install/rosrider_navigation2:/home/can/workspaces/rosrider_ws/install/rosrider_interfaces:/home/can/workspaces/rosrider_ws/install/rosrider_image:/home/can/workspaces/rosrider_ws/install/rosrider_gz_bringup:/home/can/workspaces/rosrider_ws/install/rosrider_gz_gazebo:/home/can/workspaces/rosrider_ws/install/rosrider_gz_description:/home/can/workspaces/rosrider_ws/install/rosrider_gz_app:/home/can/workspaces/rosrider_ws/install/rosrider_description:/home/can/workspaces/rosrider_ws/install/rosrider_cartographer:/home/can/workspaces/rosrider_ws/install/cappa_gz:/home/can/workspaces/fximu_ws/install/fximu_driver:/home/can/workspaces/fximu_ws/install/io_context:/home/can/workspaces/fximu_ws/install/asio_cmake_module:/opt/ros/jazzy/opt/gz_sim_vendor:/opt/ros/jazzy/opt/gz_sensors_vendor:/opt/ros/jazzy/opt/gz_physics_vendor:/opt/ros/jazzy/opt/sdformat_vendor:/opt/ros/jazzy/opt/gz_gui_vendor:/opt/ros/jazzy/opt/gz_transport_vendor:/opt/ros/jazzy/opt/gz_rendering_vendor:/opt/ros/jazzy/opt/gz_plugin_vendor:/opt/ros/jazzy/opt/gz_fuel_tools_vendor:/opt/ros/jazzy/opt/gz_msgs_vendor:/opt/ros/jazzy/opt/gz_common_vendor:/opt/ros/jazzy/opt/gz_math_vendor:/opt/ros/jazzy/opt/gz_utils_vendor:/opt/ros/jazzy/opt/gz_tools_vendor:/opt/ros/jazzy/opt/gz_ogre_next_vendor:/opt/ros/jazzy/opt/gz_dartsim_vendor:/opt/ros/jazzy/opt/gz_cmake_vendor:/opt/ros/jazzy DEBUGINFOD_URLS=https://debuginfod.ubuntu.com LD_LIBRARY_PATH=/home/can/workspaces/fximu_ws/src/install/io_context/lib:/home/can/workspaces/rosrider_ws/install/teleop_twist_joy/lib:/home/can/workspaces/rosrider_ws/install/rosrider_interfaces/lib:/home/can/workspaces/fximu_ws/install/fximu_driver/lib:/home/can/workspaces/fximu_ws/install/io_context/lib:/opt/ros/jazzy/opt/gz_sim_vendor/lib:/opt/ros/jazzy/opt/gz_sensors_vendor/lib:/opt/ros/jazzy/opt/gz_physics_vendor/lib:/opt/ros/jazzy/opt/sdformat_vendor/lib:/opt/ros/jazzy/opt/rviz_ogre_vendor/lib:/opt/ros/jazzy/lib/x86_64-linux-gnu:/opt/ros/jazzy/opt/gz_gui_vendor/lib:/opt/ros/jazzy/opt/gz_transport_vendor/lib:/opt/ros/jazzy/opt/gz_rendering_vendor/lib:/opt/ros/jazzy/opt/gz_plugin_vendor/lib:/opt/ros/jazzy/opt/gz_fuel_tools_vendor/lib:/opt/ros/jazzy/opt/gz_msgs_vendor/lib:/opt/ros/jazzy/opt/gz_common_vendor/lib:/opt/ros/jazzy/opt/gz_math_vendor/lib:/opt/ros/jazzy/opt/gz_utils_vendor/lib:/opt/ros/jazzy/opt/gz_tools_vendor/lib:/opt/ros/jazzy/opt/gz_ogre_next_vendor/lib:/opt/ros/jazzy/opt/gz_dartsim_vendor/lib:/opt/ros/jazzy/opt/gz_cmake_vendor/lib:/opt/ros/jazzy/lib:/usr/local/cuda-12.8/lib64:/usr/local/lib:/usr/local/cuda-12.8/lib64:/usr/local/lib /usr/bin/cmake --install /home/can/workspaces/fximu_ws/src/build/fximu_driver
[12.198s] -- Install configuration: ""
[12.199s] -- Installing: /home/can/workspaces/fximu_ws/src/install/fximu_driver/lib/fximu_driver/fximu_node
[12.199s] -- Set non-toolchain portion of runtime path of "/home/can/workspaces/fximu_ws/src/install/fximu_driver/lib/fximu_driver/fximu_node" to ""
[12.199s] -- Installing: /home/can/workspaces/fximu_ws/src/install/fximu_driver/include/fximu_driver
[12.200s] -- Installing: /home/can/workspaces/fximu_ws/src/install/fximu_driver/include/fximu_driver/fximu_driver
[12.200s] -- Installing: /home/can/workspaces/fximu_ws/src/install/fximu_driver/include/fximu_driver/fximu_driver/util.h
[12.200s] -- Installing: /home/can/workspaces/fximu_ws/src/install/fximu_driver/include/fximu_driver/fximu_driver/parameters.h
[12.200s] -- Installing: /home/can/workspaces/fximu_ws/src/install/fximu_driver/include/fximu_driver/fximu_driver/visibility_control.hpp
[12.200s] -- Installing: /home/can/workspaces/fximu_ws/src/install/fximu_driver/include/fximu_driver/fximu_driver/adaptive_filter_stddev.h
[12.200s] -- Installing: /home/can/workspaces/fximu_ws/src/install/fximu_driver/include/fximu_driver/fximu_driver/adaptive_filter.h
[12.200s] -- Installing: /home/can/workspaces/fximu_ws/src/install/fximu_driver/include/fximu_driver/fximu_driver/fximu_driver.hpp
[12.200s] -- Installing: /home/can/workspaces/fximu_ws/src/install/fximu_driver/include/fximu_driver/fximu_driver/serial_port.hpp
[12.201s] -- Installing: /home/can/workspaces/fximu_ws/src/install/fximu_driver/include/fximu_driver/fximu_driver/fximu_node.hpp
[12.201s] -- Installing: /home/can/workspaces/fximu_ws/src/install/fximu_driver/share/fximu_driver/environment/library_path.sh
[12.201s] -- Installing: /home/can/workspaces/fximu_ws/src/install/fximu_driver/share/fximu_driver/environment/library_path.dsv
[12.201s] -- Installing: /home/can/workspaces/fximu_ws/src/install/fximu_driver/lib/libfximu_driver.so
[12.202s] -- Set non-toolchain portion of runtime path of "/home/can/workspaces/fximu_ws/src/install/fximu_driver/lib/libfximu_driver.so" to ""
[12.202s] -- Installing: /home/can/workspaces/fximu_ws/src/install/fximu_driver/lib/libfximu_driver_nodes.so
[12.204s] -- Set non-toolchain portion of runtime path of "/home/can/workspaces/fximu_ws/src/install/fximu_driver/lib/libfximu_driver_nodes.so" to ""
[12.204s] -- Installing: /home/can/workspaces/fximu_ws/src/install/fximu_driver/share/fximu_driver/launch
[12.204s] -- Installing: /home/can/workspaces/fximu_ws/src/install/fximu_driver/share/fximu_driver/launch/fximu_node.launch.py
[12.205s] -- Installing: /home/can/workspaces/fximu_ws/src/install/fximu_driver/share/fximu_driver/params
[12.205s] -- Installing: /home/can/workspaces/fximu_ws/src/install/fximu_driver/share/fximu_driver/params/fximu.yaml
[12.205s] -- Installing: /home/can/workspaces/fximu_ws/src/install/fximu_driver/share/ament_index/resource_index/package_run_dependencies/fximu_driver
[12.205s] -- Installing: /home/can/workspaces/fximu_ws/src/install/fximu_driver/share/ament_index/resource_index/parent_prefix_path/fximu_driver
[12.205s] -- Installing: /home/can/workspaces/fximu_ws/src/install/fximu_driver/share/fximu_driver/environment/ament_prefix_path.sh
[12.205s] -- Installing: /home/can/workspaces/fximu_ws/src/install/fximu_driver/share/fximu_driver/environment/ament_prefix_path.dsv
[12.206s] -- Installing: /home/can/workspaces/fximu_ws/src/install/fximu_driver/share/fximu_driver/environment/path.sh
[12.206s] -- Installing: /home/can/workspaces/fximu_ws/src/install/fximu_driver/share/fximu_driver/environment/path.dsv
[12.206s] -- Installing: /home/can/workspaces/fximu_ws/src/install/fximu_driver/share/fximu_driver/local_setup.bash
[12.206s] -- Installing: /home/can/workspaces/fximu_ws/src/install/fximu_driver/share/fximu_driver/local_setup.sh
[12.206s] -- Installing: /home/can/workspaces/fximu_ws/src/install/fximu_driver/share/fximu_driver/local_setup.zsh
[12.206s] -- Installing: /home/can/workspaces/fximu_ws/src/install/fximu_driver/share/fximu_driver/local_setup.dsv
[12.207s] -- Installing: /home/can/workspaces/fximu_ws/src/install/fximu_driver/share/fximu_driver/package.dsv
[12.207s] -- Installing: /home/can/workspaces/fximu_ws/src/install/fximu_driver/share/ament_index/resource_index/packages/fximu_driver
[12.207s] -- Installing: /home/can/workspaces/fximu_ws/src/install/fximu_driver/share/ament_index/resource_index/rclcpp_components/fximu_driver
[12.207s] -- Installing: /home/can/workspaces/fximu_ws/src/install/fximu_driver/share/fximu_driver/cmake/ament_cmake_export_dependencies-extras.cmake
[12.207s] -- Installing: /home/can/workspaces/fximu_ws/src/install/fximu_driver/share/fximu_driver/cmake/ament_cmake_export_include_directories-extras.cmake
[12.208s] -- Installing: /home/can/workspaces/fximu_ws/src/install/fximu_driver/share/fximu_driver/cmake/ament_cmake_export_libraries-extras.cmake
[12.208s] -- Installing: /home/can/workspaces/fximu_ws/src/install/fximu_driver/share/fximu_driver/cmake/fximu_driver-extras.cmake
[12.208s] -- Installing: /home/can/workspaces/fximu_ws/src/install/fximu_driver/share/fximu_driver/cmake/fximu_driverConfig.cmake
[12.208s] -- Installing: /home/can/workspaces/fximu_ws/src/install/fximu_driver/share/fximu_driver/cmake/fximu_driverConfig-version.cmake
[12.208s] -- Installing: /home/can/workspaces/fximu_ws/src/install/fximu_driver/share/fximu_driver/package.xml
[12.210s] Invoked command in '/home/can/workspaces/fximu_ws/src/build/fximu_driver' returned '0': AMENT_PREFIX_PATH=/home/can/workspaces/fximu_ws/src/install/io_context:/home/can/workspaces/fximu_ws/src/install/asio_cmake_module:${AMENT_PREFIX_PATH} CMAKE_PREFIX_PATH=/home/can/workspaces/fximu_ws/src/install/io_context:/home/can/workspaces/fximu_ws/src/install/asio_cmake_module:/home/can/workspaces/rosrider_ws/install/teleop_twist_joy:/home/can/workspaces/rosrider_ws/install/rosrider:/home/can/workspaces/rosrider_ws/install/rosrider_node:/home/can/workspaces/rosrider_ws/install/rosrider_navigation2:/home/can/workspaces/rosrider_ws/install/rosrider_interfaces:/home/can/workspaces/rosrider_ws/install/rosrider_image:/home/can/workspaces/rosrider_ws/install/rosrider_gz_bringup:/home/can/workspaces/rosrider_ws/install/rosrider_gz_gazebo:/home/can/workspaces/rosrider_ws/install/rosrider_gz_description:/home/can/workspaces/rosrider_ws/install/rosrider_gz_app:/home/can/workspaces/rosrider_ws/install/rosrider_description:/home/can/workspaces/rosrider_ws/install/rosrider_cartographer:/home/can/workspaces/rosrider_ws/install/cappa_gz:/home/can/workspaces/fximu_ws/install/fximu_driver:/home/can/workspaces/fximu_ws/install/io_context:/home/can/workspaces/fximu_ws/install/asio_cmake_module:/opt/ros/jazzy/opt/gz_sim_vendor:/opt/ros/jazzy/opt/gz_sensors_vendor:/opt/ros/jazzy/opt/gz_physics_vendor:/opt/ros/jazzy/opt/sdformat_vendor:/opt/ros/jazzy/opt/gz_gui_vendor:/opt/ros/jazzy/opt/gz_transport_vendor:/opt/ros/jazzy/opt/gz_rendering_vendor:/opt/ros/jazzy/opt/gz_plugin_vendor:/opt/ros/jazzy/opt/gz_fuel_tools_vendor:/opt/ros/jazzy/opt/gz_msgs_vendor:/opt/ros/jazzy/opt/gz_common_vendor:/opt/ros/jazzy/opt/gz_math_vendor:/opt/ros/jazzy/opt/gz_utils_vendor:/opt/ros/jazzy/opt/gz_tools_vendor:/opt/ros/jazzy/opt/gz_ogre_next_vendor:/opt/ros/jazzy/opt/gz_dartsim_vendor:/opt/ros/jazzy/opt/gz_cmake_vendor:/opt/ros/jazzy DEBUGINFOD_URLS=https://debuginfod.ubuntu.com LD_LIBRARY_PATH=/home/can/workspaces/fximu_ws/src/install/io_context/lib:/home/can/workspaces/rosrider_ws/install/teleop_twist_joy/lib:/home/can/workspaces/rosrider_ws/install/rosrider_interfaces/lib:/home/can/workspaces/fximu_ws/install/fximu_driver/lib:/home/can/workspaces/fximu_ws/install/io_context/lib:/opt/ros/jazzy/opt/gz_sim_vendor/lib:/opt/ros/jazzy/opt/gz_sensors_vendor/lib:/opt/ros/jazzy/opt/gz_physics_vendor/lib:/opt/ros/jazzy/opt/sdformat_vendor/lib:/opt/ros/jazzy/opt/rviz_ogre_vendor/lib:/opt/ros/jazzy/lib/x86_64-linux-gnu:/opt/ros/jazzy/opt/gz_gui_vendor/lib:/opt/ros/jazzy/opt/gz_transport_vendor/lib:/opt/ros/jazzy/opt/gz_rendering_vendor/lib:/opt/ros/jazzy/opt/gz_plugin_vendor/lib:/opt/ros/jazzy/opt/gz_fuel_tools_vendor/lib:/opt/ros/jazzy/opt/gz_msgs_vendor/lib:/opt/ros/jazzy/opt/gz_common_vendor/lib:/opt/ros/jazzy/opt/gz_math_vendor/lib:/opt/ros/jazzy/opt/gz_utils_vendor/lib:/opt/ros/jazzy/opt/gz_tools_vendor/lib:/opt/ros/jazzy/opt/gz_ogre_next_vendor/lib:/opt/ros/jazzy/opt/gz_dartsim_vendor/lib:/opt/ros/jazzy/opt/gz_cmake_vendor/lib:/opt/ros/jazzy/lib:/usr/local/cuda-12.8/lib64:/usr/local/lib:/usr/local/cuda-12.8/lib64:/usr/local/lib /usr/bin/cmake --install /home/can/workspaces/fximu_ws/src/build/fximu_driver
