-- The C compiler identification is GNU 13.3.0
-- The CXX compiler identification is GNU 13.3.0
-- Detecting C compiler ABI info
-- Detecting C compiler ABI info - done
-- Check for working C compiler: /usr/bin/cc - skipped
-- Detecting C compile features
-- Detecting C compile features - done
-- Detecting CXX compiler ABI info
-- Detecting CXX compiler ABI info - done
-- Check for working CXX compiler: /usr/bin/c++ - skipped
-- Detecting CXX compile features
-- Detecting CXX compile features - done
-- Found ament_cmake: 2.5.4 (/opt/ros/jazzy/share/ament_cmake/cmake)
-- Found Python3: /usr/bin/python3 (found version "3.12.3") found components: Interpreter 
-- Found ament_lint_auto: 0.17.2 (/opt/ros/jazzy/share/ament_lint_auto/cmake)
-- Added test 'copyright' to check source files copyright and LICENSE
-- Added test 'lint_cmake' to check CMake code style
-- Added test 'xmllint' to check XML markup files
-- Configuring done (0.9s)
-- Generating done (0.0s)
-- Build files have been written to: /home/can/workspaces/fximu_ws/src/build/asio_cmake_module
-- Install configuration: ""
-- Installing: /home/can/workspaces/fximu_ws/src/install/asio_cmake_module/share/ament_index/resource_index/package_run_dependencies/asio_cmake_module
-- Installing: /home/can/workspaces/fximu_ws/src/install/asio_cmake_module/share/ament_index/resource_index/parent_prefix_path/asio_cmake_module
-- Installing: /home/can/workspaces/fximu_ws/src/install/asio_cmake_module/share/asio_cmake_module/environment/ament_prefix_path.sh
-- Installing: /home/can/workspaces/fximu_ws/src/install/asio_cmake_module/share/asio_cmake_module/environment/ament_prefix_path.dsv
-- Installing: /home/can/workspaces/fximu_ws/src/install/asio_cmake_module/share/asio_cmake_module/environment/path.sh
-- Installing: /home/can/workspaces/fximu_ws/src/install/asio_cmake_module/share/asio_cmake_module/environment/path.dsv
-- Installing: /home/can/workspaces/fximu_ws/src/install/asio_cmake_module/share/asio_cmake_module/local_setup.bash
-- Installing: /home/can/workspaces/fximu_ws/src/install/asio_cmake_module/share/asio_cmake_module/local_setup.sh
-- Installing: /home/can/workspaces/fximu_ws/src/install/asio_cmake_module/share/asio_cmake_module/local_setup.zsh
-- Installing: /home/can/workspaces/fximu_ws/src/install/asio_cmake_module/share/asio_cmake_module/local_setup.dsv
-- Installing: /home/can/workspaces/fximu_ws/src/install/asio_cmake_module/share/asio_cmake_module/package.dsv
-- Installing: /home/can/workspaces/fximu_ws/src/install/asio_cmake_module/share/ament_index/resource_index/packages/asio_cmake_module
-- Installing: /home/can/workspaces/fximu_ws/src/install/asio_cmake_module/share/asio_cmake_module/cmake/asio_cmake_module-extras.cmake
-- Installing: /home/can/workspaces/fximu_ws/src/install/asio_cmake_module/share/asio_cmake_module/cmake/asio_cmake_moduleConfig.cmake
-- Installing: /home/can/workspaces/fximu_ws/src/install/asio_cmake_module/share/asio_cmake_module/cmake/asio_cmake_moduleConfig-version.cmake
-- Installing: /home/can/workspaces/fximu_ws/src/install/asio_cmake_module/share/asio_cmake_module/package.xml
-- Up-to-date: /home/can/workspaces/fximu_ws/src/install/asio_cmake_module/share/asio_cmake_module/cmake
-- Installing: /home/can/workspaces/fximu_ws/src/install/asio_cmake_module/share/asio_cmake_module/cmake/Modules
-- Installing: /home/can/workspaces/fximu_ws/src/install/asio_cmake_module/share/asio_cmake_module/cmake/Modules/FindASIO.cmake
