-- The C compiler identification is GNU 13.3.0
-- The CXX compiler identification is GNU 13.3.0
-- Detecting C compiler ABI info
-- Detecting C compiler ABI info - done
-- Check for working C compiler: /usr/bin/cc - skipped
-- Detecting C compile features
-- Detecting C compile features - done
-- Detecting CXX compiler ABI info
-- Detecting CXX compiler ABI info - done
-- Check for working CXX compiler: /usr/bin/c++ - skipped
-- Detecting CXX compile features
-- Detecting CXX compile features - done
-- Found ament_cmake_auto: 2.5.4 (/opt/ros/jazzy/share/ament_cmake_auto/cmake)
-- Found Python3: /usr/bin/python3 (found version "3.12.3") found components: Interpreter 
-- Found rosidl_generator_c: 4.6.5 (/opt/ros/jazzy/share/rosidl_generator_c/cmake)
-- Found rosidl_generator_cpp: 4.6.5 (/opt/ros/jazzy/share/rosidl_generator_cpp/cmake)
-- Using all available rosidl_typesupport_c: rosidl_typesupport_fastrtps_c;rosidl_typesupport_introspection_c
-- Using all available rosidl_typesupport_cpp: rosidl_typesupport_fastrtps_cpp;rosidl_typesupport_introspection_cpp
-- Found rmw_implementation_cmake: 7.3.2 (/opt/ros/jazzy/share/rmw_implementation_cmake/cmake)
-- Found rmw_fastrtps_cpp: 8.4.2 (/opt/ros/jazzy/share/rmw_fastrtps_cpp/cmake)
-- Found OpenSSL: /usr/lib/x86_64-linux-gnu/libcrypto.so (found version "3.0.13")  
-- Found FastRTPS: /opt/ros/jazzy/include (Required is at least version "2.13") 
-- Using RMW implementation 'rmw_fastrtps_cpp' as default
-- Found ASIO: /usr/include  
-- Found ament_lint_auto: 0.17.2 (/opt/ros/jazzy/share/ament_lint_auto/cmake)
-- Found gtest sources under '/opt/ros/jazzy/src/gtest_vendor': C++ tests using 'Google Test' will be built
-- Performing Test CMAKE_HAVE_LIBC_PTHREAD
-- Performing Test CMAKE_HAVE_LIBC_PTHREAD - Success
-- Found Threads: TRUE  
-- Added test 'copyright' to check source files copyright and LICENSE
-- Added test 'cppcheck' to perform static code analysis on C / C++ code
-- Configured cppcheck include dirs: /home/can/workspaces/fximu_ws/src/io_context/include
-- Configured cppcheck exclude dirs and/or files: 
-- Added test 'cpplint' to check C / C++ code against the Google style
-- Configured cpplint exclude dirs and/or files: 
-- Added test 'lint_cmake' to check CMake code style
-- Added test 'uncrustify' to check C / C++ code style
-- Configured uncrustify additional arguments: 
-- Added test 'xmllint' to check XML markup files
-- Configuring done (1.6s)
-- Generating done (0.0s)
-- Build files have been written to: /home/can/workspaces/fximu_ws/src/build/io_context
[ 44%] [32mBuilding CXX object gtest/CMakeFiles/gtest.dir/src/gtest-all.cc.o[0m
[ 44%] [32mBuilding CXX object CMakeFiles/io_context.dir/src/io_context.cpp.o[0m
[ 44%] [32mBuilding CXX object CMakeFiles/io_context.dir/src/msg_converters/std_msgs.cpp.o[0m
[ 44%] [32mBuilding CXX object gtest/CMakeFiles/gtest_main.dir/src/gtest_main.cc.o[0m
[ 55%] [32m[1mLinking CXX static library libgtest_main.a[0m
[ 55%] Built target gtest_main
[ 66%] [32m[1mLinking CXX shared library libio_context.so[0m
[ 66%] Built target io_context
[ 77%] [32m[1mLinking CXX static library libgtest.a[0m
[ 77%] Built target gtest
[ 88%] [32mBuilding CXX object CMakeFiles/test_io_context.dir/test/test_io_context.cpp.o[0m
[100%] [32m[1mLinking CXX executable test_io_context[0m
[100%] Built target test_io_context
-- Install configuration: ""
-- Installing: /home/can/workspaces/fximu_ws/src/install/io_context/include/io_context
-- Installing: /home/can/workspaces/fximu_ws/src/install/io_context/include/io_context/io_context
-- Installing: /home/can/workspaces/fximu_ws/src/install/io_context/include/io_context/io_context/common.hpp
-- Installing: /home/can/workspaces/fximu_ws/src/install/io_context/include/io_context/io_context/io_context.hpp
-- Installing: /home/can/workspaces/fximu_ws/src/install/io_context/include/io_context/msg_converters
-- Installing: /home/can/workspaces/fximu_ws/src/install/io_context/include/io_context/msg_converters/converters.hpp
-- Installing: /home/can/workspaces/fximu_ws/src/install/io_context/include/io_context/msg_converters/udp_msgs.hpp
-- Installing: /home/can/workspaces/fximu_ws/src/install/io_context/include/io_context/msg_converters/std_msgs.hpp
-- Installing: /home/can/workspaces/fximu_ws/src/install/io_context/share/io_context/environment/library_path.sh
-- Installing: /home/can/workspaces/fximu_ws/src/install/io_context/share/io_context/environment/library_path.dsv
-- Installing: /home/can/workspaces/fximu_ws/src/install/io_context/lib/libio_context.so
-- Set non-toolchain portion of runtime path of "/home/can/workspaces/fximu_ws/src/install/io_context/lib/libio_context.so" to ""
-- Installing: /home/can/workspaces/fximu_ws/src/install/io_context/share/ament_index/resource_index/package_run_dependencies/io_context
-- Installing: /home/can/workspaces/fximu_ws/src/install/io_context/share/ament_index/resource_index/parent_prefix_path/io_context
-- Installing: /home/can/workspaces/fximu_ws/src/install/io_context/share/io_context/environment/ament_prefix_path.sh
-- Installing: /home/can/workspaces/fximu_ws/src/install/io_context/share/io_context/environment/ament_prefix_path.dsv
-- Installing: /home/can/workspaces/fximu_ws/src/install/io_context/share/io_context/environment/path.sh
-- Installing: /home/can/workspaces/fximu_ws/src/install/io_context/share/io_context/environment/path.dsv
-- Installing: /home/can/workspaces/fximu_ws/src/install/io_context/share/io_context/local_setup.bash
-- Installing: /home/can/workspaces/fximu_ws/src/install/io_context/share/io_context/local_setup.sh
-- Installing: /home/can/workspaces/fximu_ws/src/install/io_context/share/io_context/local_setup.zsh
-- Installing: /home/can/workspaces/fximu_ws/src/install/io_context/share/io_context/local_setup.dsv
-- Installing: /home/can/workspaces/fximu_ws/src/install/io_context/share/io_context/package.dsv
-- Installing: /home/can/workspaces/fximu_ws/src/install/io_context/share/ament_index/resource_index/packages/io_context
-- Installing: /home/can/workspaces/fximu_ws/src/install/io_context/share/io_context/cmake/ament_cmake_export_dependencies-extras.cmake
-- Installing: /home/can/workspaces/fximu_ws/src/install/io_context/share/io_context/cmake/ament_cmake_export_include_directories-extras.cmake
-- Installing: /home/can/workspaces/fximu_ws/src/install/io_context/share/io_context/cmake/ament_cmake_export_libraries-extras.cmake
-- Installing: /home/can/workspaces/fximu_ws/src/install/io_context/share/io_context/cmake/io_context-extras.cmake
-- Installing: /home/can/workspaces/fximu_ws/src/install/io_context/share/io_context/cmake/io_contextConfig.cmake
-- Installing: /home/can/workspaces/fximu_ws/src/install/io_context/share/io_context/cmake/io_contextConfig-version.cmake
-- Installing: /home/can/workspaces/fximu_ws/src/install/io_context/share/io_context/package.xml
