[0.011s] Invoking command in '/home/can/workspaces/fximu_ws/src/build/io_context': AMENT_PREFIX_PATH=/home/can/workspaces/fximu_ws/src/install/asio_cmake_module:${AMENT_PREFIX_PATH} CMAKE_PREFIX_PATH=/home/can/workspaces/fximu_ws/src/install/asio_cmake_module:/home/can/workspaces/rosrider_ws/install/teleop_twist_joy:/home/can/workspaces/rosrider_ws/install/rosrider:/home/can/workspaces/rosrider_ws/install/rosrider_node:/home/can/workspaces/rosrider_ws/install/rosrider_navigation2:/home/can/workspaces/rosrider_ws/install/rosrider_interfaces:/home/can/workspaces/rosrider_ws/install/rosrider_image:/home/can/workspaces/rosrider_ws/install/rosrider_gz_bringup:/home/can/workspaces/rosrider_ws/install/rosrider_gz_gazebo:/home/can/workspaces/rosrider_ws/install/rosrider_gz_description:/home/can/workspaces/rosrider_ws/install/rosrider_gz_app:/home/can/workspaces/rosrider_ws/install/rosrider_description:/home/can/workspaces/rosrider_ws/install/rosrider_cartographer:/home/can/workspaces/rosrider_ws/install/cappa_gz:/home/can/workspaces/fximu_ws/install/fximu_driver:/home/can/workspaces/fximu_ws/install/io_context:/home/can/workspaces/fximu_ws/install/asio_cmake_module:/opt/ros/jazzy/opt/gz_sim_vendor:/opt/ros/jazzy/opt/gz_sensors_vendor:/opt/ros/jazzy/opt/gz_physics_vendor:/opt/ros/jazzy/opt/sdformat_vendor:/opt/ros/jazzy/opt/gz_gui_vendor:/opt/ros/jazzy/opt/gz_transport_vendor:/opt/ros/jazzy/opt/gz_rendering_vendor:/opt/ros/jazzy/opt/gz_plugin_vendor:/opt/ros/jazzy/opt/gz_fuel_tools_vendor:/opt/ros/jazzy/opt/gz_msgs_vendor:/opt/ros/jazzy/opt/gz_common_vendor:/opt/ros/jazzy/opt/gz_math_vendor:/opt/ros/jazzy/opt/gz_utils_vendor:/opt/ros/jazzy/opt/gz_tools_vendor:/opt/ros/jazzy/opt/gz_ogre_next_vendor:/opt/ros/jazzy/opt/gz_dartsim_vendor:/opt/ros/jazzy/opt/gz_cmake_vendor:/opt/ros/jazzy DEBUGINFOD_URLS=https://debuginfod.ubuntu.com /usr/bin/cmake /home/can/workspaces/fximu_ws/src/io_context -DCMAKE_INSTALL_PREFIX=/home/can/workspaces/fximu_ws/src/install/io_context
[0.069s] -- The C compiler identification is GNU 13.3.0
[0.126s] -- The CXX compiler identification is GNU 13.3.0
[0.143s] -- Detecting C compiler ABI info
[0.233s] -- Detecting C compiler ABI info - done
[0.242s] -- Check for working C compiler: /usr/bin/cc - skipped
[0.242s] -- Detecting C compile features
[0.243s] -- Detecting C compile features - done
[0.253s] -- Detecting CXX compiler ABI info
[0.362s] -- Detecting CXX compiler ABI info - done
[0.371s] -- Check for working CXX compiler: /usr/bin/c++ - skipped
[0.372s] -- Detecting CXX compile features
[0.372s] -- Detecting CXX compile features - done
[0.380s] -- Found ament_cmake_auto: 2.5.4 (/opt/ros/jazzy/share/ament_cmake_auto/cmake)
[0.557s] -- Found Python3: /usr/bin/python3 (found version "3.12.3") found components: Interpreter 
[0.895s] -- Found rosidl_generator_c: 4.6.5 (/opt/ros/jazzy/share/rosidl_generator_c/cmake)
[0.921s] -- Found rosidl_generator_cpp: 4.6.5 (/opt/ros/jazzy/share/rosidl_generator_cpp/cmake)
[0.953s] -- Using all available rosidl_typesupport_c: rosidl_typesupport_fastrtps_c;rosidl_typesupport_introspection_c
[0.987s] -- Using all available rosidl_typesupport_cpp: rosidl_typesupport_fastrtps_cpp;rosidl_typesupport_introspection_cpp
[1.113s] -- Found rmw_implementation_cmake: 7.3.2 (/opt/ros/jazzy/share/rmw_implementation_cmake/cmake)
[1.121s] -- Found rmw_fastrtps_cpp: 8.4.2 (/opt/ros/jazzy/share/rmw_fastrtps_cpp/cmake)
[1.239s] -- Found OpenSSL: /usr/lib/x86_64-linux-gnu/libcrypto.so (found version "3.0.13")  
[1.263s] -- Found FastRTPS: /opt/ros/jazzy/include (Required is at least version "2.13") 
[1.292s] -- Using RMW implementation 'rmw_fastrtps_cpp' as default
[1.455s] -- Found ASIO: /usr/include  
[1.463s] -- Found ament_lint_auto: 0.17.2 (/opt/ros/jazzy/share/ament_lint_auto/cmake)
[1.525s] -- Found gtest sources under '/opt/ros/jazzy/src/gtest_vendor': C++ tests using 'Google Test' will be built
[1.529s] -- Performing Test CMAKE_HAVE_LIBC_PTHREAD
[1.624s] -- Performing Test CMAKE_HAVE_LIBC_PTHREAD - Success
[1.625s] -- Found Threads: TRUE  
[1.632s] -- Added test 'copyright' to check source files copyright and LICENSE
[1.635s] -- Added test 'cppcheck' to perform static code analysis on C / C++ code
[1.635s] -- Configured cppcheck include dirs: /home/can/workspaces/fximu_ws/src/io_context/include
[1.635s] -- Configured cppcheck exclude dirs and/or files: 
[1.638s] -- Added test 'cpplint' to check C / C++ code against the Google style
[1.638s] -- Configured cpplint exclude dirs and/or files: 
[1.639s] -- Added test 'lint_cmake' to check CMake code style
[1.642s] -- Added test 'uncrustify' to check C / C++ code style
[1.642s] -- Configured uncrustify additional arguments: 
[1.643s] -- Added test 'xmllint' to check XML markup files
[1.649s] -- Configuring done (1.6s)
[1.666s] -- Generating done (0.0s)
[1.672s] -- Build files have been written to: /home/can/workspaces/fximu_ws/src/build/io_context
[1.682s] Invoked command in '/home/can/workspaces/fximu_ws/src/build/io_context' returned '0': AMENT_PREFIX_PATH=/home/can/workspaces/fximu_ws/src/install/asio_cmake_module:${AMENT_PREFIX_PATH} CMAKE_PREFIX_PATH=/home/can/workspaces/fximu_ws/src/install/asio_cmake_module:/home/can/workspaces/rosrider_ws/install/teleop_twist_joy:/home/can/workspaces/rosrider_ws/install/rosrider:/home/can/workspaces/rosrider_ws/install/rosrider_node:/home/can/workspaces/rosrider_ws/install/rosrider_navigation2:/home/can/workspaces/rosrider_ws/install/rosrider_interfaces:/home/can/workspaces/rosrider_ws/install/rosrider_image:/home/can/workspaces/rosrider_ws/install/rosrider_gz_bringup:/home/can/workspaces/rosrider_ws/install/rosrider_gz_gazebo:/home/can/workspaces/rosrider_ws/install/rosrider_gz_description:/home/can/workspaces/rosrider_ws/install/rosrider_gz_app:/home/can/workspaces/rosrider_ws/install/rosrider_description:/home/can/workspaces/rosrider_ws/install/rosrider_cartographer:/home/can/workspaces/rosrider_ws/install/cappa_gz:/home/can/workspaces/fximu_ws/install/fximu_driver:/home/can/workspaces/fximu_ws/install/io_context:/home/can/workspaces/fximu_ws/install/asio_cmake_module:/opt/ros/jazzy/opt/gz_sim_vendor:/opt/ros/jazzy/opt/gz_sensors_vendor:/opt/ros/jazzy/opt/gz_physics_vendor:/opt/ros/jazzy/opt/sdformat_vendor:/opt/ros/jazzy/opt/gz_gui_vendor:/opt/ros/jazzy/opt/gz_transport_vendor:/opt/ros/jazzy/opt/gz_rendering_vendor:/opt/ros/jazzy/opt/gz_plugin_vendor:/opt/ros/jazzy/opt/gz_fuel_tools_vendor:/opt/ros/jazzy/opt/gz_msgs_vendor:/opt/ros/jazzy/opt/gz_common_vendor:/opt/ros/jazzy/opt/gz_math_vendor:/opt/ros/jazzy/opt/gz_utils_vendor:/opt/ros/jazzy/opt/gz_tools_vendor:/opt/ros/jazzy/opt/gz_ogre_next_vendor:/opt/ros/jazzy/opt/gz_dartsim_vendor:/opt/ros/jazzy/opt/gz_cmake_vendor:/opt/ros/jazzy DEBUGINFOD_URLS=https://debuginfod.ubuntu.com /usr/bin/cmake /home/can/workspaces/fximu_ws/src/io_context -DCMAKE_INSTALL_PREFIX=/home/can/workspaces/fximu_ws/src/install/io_context
[1.683s] Invoking command in '/home/can/workspaces/fximu_ws/src/build/io_context': AMENT_PREFIX_PATH=/home/can/workspaces/fximu_ws/src/install/asio_cmake_module:${AMENT_PREFIX_PATH} CMAKE_PREFIX_PATH=/home/can/workspaces/fximu_ws/src/install/asio_cmake_module:/home/can/workspaces/rosrider_ws/install/teleop_twist_joy:/home/can/workspaces/rosrider_ws/install/rosrider:/home/can/workspaces/rosrider_ws/install/rosrider_node:/home/can/workspaces/rosrider_ws/install/rosrider_navigation2:/home/can/workspaces/rosrider_ws/install/rosrider_interfaces:/home/can/workspaces/rosrider_ws/install/rosrider_image:/home/can/workspaces/rosrider_ws/install/rosrider_gz_bringup:/home/can/workspaces/rosrider_ws/install/rosrider_gz_gazebo:/home/can/workspaces/rosrider_ws/install/rosrider_gz_description:/home/can/workspaces/rosrider_ws/install/rosrider_gz_app:/home/can/workspaces/rosrider_ws/install/rosrider_description:/home/can/workspaces/rosrider_ws/install/rosrider_cartographer:/home/can/workspaces/rosrider_ws/install/cappa_gz:/home/can/workspaces/fximu_ws/install/fximu_driver:/home/can/workspaces/fximu_ws/install/io_context:/home/can/workspaces/fximu_ws/install/asio_cmake_module:/opt/ros/jazzy/opt/gz_sim_vendor:/opt/ros/jazzy/opt/gz_sensors_vendor:/opt/ros/jazzy/opt/gz_physics_vendor:/opt/ros/jazzy/opt/sdformat_vendor:/opt/ros/jazzy/opt/gz_gui_vendor:/opt/ros/jazzy/opt/gz_transport_vendor:/opt/ros/jazzy/opt/gz_rendering_vendor:/opt/ros/jazzy/opt/gz_plugin_vendor:/opt/ros/jazzy/opt/gz_fuel_tools_vendor:/opt/ros/jazzy/opt/gz_msgs_vendor:/opt/ros/jazzy/opt/gz_common_vendor:/opt/ros/jazzy/opt/gz_math_vendor:/opt/ros/jazzy/opt/gz_utils_vendor:/opt/ros/jazzy/opt/gz_tools_vendor:/opt/ros/jazzy/opt/gz_ogre_next_vendor:/opt/ros/jazzy/opt/gz_dartsim_vendor:/opt/ros/jazzy/opt/gz_cmake_vendor:/opt/ros/jazzy DEBUGINFOD_URLS=https://debuginfod.ubuntu.com /usr/bin/cmake --build /home/can/workspaces/fximu_ws/src/build/io_context -- -j12 -l12
[1.744s] [ 44%] [32mBuilding CXX object gtest/CMakeFiles/gtest.dir/src/gtest-all.cc.o[0m
[1.744s] [ 44%] [32mBuilding CXX object CMakeFiles/io_context.dir/src/io_context.cpp.o[0m
[1.744s] [ 44%] [32mBuilding CXX object CMakeFiles/io_context.dir/src/msg_converters/std_msgs.cpp.o[0m
[1.744s] [ 44%] [32mBuilding CXX object gtest/CMakeFiles/gtest_main.dir/src/gtest_main.cc.o[0m
[2.833s] [ 55%] [32m[1mLinking CXX static library libgtest_main.a[0m
[3.160s] [ 55%] Built target gtest_main
[4.529s] [ 66%] [32m[1mLinking CXX shared library libio_context.so[0m
[4.641s] [ 66%] Built target io_context
[6.446s] [ 77%] [32m[1mLinking CXX static library libgtest.a[0m
[6.538s] [ 77%] Built target gtest
[6.561s] [ 88%] [32mBuilding CXX object CMakeFiles/test_io_context.dir/test/test_io_context.cpp.o[0m
[8.608s] [100%] [32m[1mLinking CXX executable test_io_context[0m
[8.781s] [100%] Built target test_io_context
[8.793s] Invoked command in '/home/can/workspaces/fximu_ws/src/build/io_context' returned '0': AMENT_PREFIX_PATH=/home/can/workspaces/fximu_ws/src/install/asio_cmake_module:${AMENT_PREFIX_PATH} CMAKE_PREFIX_PATH=/home/can/workspaces/fximu_ws/src/install/asio_cmake_module:/home/can/workspaces/rosrider_ws/install/teleop_twist_joy:/home/can/workspaces/rosrider_ws/install/rosrider:/home/can/workspaces/rosrider_ws/install/rosrider_node:/home/can/workspaces/rosrider_ws/install/rosrider_navigation2:/home/can/workspaces/rosrider_ws/install/rosrider_interfaces:/home/can/workspaces/rosrider_ws/install/rosrider_image:/home/can/workspaces/rosrider_ws/install/rosrider_gz_bringup:/home/can/workspaces/rosrider_ws/install/rosrider_gz_gazebo:/home/can/workspaces/rosrider_ws/install/rosrider_gz_description:/home/can/workspaces/rosrider_ws/install/rosrider_gz_app:/home/can/workspaces/rosrider_ws/install/rosrider_description:/home/can/workspaces/rosrider_ws/install/rosrider_cartographer:/home/can/workspaces/rosrider_ws/install/cappa_gz:/home/can/workspaces/fximu_ws/install/fximu_driver:/home/can/workspaces/fximu_ws/install/io_context:/home/can/workspaces/fximu_ws/install/asio_cmake_module:/opt/ros/jazzy/opt/gz_sim_vendor:/opt/ros/jazzy/opt/gz_sensors_vendor:/opt/ros/jazzy/opt/gz_physics_vendor:/opt/ros/jazzy/opt/sdformat_vendor:/opt/ros/jazzy/opt/gz_gui_vendor:/opt/ros/jazzy/opt/gz_transport_vendor:/opt/ros/jazzy/opt/gz_rendering_vendor:/opt/ros/jazzy/opt/gz_plugin_vendor:/opt/ros/jazzy/opt/gz_fuel_tools_vendor:/opt/ros/jazzy/opt/gz_msgs_vendor:/opt/ros/jazzy/opt/gz_common_vendor:/opt/ros/jazzy/opt/gz_math_vendor:/opt/ros/jazzy/opt/gz_utils_vendor:/opt/ros/jazzy/opt/gz_tools_vendor:/opt/ros/jazzy/opt/gz_ogre_next_vendor:/opt/ros/jazzy/opt/gz_dartsim_vendor:/opt/ros/jazzy/opt/gz_cmake_vendor:/opt/ros/jazzy DEBUGINFOD_URLS=https://debuginfod.ubuntu.com /usr/bin/cmake --build /home/can/workspaces/fximu_ws/src/build/io_context -- -j12 -l12
[8.794s] Invoking command in '/home/can/workspaces/fximu_ws/src/build/io_context': AMENT_PREFIX_PATH=/home/can/workspaces/fximu_ws/src/install/asio_cmake_module:${AMENT_PREFIX_PATH} CMAKE_PREFIX_PATH=/home/can/workspaces/fximu_ws/src/install/asio_cmake_module:/home/can/workspaces/rosrider_ws/install/teleop_twist_joy:/home/can/workspaces/rosrider_ws/install/rosrider:/home/can/workspaces/rosrider_ws/install/rosrider_node:/home/can/workspaces/rosrider_ws/install/rosrider_navigation2:/home/can/workspaces/rosrider_ws/install/rosrider_interfaces:/home/can/workspaces/rosrider_ws/install/rosrider_image:/home/can/workspaces/rosrider_ws/install/rosrider_gz_bringup:/home/can/workspaces/rosrider_ws/install/rosrider_gz_gazebo:/home/can/workspaces/rosrider_ws/install/rosrider_gz_description:/home/can/workspaces/rosrider_ws/install/rosrider_gz_app:/home/can/workspaces/rosrider_ws/install/rosrider_description:/home/can/workspaces/rosrider_ws/install/rosrider_cartographer:/home/can/workspaces/rosrider_ws/install/cappa_gz:/home/can/workspaces/fximu_ws/install/fximu_driver:/home/can/workspaces/fximu_ws/install/io_context:/home/can/workspaces/fximu_ws/install/asio_cmake_module:/opt/ros/jazzy/opt/gz_sim_vendor:/opt/ros/jazzy/opt/gz_sensors_vendor:/opt/ros/jazzy/opt/gz_physics_vendor:/opt/ros/jazzy/opt/sdformat_vendor:/opt/ros/jazzy/opt/gz_gui_vendor:/opt/ros/jazzy/opt/gz_transport_vendor:/opt/ros/jazzy/opt/gz_rendering_vendor:/opt/ros/jazzy/opt/gz_plugin_vendor:/opt/ros/jazzy/opt/gz_fuel_tools_vendor:/opt/ros/jazzy/opt/gz_msgs_vendor:/opt/ros/jazzy/opt/gz_common_vendor:/opt/ros/jazzy/opt/gz_math_vendor:/opt/ros/jazzy/opt/gz_utils_vendor:/opt/ros/jazzy/opt/gz_tools_vendor:/opt/ros/jazzy/opt/gz_ogre_next_vendor:/opt/ros/jazzy/opt/gz_dartsim_vendor:/opt/ros/jazzy/opt/gz_cmake_vendor:/opt/ros/jazzy DEBUGINFOD_URLS=https://debuginfod.ubuntu.com /usr/bin/cmake --install /home/can/workspaces/fximu_ws/src/build/io_context
[8.803s] -- Install configuration: ""
[8.803s] -- Installing: /home/can/workspaces/fximu_ws/src/install/io_context/include/io_context
[8.803s] -- Installing: /home/can/workspaces/fximu_ws/src/install/io_context/include/io_context/io_context
[8.803s] -- Installing: /home/can/workspaces/fximu_ws/src/install/io_context/include/io_context/io_context/common.hpp
[8.803s] -- Installing: /home/can/workspaces/fximu_ws/src/install/io_context/include/io_context/io_context/io_context.hpp
[8.804s] -- Installing: /home/can/workspaces/fximu_ws/src/install/io_context/include/io_context/msg_converters
[8.804s] -- Installing: /home/can/workspaces/fximu_ws/src/install/io_context/include/io_context/msg_converters/converters.hpp
[8.804s] -- Installing: /home/can/workspaces/fximu_ws/src/install/io_context/include/io_context/msg_converters/udp_msgs.hpp
[8.804s] -- Installing: /home/can/workspaces/fximu_ws/src/install/io_context/include/io_context/msg_converters/std_msgs.hpp
[8.804s] -- Installing: /home/can/workspaces/fximu_ws/src/install/io_context/share/io_context/environment/library_path.sh
[8.804s] -- Installing: /home/can/workspaces/fximu_ws/src/install/io_context/share/io_context/environment/library_path.dsv
[8.805s] -- Installing: /home/can/workspaces/fximu_ws/src/install/io_context/lib/libio_context.so
[8.805s] -- Set non-toolchain portion of runtime path of "/home/can/workspaces/fximu_ws/src/install/io_context/lib/libio_context.so" to ""
[8.805s] -- Installing: /home/can/workspaces/fximu_ws/src/install/io_context/share/ament_index/resource_index/package_run_dependencies/io_context
[8.806s] -- Installing: /home/can/workspaces/fximu_ws/src/install/io_context/share/ament_index/resource_index/parent_prefix_path/io_context
[8.806s] -- Installing: /home/can/workspaces/fximu_ws/src/install/io_context/share/io_context/environment/ament_prefix_path.sh
[8.806s] -- Installing: /home/can/workspaces/fximu_ws/src/install/io_context/share/io_context/environment/ament_prefix_path.dsv
[8.806s] -- Installing: /home/can/workspaces/fximu_ws/src/install/io_context/share/io_context/environment/path.sh
[8.806s] -- Installing: /home/can/workspaces/fximu_ws/src/install/io_context/share/io_context/environment/path.dsv
[8.806s] -- Installing: /home/can/workspaces/fximu_ws/src/install/io_context/share/io_context/local_setup.bash
[8.807s] -- Installing: /home/can/workspaces/fximu_ws/src/install/io_context/share/io_context/local_setup.sh
[8.807s] -- Installing: /home/can/workspaces/fximu_ws/src/install/io_context/share/io_context/local_setup.zsh
[8.807s] -- Installing: /home/can/workspaces/fximu_ws/src/install/io_context/share/io_context/local_setup.dsv
[8.807s] -- Installing: /home/can/workspaces/fximu_ws/src/install/io_context/share/io_context/package.dsv
[8.807s] -- Installing: /home/can/workspaces/fximu_ws/src/install/io_context/share/ament_index/resource_index/packages/io_context
[8.807s] -- Installing: /home/can/workspaces/fximu_ws/src/install/io_context/share/io_context/cmake/ament_cmake_export_dependencies-extras.cmake
[8.808s] -- Installing: /home/can/workspaces/fximu_ws/src/install/io_context/share/io_context/cmake/ament_cmake_export_include_directories-extras.cmake
[8.808s] -- Installing: /home/can/workspaces/fximu_ws/src/install/io_context/share/io_context/cmake/ament_cmake_export_libraries-extras.cmake
[8.808s] -- Installing: /home/can/workspaces/fximu_ws/src/install/io_context/share/io_context/cmake/io_context-extras.cmake
[8.808s] -- Installing: /home/can/workspaces/fximu_ws/src/install/io_context/share/io_context/cmake/io_contextConfig.cmake
[8.809s] -- Installing: /home/can/workspaces/fximu_ws/src/install/io_context/share/io_context/cmake/io_contextConfig-version.cmake
[8.809s] -- Installing: /home/can/workspaces/fximu_ws/src/install/io_context/share/io_context/package.xml
[8.811s] Invoked command in '/home/can/workspaces/fximu_ws/src/build/io_context' returned '0': AMENT_PREFIX_PATH=/home/can/workspaces/fximu_ws/src/install/asio_cmake_module:${AMENT_PREFIX_PATH} CMAKE_PREFIX_PATH=/home/can/workspaces/fximu_ws/src/install/asio_cmake_module:/home/can/workspaces/rosrider_ws/install/teleop_twist_joy:/home/can/workspaces/rosrider_ws/install/rosrider:/home/can/workspaces/rosrider_ws/install/rosrider_node:/home/can/workspaces/rosrider_ws/install/rosrider_navigation2:/home/can/workspaces/rosrider_ws/install/rosrider_interfaces:/home/can/workspaces/rosrider_ws/install/rosrider_image:/home/can/workspaces/rosrider_ws/install/rosrider_gz_bringup:/home/can/workspaces/rosrider_ws/install/rosrider_gz_gazebo:/home/can/workspaces/rosrider_ws/install/rosrider_gz_description:/home/can/workspaces/rosrider_ws/install/rosrider_gz_app:/home/can/workspaces/rosrider_ws/install/rosrider_description:/home/can/workspaces/rosrider_ws/install/rosrider_cartographer:/home/can/workspaces/rosrider_ws/install/cappa_gz:/home/can/workspaces/fximu_ws/install/fximu_driver:/home/can/workspaces/fximu_ws/install/io_context:/home/can/workspaces/fximu_ws/install/asio_cmake_module:/opt/ros/jazzy/opt/gz_sim_vendor:/opt/ros/jazzy/opt/gz_sensors_vendor:/opt/ros/jazzy/opt/gz_physics_vendor:/opt/ros/jazzy/opt/sdformat_vendor:/opt/ros/jazzy/opt/gz_gui_vendor:/opt/ros/jazzy/opt/gz_transport_vendor:/opt/ros/jazzy/opt/gz_rendering_vendor:/opt/ros/jazzy/opt/gz_plugin_vendor:/opt/ros/jazzy/opt/gz_fuel_tools_vendor:/opt/ros/jazzy/opt/gz_msgs_vendor:/opt/ros/jazzy/opt/gz_common_vendor:/opt/ros/jazzy/opt/gz_math_vendor:/opt/ros/jazzy/opt/gz_utils_vendor:/opt/ros/jazzy/opt/gz_tools_vendor:/opt/ros/jazzy/opt/gz_ogre_next_vendor:/opt/ros/jazzy/opt/gz_dartsim_vendor:/opt/ros/jazzy/opt/gz_cmake_vendor:/opt/ros/jazzy DEBUGINFOD_URLS=https://debuginfod.ubuntu.com /usr/bin/cmake --install /home/can/workspaces/fximu_ws/src/build/io_context
