[0.107s] DEBUG:colcon:Command line arguments: ['/usr/bin/colcon', 'build']
[0.107s] DEBUG:colcon:Parsed command line arguments: Namespace(log_base=None, log_level=None, verb_name='build', build_base='build', install_base='install', merge_install=False, symlink_install=False, test_result_base=None, continue_on_error=False, executor='parallel', parallel_workers=12, event_handlers=None, ignore_user_meta=False, metas=['./colcon.meta'], base_paths=['.'], packages_ignore=None, packages_ignore_regex=None, paths=None, packages_up_to=None, packages_up_to_regex=None, packages_above=None, packages_above_and_dependencies=None, packages_above_depth=None, packages_select_by_dep=None, packages_skip_by_dep=None, packages_skip_up_to=None, packages_select_build_failed=False, packages_skip_build_finished=False, packages_select_test_failures=False, packages_skip_test_passed=False, packages_select=None, packages_skip=None, packages_select_regex=None, packages_skip_regex=None, packages_start=None, packages_end=None, allow_overriding=[], cmake_args=None, cmake_target=None, cmake_target_skip_unavailable=False, cmake_clean_cache=False, cmake_clean_first=False, cmake_force_configure=False, ament_cmake_args=None, catkin_cmake_args=None, catkin_skip_building_tests=False, mixin_files=None, mixin=None, verb_parser=<colcon_mixin.mixin.mixin_argument.MixinArgumentDecorator object at 0x7c24b10c83e0>, verb_extension=<colcon_core.verb.build.BuildVerb object at 0x7c24b10abd40>, main=<bound method BuildVerb.main of <colcon_core.verb.build.BuildVerb object at 0x7c24b10abd40>>, mixin_verb=('build',))
[0.142s] Level 1:colcon.colcon_core.package_discovery:discover_packages(colcon_meta) check parameters
[0.142s] Level 1:colcon.colcon_core.package_discovery:discover_packages(recursive) check parameters
[0.142s] Level 1:colcon.colcon_core.package_discovery:discover_packages(ignore) check parameters
[0.142s] Level 1:colcon.colcon_core.package_discovery:discover_packages(path) check parameters
[0.142s] Level 1:colcon.colcon_core.package_discovery:discover_packages(colcon_meta) discover
[0.142s] Level 1:colcon.colcon_core.package_discovery:discover_packages(recursive) discover
[0.142s] INFO:colcon.colcon_core.package_discovery:Crawling recursively for packages in '/home/can/workspaces/fximu_ws/src'
[0.142s] Level 1:colcon.colcon_core.package_identification:_identify(.) by extensions ['ignore', 'ignore_ament_install']
[0.142s] Level 1:colcon.colcon_core.package_identification:_identify(.) by extension 'ignore'
[0.142s] Level 1:colcon.colcon_core.package_identification:_identify(.) by extension 'ignore_ament_install'
[0.142s] Level 1:colcon.colcon_core.package_identification:_identify(.) by extensions ['colcon_pkg']
[0.142s] Level 1:colcon.colcon_core.package_identification:_identify(.) by extension 'colcon_pkg'
[0.142s] Level 1:colcon.colcon_core.package_identification:_identify(.) by extensions ['colcon_meta']
[0.142s] Level 1:colcon.colcon_core.package_identification:_identify(.) by extension 'colcon_meta'
[0.142s] Level 1:colcon.colcon_core.package_identification:_identify(.) by extensions ['ros']
[0.142s] Level 1:colcon.colcon_core.package_identification:_identify(.) by extension 'ros'
[0.165s] Level 1:colcon.colcon_core.package_identification:_identify(.) by extensions ['cmake', 'python']
[0.165s] Level 1:colcon.colcon_core.package_identification:_identify(.) by extension 'cmake'
[0.165s] Level 1:colcon.colcon_core.package_identification:_identify(.) by extension 'python'
[0.165s] Level 1:colcon.colcon_core.package_identification:_identify(.) by extensions ['python_setup_py']
[0.165s] Level 1:colcon.colcon_core.package_identification:_identify(.) by extension 'python_setup_py'
[0.165s] Level 1:colcon.colcon_core.package_identification:_identify(asio_cmake_module) by extensions ['ignore', 'ignore_ament_install']
[0.165s] Level 1:colcon.colcon_core.package_identification:_identify(asio_cmake_module) by extension 'ignore'
[0.165s] Level 1:colcon.colcon_core.package_identification:_identify(asio_cmake_module) by extension 'ignore_ament_install'
[0.165s] Level 1:colcon.colcon_core.package_identification:_identify(asio_cmake_module) by extensions ['colcon_pkg']
[0.165s] Level 1:colcon.colcon_core.package_identification:_identify(asio_cmake_module) by extension 'colcon_pkg'
[0.165s] Level 1:colcon.colcon_core.package_identification:_identify(asio_cmake_module) by extensions ['colcon_meta']
[0.166s] Level 1:colcon.colcon_core.package_identification:_identify(asio_cmake_module) by extension 'colcon_meta'
[0.166s] Level 1:colcon.colcon_core.package_identification:_identify(asio_cmake_module) by extensions ['ros']
[0.166s] Level 1:colcon.colcon_core.package_identification:_identify(asio_cmake_module) by extension 'ros'
[0.167s] DEBUG:colcon.colcon_core.package_identification:Package 'asio_cmake_module' with type 'ros.ament_cmake' and name 'asio_cmake_module'
[0.168s] Level 1:colcon.colcon_core.package_identification:_identify(build) by extensions ['ignore', 'ignore_ament_install']
[0.168s] Level 1:colcon.colcon_core.package_identification:_identify(build) by extension 'ignore'
[0.168s] Level 1:colcon.colcon_core.package_identification:_identify(build) ignored
[0.168s] Level 1:colcon.colcon_core.package_identification:_identify(fximu_driver) by extensions ['ignore', 'ignore_ament_install']
[0.168s] Level 1:colcon.colcon_core.package_identification:_identify(fximu_driver) by extension 'ignore'
[0.168s] Level 1:colcon.colcon_core.package_identification:_identify(fximu_driver) by extension 'ignore_ament_install'
[0.168s] Level 1:colcon.colcon_core.package_identification:_identify(fximu_driver) by extensions ['colcon_pkg']
[0.168s] Level 1:colcon.colcon_core.package_identification:_identify(fximu_driver) by extension 'colcon_pkg'
[0.168s] Level 1:colcon.colcon_core.package_identification:_identify(fximu_driver) by extensions ['colcon_meta']
[0.168s] Level 1:colcon.colcon_core.package_identification:_identify(fximu_driver) by extension 'colcon_meta'
[0.168s] Level 1:colcon.colcon_core.package_identification:_identify(fximu_driver) by extensions ['ros']
[0.168s] Level 1:colcon.colcon_core.package_identification:_identify(fximu_driver) by extension 'ros'
[0.169s] DEBUG:colcon.colcon_core.package_identification:Package 'fximu_driver' with type 'ros.ament_cmake' and name 'fximu_driver'
[0.169s] Level 1:colcon.colcon_core.package_identification:_identify(install) by extensions ['ignore', 'ignore_ament_install']
[0.169s] Level 1:colcon.colcon_core.package_identification:_identify(install) by extension 'ignore'
[0.169s] Level 1:colcon.colcon_core.package_identification:_identify(install) ignored
[0.169s] Level 1:colcon.colcon_core.package_identification:_identify(io_context) by extensions ['ignore', 'ignore_ament_install']
[0.169s] Level 1:colcon.colcon_core.package_identification:_identify(io_context) by extension 'ignore'
[0.169s] Level 1:colcon.colcon_core.package_identification:_identify(io_context) by extension 'ignore_ament_install'
[0.169s] Level 1:colcon.colcon_core.package_identification:_identify(io_context) by extensions ['colcon_pkg']
[0.169s] Level 1:colcon.colcon_core.package_identification:_identify(io_context) by extension 'colcon_pkg'
[0.169s] Level 1:colcon.colcon_core.package_identification:_identify(io_context) by extensions ['colcon_meta']
[0.169s] Level 1:colcon.colcon_core.package_identification:_identify(io_context) by extension 'colcon_meta'
[0.169s] Level 1:colcon.colcon_core.package_identification:_identify(io_context) by extensions ['ros']
[0.170s] Level 1:colcon.colcon_core.package_identification:_identify(io_context) by extension 'ros'
[0.170s] DEBUG:colcon.colcon_core.package_identification:Package 'io_context' with type 'ros.ament_cmake' and name 'io_context'
[0.170s] Level 1:colcon.colcon_core.package_identification:_identify(log) by extensions ['ignore', 'ignore_ament_install']
[0.170s] Level 1:colcon.colcon_core.package_identification:_identify(log) by extension 'ignore'
[0.170s] Level 1:colcon.colcon_core.package_identification:_identify(log) ignored
[0.170s] Level 1:colcon.colcon_core.package_discovery:discover_packages(recursive) using defaults
[0.170s] Level 1:colcon.colcon_core.package_discovery:discover_packages(ignore) discover
[0.170s] Level 1:colcon.colcon_core.package_discovery:discover_packages(ignore) using defaults
[0.170s] Level 1:colcon.colcon_core.package_discovery:discover_packages(path) discover
[0.171s] Level 1:colcon.colcon_core.package_discovery:discover_packages(path) using defaults
[0.186s] Level 1:colcon.colcon_core.package_discovery:discover_packages(prefix_path) check parameters
[0.186s] Level 1:colcon.colcon_core.package_discovery:discover_packages(prefix_path) discover
[0.188s] DEBUG:colcon.colcon_installed_package_information.package_discovery:Found 3 installed packages in /home/can/workspaces/fximu_ws/install
[0.189s] DEBUG:colcon.colcon_installed_package_information.package_discovery:Found 13 installed packages in /home/can/workspaces/rosrider_ws/install
[0.191s] DEBUG:colcon.colcon_installed_package_information.package_discovery:Found 446 installed packages in /opt/ros/jazzy
[0.192s] Level 1:colcon.colcon_core.package_discovery:discover_packages(prefix_path) using defaults
[0.252s] Level 5:colcon.colcon_core.verb:set package 'asio_cmake_module' build argument 'cmake_args' from command line to 'None'
[0.252s] Level 5:colcon.colcon_core.verb:set package 'asio_cmake_module' build argument 'cmake_target' from command line to 'None'
[0.252s] Level 5:colcon.colcon_core.verb:set package 'asio_cmake_module' build argument 'cmake_target_skip_unavailable' from command line to 'False'
[0.252s] Level 5:colcon.colcon_core.verb:set package 'asio_cmake_module' build argument 'cmake_clean_cache' from command line to 'False'
[0.252s] Level 5:colcon.colcon_core.verb:set package 'asio_cmake_module' build argument 'cmake_clean_first' from command line to 'False'
[0.252s] Level 5:colcon.colcon_core.verb:set package 'asio_cmake_module' build argument 'cmake_force_configure' from command line to 'False'
[0.252s] Level 5:colcon.colcon_core.verb:set package 'asio_cmake_module' build argument 'ament_cmake_args' from command line to 'None'
[0.252s] Level 5:colcon.colcon_core.verb:set package 'asio_cmake_module' build argument 'catkin_cmake_args' from command line to 'None'
[0.252s] Level 5:colcon.colcon_core.verb:set package 'asio_cmake_module' build argument 'catkin_skip_building_tests' from command line to 'False'
[0.252s] DEBUG:colcon.colcon_core.verb:Building package 'asio_cmake_module' with the following arguments: {'ament_cmake_args': None, 'build_base': '/home/can/workspaces/fximu_ws/src/build/asio_cmake_module', 'catkin_cmake_args': None, 'catkin_skip_building_tests': False, 'cmake_args': None, 'cmake_clean_cache': False, 'cmake_clean_first': False, 'cmake_force_configure': False, 'cmake_target': None, 'cmake_target_skip_unavailable': False, 'install_base': '/home/can/workspaces/fximu_ws/src/install/asio_cmake_module', 'merge_install': False, 'path': '/home/can/workspaces/fximu_ws/src/asio_cmake_module', 'symlink_install': False, 'test_result_base': None}
[0.252s] Level 5:colcon.colcon_core.verb:set package 'io_context' build argument 'cmake_args' from command line to 'None'
[0.252s] Level 5:colcon.colcon_core.verb:set package 'io_context' build argument 'cmake_target' from command line to 'None'
[0.252s] Level 5:colcon.colcon_core.verb:set package 'io_context' build argument 'cmake_target_skip_unavailable' from command line to 'False'
[0.252s] Level 5:colcon.colcon_core.verb:set package 'io_context' build argument 'cmake_clean_cache' from command line to 'False'
[0.252s] Level 5:colcon.colcon_core.verb:set package 'io_context' build argument 'cmake_clean_first' from command line to 'False'
[0.252s] Level 5:colcon.colcon_core.verb:set package 'io_context' build argument 'cmake_force_configure' from command line to 'False'
[0.252s] Level 5:colcon.colcon_core.verb:set package 'io_context' build argument 'ament_cmake_args' from command line to 'None'
[0.252s] Level 5:colcon.colcon_core.verb:set package 'io_context' build argument 'catkin_cmake_args' from command line to 'None'
[0.252s] Level 5:colcon.colcon_core.verb:set package 'io_context' build argument 'catkin_skip_building_tests' from command line to 'False'
[0.252s] DEBUG:colcon.colcon_core.verb:Building package 'io_context' with the following arguments: {'ament_cmake_args': None, 'build_base': '/home/can/workspaces/fximu_ws/src/build/io_context', 'catkin_cmake_args': None, 'catkin_skip_building_tests': False, 'cmake_args': None, 'cmake_clean_cache': False, 'cmake_clean_first': False, 'cmake_force_configure': False, 'cmake_target': None, 'cmake_target_skip_unavailable': False, 'install_base': '/home/can/workspaces/fximu_ws/src/install/io_context', 'merge_install': False, 'path': '/home/can/workspaces/fximu_ws/src/io_context', 'symlink_install': False, 'test_result_base': None}
[0.253s] Level 5:colcon.colcon_core.verb:set package 'fximu_driver' build argument 'cmake_args' from command line to 'None'
[0.253s] Level 5:colcon.colcon_core.verb:set package 'fximu_driver' build argument 'cmake_target' from command line to 'None'
[0.253s] Level 5:colcon.colcon_core.verb:set package 'fximu_driver' build argument 'cmake_target_skip_unavailable' from command line to 'False'
[0.253s] Level 5:colcon.colcon_core.verb:set package 'fximu_driver' build argument 'cmake_clean_cache' from command line to 'False'
[0.253s] Level 5:colcon.colcon_core.verb:set package 'fximu_driver' build argument 'cmake_clean_first' from command line to 'False'
[0.253s] Level 5:colcon.colcon_core.verb:set package 'fximu_driver' build argument 'cmake_force_configure' from command line to 'False'
[0.253s] Level 5:colcon.colcon_core.verb:set package 'fximu_driver' build argument 'ament_cmake_args' from command line to 'None'
[0.253s] Level 5:colcon.colcon_core.verb:set package 'fximu_driver' build argument 'catkin_cmake_args' from command line to 'None'
[0.253s] Level 5:colcon.colcon_core.verb:set package 'fximu_driver' build argument 'catkin_skip_building_tests' from command line to 'False'
[0.253s] DEBUG:colcon.colcon_core.verb:Building package 'fximu_driver' with the following arguments: {'ament_cmake_args': None, 'build_base': '/home/can/workspaces/fximu_ws/src/build/fximu_driver', 'catkin_cmake_args': None, 'catkin_skip_building_tests': False, 'cmake_args': None, 'cmake_clean_cache': False, 'cmake_clean_first': False, 'cmake_force_configure': False, 'cmake_target': None, 'cmake_target_skip_unavailable': False, 'install_base': '/home/can/workspaces/fximu_ws/src/install/fximu_driver', 'merge_install': False, 'path': '/home/can/workspaces/fximu_ws/src/fximu_driver', 'symlink_install': False, 'test_result_base': None}
[0.253s] INFO:colcon.colcon_core.executor:Executing jobs using 'parallel' executor
[0.253s] DEBUG:colcon.colcon_parallel_executor.executor.parallel:run_until_complete
[0.254s] INFO:colcon.colcon_ros.task.ament_cmake.build:Building ROS package in '/home/can/workspaces/fximu_ws/src/asio_cmake_module' with build type 'ament_cmake'
[0.254s] INFO:colcon.colcon_cmake.task.cmake.build:Building CMake package in '/home/can/workspaces/fximu_ws/src/asio_cmake_module'
[0.256s] INFO:colcon.colcon_core.plugin_system:Skipping extension 'colcon_core.shell.bat': Not used on non-Windows systems
[0.256s] INFO:colcon.colcon_core.shell:Skip shell extension 'powershell' for command environment: Not usable outside of PowerShell
[0.256s] DEBUG:colcon.colcon_core.shell:Skip shell extension 'dsv' for command environment
[0.265s] DEBUG:colcon.colcon_core.event_handler.log_command:Invoking command in '/home/can/workspaces/fximu_ws/src/build/asio_cmake_module': CMAKE_PREFIX_PATH=${CMAKE_PREFIX_PATH}:/opt/ros/jazzy DEBUGINFOD_URLS=https://debuginfod.ubuntu.com /usr/bin/cmake /home/can/workspaces/fximu_ws/src/asio_cmake_module -DCMAKE_INSTALL_PREFIX=/home/can/workspaces/fximu_ws/src/install/asio_cmake_module
[1.230s] DEBUG:colcon.colcon_core.event_handler.log_command:Invoked command in '/home/can/workspaces/fximu_ws/src/build/asio_cmake_module' returned '0': CMAKE_PREFIX_PATH=${CMAKE_PREFIX_PATH}:/opt/ros/jazzy DEBUGINFOD_URLS=https://debuginfod.ubuntu.com /usr/bin/cmake /home/can/workspaces/fximu_ws/src/asio_cmake_module -DCMAKE_INSTALL_PREFIX=/home/can/workspaces/fximu_ws/src/install/asio_cmake_module
[1.231s] DEBUG:colcon.colcon_core.event_handler.log_command:Invoking command in '/home/can/workspaces/fximu_ws/src/build/asio_cmake_module': CMAKE_PREFIX_PATH=${CMAKE_PREFIX_PATH}:/opt/ros/jazzy DEBUGINFOD_URLS=https://debuginfod.ubuntu.com /usr/bin/cmake --build /home/can/workspaces/fximu_ws/src/build/asio_cmake_module -- -j12 -l12
[1.274s] DEBUG:colcon.colcon_core.event_handler.log_command:Invoked command in '/home/can/workspaces/fximu_ws/src/build/asio_cmake_module' returned '0': CMAKE_PREFIX_PATH=${CMAKE_PREFIX_PATH}:/opt/ros/jazzy DEBUGINFOD_URLS=https://debuginfod.ubuntu.com /usr/bin/cmake --build /home/can/workspaces/fximu_ws/src/build/asio_cmake_module -- -j12 -l12
[1.285s] DEBUG:colcon.colcon_core.event_handler.log_command:Invoking command in '/home/can/workspaces/fximu_ws/src/build/asio_cmake_module': CMAKE_PREFIX_PATH=${CMAKE_PREFIX_PATH}:/opt/ros/jazzy DEBUGINFOD_URLS=https://debuginfod.ubuntu.com /usr/bin/cmake --install /home/can/workspaces/fximu_ws/src/build/asio_cmake_module
[1.300s] Level 1:colcon.colcon_core.environment:create_environment_scripts_only(asio_cmake_module)
[1.301s] DEBUG:colcon.colcon_core.event_handler.log_command:Invoked command in '/home/can/workspaces/fximu_ws/src/build/asio_cmake_module' returned '0': CMAKE_PREFIX_PATH=${CMAKE_PREFIX_PATH}:/opt/ros/jazzy DEBUGINFOD_URLS=https://debuginfod.ubuntu.com /usr/bin/cmake --install /home/can/workspaces/fximu_ws/src/build/asio_cmake_module
[1.303s] Level 1:colcon.colcon_core.environment:checking '/home/can/workspaces/fximu_ws/src/install/asio_cmake_module' for CMake module files
[1.303s] Level 1:colcon.colcon_core.environment:checking '/home/can/workspaces/fximu_ws/src/install/asio_cmake_module' for CMake config files
[1.303s] Level 1:colcon.colcon_core.shell:create_environment_hook('asio_cmake_module', 'cmake_prefix_path')
[1.303s] INFO:colcon.colcon_core.shell:Creating environment hook '/home/can/workspaces/fximu_ws/src/install/asio_cmake_module/share/asio_cmake_module/hook/cmake_prefix_path.ps1'
[1.304s] INFO:colcon.colcon_core.shell:Creating environment descriptor '/home/can/workspaces/fximu_ws/src/install/asio_cmake_module/share/asio_cmake_module/hook/cmake_prefix_path.dsv'
[1.304s] INFO:colcon.colcon_core.shell:Creating environment hook '/home/can/workspaces/fximu_ws/src/install/asio_cmake_module/share/asio_cmake_module/hook/cmake_prefix_path.sh'
[1.305s] Level 1:colcon.colcon_core.environment:checking '/home/can/workspaces/fximu_ws/src/install/asio_cmake_module/bin'
[1.305s] Level 1:colcon.colcon_core.environment:checking '/home/can/workspaces/fximu_ws/src/install/asio_cmake_module/lib/pkgconfig/asio_cmake_module.pc'
[1.305s] Level 1:colcon.colcon_core.environment:checking '/home/can/workspaces/fximu_ws/src/install/asio_cmake_module/lib/python3.12/site-packages'
[1.305s] Level 1:colcon.colcon_core.environment:checking '/home/can/workspaces/fximu_ws/src/install/asio_cmake_module/bin'
[1.306s] INFO:colcon.colcon_core.shell:Creating package script '/home/can/workspaces/fximu_ws/src/install/asio_cmake_module/share/asio_cmake_module/package.ps1'
[1.306s] INFO:colcon.colcon_core.shell:Creating package descriptor '/home/can/workspaces/fximu_ws/src/install/asio_cmake_module/share/asio_cmake_module/package.dsv'
[1.307s] INFO:colcon.colcon_core.shell:Creating package script '/home/can/workspaces/fximu_ws/src/install/asio_cmake_module/share/asio_cmake_module/package.sh'
[1.307s] INFO:colcon.colcon_core.shell:Creating package script '/home/can/workspaces/fximu_ws/src/install/asio_cmake_module/share/asio_cmake_module/package.bash'
[1.308s] INFO:colcon.colcon_core.shell:Creating package script '/home/can/workspaces/fximu_ws/src/install/asio_cmake_module/share/asio_cmake_module/package.zsh'
[1.308s] Level 1:colcon.colcon_core.environment:create_file_with_runtime_dependencies(/home/can/workspaces/fximu_ws/src/install/asio_cmake_module/share/colcon-core/packages/asio_cmake_module)
[1.309s] Level 1:colcon.colcon_core.environment:create_environment_scripts_only(asio_cmake_module)
[1.309s] Level 1:colcon.colcon_core.environment:checking '/home/can/workspaces/fximu_ws/src/install/asio_cmake_module' for CMake module files
[1.309s] Level 1:colcon.colcon_core.environment:checking '/home/can/workspaces/fximu_ws/src/install/asio_cmake_module' for CMake config files
[1.309s] Level 1:colcon.colcon_core.shell:create_environment_hook('asio_cmake_module', 'cmake_prefix_path')
[1.309s] INFO:colcon.colcon_core.shell:Creating environment hook '/home/can/workspaces/fximu_ws/src/install/asio_cmake_module/share/asio_cmake_module/hook/cmake_prefix_path.ps1'
[1.310s] INFO:colcon.colcon_core.shell:Creating environment descriptor '/home/can/workspaces/fximu_ws/src/install/asio_cmake_module/share/asio_cmake_module/hook/cmake_prefix_path.dsv'
[1.310s] INFO:colcon.colcon_core.shell:Creating environment hook '/home/can/workspaces/fximu_ws/src/install/asio_cmake_module/share/asio_cmake_module/hook/cmake_prefix_path.sh'
[1.311s] Level 1:colcon.colcon_core.environment:checking '/home/can/workspaces/fximu_ws/src/install/asio_cmake_module/bin'
[1.311s] Level 1:colcon.colcon_core.environment:checking '/home/can/workspaces/fximu_ws/src/install/asio_cmake_module/lib/pkgconfig/asio_cmake_module.pc'
[1.311s] Level 1:colcon.colcon_core.environment:checking '/home/can/workspaces/fximu_ws/src/install/asio_cmake_module/lib/python3.12/site-packages'
[1.311s] Level 1:colcon.colcon_core.environment:checking '/home/can/workspaces/fximu_ws/src/install/asio_cmake_module/bin'
[1.311s] INFO:colcon.colcon_core.shell:Creating package script '/home/can/workspaces/fximu_ws/src/install/asio_cmake_module/share/asio_cmake_module/package.ps1'
[1.312s] INFO:colcon.colcon_core.shell:Creating package descriptor '/home/can/workspaces/fximu_ws/src/install/asio_cmake_module/share/asio_cmake_module/package.dsv'
[1.312s] INFO:colcon.colcon_core.shell:Creating package script '/home/can/workspaces/fximu_ws/src/install/asio_cmake_module/share/asio_cmake_module/package.sh'
[1.312s] INFO:colcon.colcon_core.shell:Creating package script '/home/can/workspaces/fximu_ws/src/install/asio_cmake_module/share/asio_cmake_module/package.bash'
[1.313s] INFO:colcon.colcon_core.shell:Creating package script '/home/can/workspaces/fximu_ws/src/install/asio_cmake_module/share/asio_cmake_module/package.zsh'
[1.313s] Level 1:colcon.colcon_core.environment:create_file_with_runtime_dependencies(/home/can/workspaces/fximu_ws/src/install/asio_cmake_module/share/colcon-core/packages/asio_cmake_module)
[1.313s] INFO:colcon.colcon_ros.task.ament_cmake.build:Building ROS package in '/home/can/workspaces/fximu_ws/src/io_context' with build type 'ament_cmake'
[1.314s] INFO:colcon.colcon_cmake.task.cmake.build:Building CMake package in '/home/can/workspaces/fximu_ws/src/io_context'
[1.314s] INFO:colcon.colcon_core.shell:Skip shell extension 'powershell' for command environment: Not usable outside of PowerShell
[1.314s] DEBUG:colcon.colcon_core.shell:Skip shell extension 'dsv' for command environment
[1.325s] DEBUG:colcon.colcon_core.event_handler.log_command:Invoking command in '/home/can/workspaces/fximu_ws/src/build/io_context': AMENT_PREFIX_PATH=/home/can/workspaces/fximu_ws/src/install/asio_cmake_module:${AMENT_PREFIX_PATH} CMAKE_PREFIX_PATH=/home/can/workspaces/fximu_ws/src/install/asio_cmake_module:/home/can/workspaces/rosrider_ws/install/teleop_twist_joy:/home/can/workspaces/rosrider_ws/install/rosrider:/home/can/workspaces/rosrider_ws/install/rosrider_node:/home/can/workspaces/rosrider_ws/install/rosrider_navigation2:/home/can/workspaces/rosrider_ws/install/rosrider_interfaces:/home/can/workspaces/rosrider_ws/install/rosrider_image:/home/can/workspaces/rosrider_ws/install/rosrider_gz_bringup:/home/can/workspaces/rosrider_ws/install/rosrider_gz_gazebo:/home/can/workspaces/rosrider_ws/install/rosrider_gz_description:/home/can/workspaces/rosrider_ws/install/rosrider_gz_app:/home/can/workspaces/rosrider_ws/install/rosrider_description:/home/can/workspaces/rosrider_ws/install/rosrider_cartographer:/home/can/workspaces/rosrider_ws/install/cappa_gz:/home/can/workspaces/fximu_ws/install/fximu_driver:/home/can/workspaces/fximu_ws/install/io_context:/home/can/workspaces/fximu_ws/install/asio_cmake_module:/opt/ros/jazzy/opt/gz_sim_vendor:/opt/ros/jazzy/opt/gz_sensors_vendor:/opt/ros/jazzy/opt/gz_physics_vendor:/opt/ros/jazzy/opt/sdformat_vendor:/opt/ros/jazzy/opt/gz_gui_vendor:/opt/ros/jazzy/opt/gz_transport_vendor:/opt/ros/jazzy/opt/gz_rendering_vendor:/opt/ros/jazzy/opt/gz_plugin_vendor:/opt/ros/jazzy/opt/gz_fuel_tools_vendor:/opt/ros/jazzy/opt/gz_msgs_vendor:/opt/ros/jazzy/opt/gz_common_vendor:/opt/ros/jazzy/opt/gz_math_vendor:/opt/ros/jazzy/opt/gz_utils_vendor:/opt/ros/jazzy/opt/gz_tools_vendor:/opt/ros/jazzy/opt/gz_ogre_next_vendor:/opt/ros/jazzy/opt/gz_dartsim_vendor:/opt/ros/jazzy/opt/gz_cmake_vendor:/opt/ros/jazzy DEBUGINFOD_URLS=https://debuginfod.ubuntu.com /usr/bin/cmake /home/can/workspaces/fximu_ws/src/io_context -DCMAKE_INSTALL_PREFIX=/home/can/workspaces/fximu_ws/src/install/io_context
[2.997s] DEBUG:colcon.colcon_core.event_handler.log_command:Invoked command in '/home/can/workspaces/fximu_ws/src/build/io_context' returned '0': AMENT_PREFIX_PATH=/home/can/workspaces/fximu_ws/src/install/asio_cmake_module:${AMENT_PREFIX_PATH} CMAKE_PREFIX_PATH=/home/can/workspaces/fximu_ws/src/install/asio_cmake_module:/home/can/workspaces/rosrider_ws/install/teleop_twist_joy:/home/can/workspaces/rosrider_ws/install/rosrider:/home/can/workspaces/rosrider_ws/install/rosrider_node:/home/can/workspaces/rosrider_ws/install/rosrider_navigation2:/home/can/workspaces/rosrider_ws/install/rosrider_interfaces:/home/can/workspaces/rosrider_ws/install/rosrider_image:/home/can/workspaces/rosrider_ws/install/rosrider_gz_bringup:/home/can/workspaces/rosrider_ws/install/rosrider_gz_gazebo:/home/can/workspaces/rosrider_ws/install/rosrider_gz_description:/home/can/workspaces/rosrider_ws/install/rosrider_gz_app:/home/can/workspaces/rosrider_ws/install/rosrider_description:/home/can/workspaces/rosrider_ws/install/rosrider_cartographer:/home/can/workspaces/rosrider_ws/install/cappa_gz:/home/can/workspaces/fximu_ws/install/fximu_driver:/home/can/workspaces/fximu_ws/install/io_context:/home/can/workspaces/fximu_ws/install/asio_cmake_module:/opt/ros/jazzy/opt/gz_sim_vendor:/opt/ros/jazzy/opt/gz_sensors_vendor:/opt/ros/jazzy/opt/gz_physics_vendor:/opt/ros/jazzy/opt/sdformat_vendor:/opt/ros/jazzy/opt/gz_gui_vendor:/opt/ros/jazzy/opt/gz_transport_vendor:/opt/ros/jazzy/opt/gz_rendering_vendor:/opt/ros/jazzy/opt/gz_plugin_vendor:/opt/ros/jazzy/opt/gz_fuel_tools_vendor:/opt/ros/jazzy/opt/gz_msgs_vendor:/opt/ros/jazzy/opt/gz_common_vendor:/opt/ros/jazzy/opt/gz_math_vendor:/opt/ros/jazzy/opt/gz_utils_vendor:/opt/ros/jazzy/opt/gz_tools_vendor:/opt/ros/jazzy/opt/gz_ogre_next_vendor:/opt/ros/jazzy/opt/gz_dartsim_vendor:/opt/ros/jazzy/opt/gz_cmake_vendor:/opt/ros/jazzy DEBUGINFOD_URLS=https://debuginfod.ubuntu.com /usr/bin/cmake /home/can/workspaces/fximu_ws/src/io_context -DCMAKE_INSTALL_PREFIX=/home/can/workspaces/fximu_ws/src/install/io_context
[2.998s] DEBUG:colcon.colcon_core.event_handler.log_command:Invoking command in '/home/can/workspaces/fximu_ws/src/build/io_context': AMENT_PREFIX_PATH=/home/can/workspaces/fximu_ws/src/install/asio_cmake_module:${AMENT_PREFIX_PATH} CMAKE_PREFIX_PATH=/home/can/workspaces/fximu_ws/src/install/asio_cmake_module:/home/can/workspaces/rosrider_ws/install/teleop_twist_joy:/home/can/workspaces/rosrider_ws/install/rosrider:/home/can/workspaces/rosrider_ws/install/rosrider_node:/home/can/workspaces/rosrider_ws/install/rosrider_navigation2:/home/can/workspaces/rosrider_ws/install/rosrider_interfaces:/home/can/workspaces/rosrider_ws/install/rosrider_image:/home/can/workspaces/rosrider_ws/install/rosrider_gz_bringup:/home/can/workspaces/rosrider_ws/install/rosrider_gz_gazebo:/home/can/workspaces/rosrider_ws/install/rosrider_gz_description:/home/can/workspaces/rosrider_ws/install/rosrider_gz_app:/home/can/workspaces/rosrider_ws/install/rosrider_description:/home/can/workspaces/rosrider_ws/install/rosrider_cartographer:/home/can/workspaces/rosrider_ws/install/cappa_gz:/home/can/workspaces/fximu_ws/install/fximu_driver:/home/can/workspaces/fximu_ws/install/io_context:/home/can/workspaces/fximu_ws/install/asio_cmake_module:/opt/ros/jazzy/opt/gz_sim_vendor:/opt/ros/jazzy/opt/gz_sensors_vendor:/opt/ros/jazzy/opt/gz_physics_vendor:/opt/ros/jazzy/opt/sdformat_vendor:/opt/ros/jazzy/opt/gz_gui_vendor:/opt/ros/jazzy/opt/gz_transport_vendor:/opt/ros/jazzy/opt/gz_rendering_vendor:/opt/ros/jazzy/opt/gz_plugin_vendor:/opt/ros/jazzy/opt/gz_fuel_tools_vendor:/opt/ros/jazzy/opt/gz_msgs_vendor:/opt/ros/jazzy/opt/gz_common_vendor:/opt/ros/jazzy/opt/gz_math_vendor:/opt/ros/jazzy/opt/gz_utils_vendor:/opt/ros/jazzy/opt/gz_tools_vendor:/opt/ros/jazzy/opt/gz_ogre_next_vendor:/opt/ros/jazzy/opt/gz_dartsim_vendor:/opt/ros/jazzy/opt/gz_cmake_vendor:/opt/ros/jazzy DEBUGINFOD_URLS=https://debuginfod.ubuntu.com /usr/bin/cmake --build /home/can/workspaces/fximu_ws/src/build/io_context -- -j12 -l12
[10.108s] DEBUG:colcon.colcon_core.event_handler.log_command:Invoked command in '/home/can/workspaces/fximu_ws/src/build/io_context' returned '0': AMENT_PREFIX_PATH=/home/can/workspaces/fximu_ws/src/install/asio_cmake_module:${AMENT_PREFIX_PATH} CMAKE_PREFIX_PATH=/home/can/workspaces/fximu_ws/src/install/asio_cmake_module:/home/can/workspaces/rosrider_ws/install/teleop_twist_joy:/home/can/workspaces/rosrider_ws/install/rosrider:/home/can/workspaces/rosrider_ws/install/rosrider_node:/home/can/workspaces/rosrider_ws/install/rosrider_navigation2:/home/can/workspaces/rosrider_ws/install/rosrider_interfaces:/home/can/workspaces/rosrider_ws/install/rosrider_image:/home/can/workspaces/rosrider_ws/install/rosrider_gz_bringup:/home/can/workspaces/rosrider_ws/install/rosrider_gz_gazebo:/home/can/workspaces/rosrider_ws/install/rosrider_gz_description:/home/can/workspaces/rosrider_ws/install/rosrider_gz_app:/home/can/workspaces/rosrider_ws/install/rosrider_description:/home/can/workspaces/rosrider_ws/install/rosrider_cartographer:/home/can/workspaces/rosrider_ws/install/cappa_gz:/home/can/workspaces/fximu_ws/install/fximu_driver:/home/can/workspaces/fximu_ws/install/io_context:/home/can/workspaces/fximu_ws/install/asio_cmake_module:/opt/ros/jazzy/opt/gz_sim_vendor:/opt/ros/jazzy/opt/gz_sensors_vendor:/opt/ros/jazzy/opt/gz_physics_vendor:/opt/ros/jazzy/opt/sdformat_vendor:/opt/ros/jazzy/opt/gz_gui_vendor:/opt/ros/jazzy/opt/gz_transport_vendor:/opt/ros/jazzy/opt/gz_rendering_vendor:/opt/ros/jazzy/opt/gz_plugin_vendor:/opt/ros/jazzy/opt/gz_fuel_tools_vendor:/opt/ros/jazzy/opt/gz_msgs_vendor:/opt/ros/jazzy/opt/gz_common_vendor:/opt/ros/jazzy/opt/gz_math_vendor:/opt/ros/jazzy/opt/gz_utils_vendor:/opt/ros/jazzy/opt/gz_tools_vendor:/opt/ros/jazzy/opt/gz_ogre_next_vendor:/opt/ros/jazzy/opt/gz_dartsim_vendor:/opt/ros/jazzy/opt/gz_cmake_vendor:/opt/ros/jazzy DEBUGINFOD_URLS=https://debuginfod.ubuntu.com /usr/bin/cmake --build /home/can/workspaces/fximu_ws/src/build/io_context -- -j12 -l12
[10.109s] DEBUG:colcon.colcon_core.event_handler.log_command:Invoking command in '/home/can/workspaces/fximu_ws/src/build/io_context': AMENT_PREFIX_PATH=/home/can/workspaces/fximu_ws/src/install/asio_cmake_module:${AMENT_PREFIX_PATH} CMAKE_PREFIX_PATH=/home/can/workspaces/fximu_ws/src/install/asio_cmake_module:/home/can/workspaces/rosrider_ws/install/teleop_twist_joy:/home/can/workspaces/rosrider_ws/install/rosrider:/home/can/workspaces/rosrider_ws/install/rosrider_node:/home/can/workspaces/rosrider_ws/install/rosrider_navigation2:/home/can/workspaces/rosrider_ws/install/rosrider_interfaces:/home/can/workspaces/rosrider_ws/install/rosrider_image:/home/can/workspaces/rosrider_ws/install/rosrider_gz_bringup:/home/can/workspaces/rosrider_ws/install/rosrider_gz_gazebo:/home/can/workspaces/rosrider_ws/install/rosrider_gz_description:/home/can/workspaces/rosrider_ws/install/rosrider_gz_app:/home/can/workspaces/rosrider_ws/install/rosrider_description:/home/can/workspaces/rosrider_ws/install/rosrider_cartographer:/home/can/workspaces/rosrider_ws/install/cappa_gz:/home/can/workspaces/fximu_ws/install/fximu_driver:/home/can/workspaces/fximu_ws/install/io_context:/home/can/workspaces/fximu_ws/install/asio_cmake_module:/opt/ros/jazzy/opt/gz_sim_vendor:/opt/ros/jazzy/opt/gz_sensors_vendor:/opt/ros/jazzy/opt/gz_physics_vendor:/opt/ros/jazzy/opt/sdformat_vendor:/opt/ros/jazzy/opt/gz_gui_vendor:/opt/ros/jazzy/opt/gz_transport_vendor:/opt/ros/jazzy/opt/gz_rendering_vendor:/opt/ros/jazzy/opt/gz_plugin_vendor:/opt/ros/jazzy/opt/gz_fuel_tools_vendor:/opt/ros/jazzy/opt/gz_msgs_vendor:/opt/ros/jazzy/opt/gz_common_vendor:/opt/ros/jazzy/opt/gz_math_vendor:/opt/ros/jazzy/opt/gz_utils_vendor:/opt/ros/jazzy/opt/gz_tools_vendor:/opt/ros/jazzy/opt/gz_ogre_next_vendor:/opt/ros/jazzy/opt/gz_dartsim_vendor:/opt/ros/jazzy/opt/gz_cmake_vendor:/opt/ros/jazzy DEBUGINFOD_URLS=https://debuginfod.ubuntu.com /usr/bin/cmake --install /home/can/workspaces/fximu_ws/src/build/io_context
[10.125s] Level 1:colcon.colcon_core.environment:create_environment_scripts_only(io_context)
[10.125s] Level 1:colcon.colcon_core.environment:checking '/home/can/workspaces/fximu_ws/src/install/io_context' for CMake module files
[10.126s] DEBUG:colcon.colcon_core.event_handler.log_command:Invoked command in '/home/can/workspaces/fximu_ws/src/build/io_context' returned '0': AMENT_PREFIX_PATH=/home/can/workspaces/fximu_ws/src/install/asio_cmake_module:${AMENT_PREFIX_PATH} CMAKE_PREFIX_PATH=/home/can/workspaces/fximu_ws/src/install/asio_cmake_module:/home/can/workspaces/rosrider_ws/install/teleop_twist_joy:/home/can/workspaces/rosrider_ws/install/rosrider:/home/can/workspaces/rosrider_ws/install/rosrider_node:/home/can/workspaces/rosrider_ws/install/rosrider_navigation2:/home/can/workspaces/rosrider_ws/install/rosrider_interfaces:/home/can/workspaces/rosrider_ws/install/rosrider_image:/home/can/workspaces/rosrider_ws/install/rosrider_gz_bringup:/home/can/workspaces/rosrider_ws/install/rosrider_gz_gazebo:/home/can/workspaces/rosrider_ws/install/rosrider_gz_description:/home/can/workspaces/rosrider_ws/install/rosrider_gz_app:/home/can/workspaces/rosrider_ws/install/rosrider_description:/home/can/workspaces/rosrider_ws/install/rosrider_cartographer:/home/can/workspaces/rosrider_ws/install/cappa_gz:/home/can/workspaces/fximu_ws/install/fximu_driver:/home/can/workspaces/fximu_ws/install/io_context:/home/can/workspaces/fximu_ws/install/asio_cmake_module:/opt/ros/jazzy/opt/gz_sim_vendor:/opt/ros/jazzy/opt/gz_sensors_vendor:/opt/ros/jazzy/opt/gz_physics_vendor:/opt/ros/jazzy/opt/sdformat_vendor:/opt/ros/jazzy/opt/gz_gui_vendor:/opt/ros/jazzy/opt/gz_transport_vendor:/opt/ros/jazzy/opt/gz_rendering_vendor:/opt/ros/jazzy/opt/gz_plugin_vendor:/opt/ros/jazzy/opt/gz_fuel_tools_vendor:/opt/ros/jazzy/opt/gz_msgs_vendor:/opt/ros/jazzy/opt/gz_common_vendor:/opt/ros/jazzy/opt/gz_math_vendor:/opt/ros/jazzy/opt/gz_utils_vendor:/opt/ros/jazzy/opt/gz_tools_vendor:/opt/ros/jazzy/opt/gz_ogre_next_vendor:/opt/ros/jazzy/opt/gz_dartsim_vendor:/opt/ros/jazzy/opt/gz_cmake_vendor:/opt/ros/jazzy DEBUGINFOD_URLS=https://debuginfod.ubuntu.com /usr/bin/cmake --install /home/can/workspaces/fximu_ws/src/build/io_context
[10.126s] Level 1:colcon.colcon_core.environment:checking '/home/can/workspaces/fximu_ws/src/install/io_context' for CMake config files
[10.126s] Level 1:colcon.colcon_core.shell:create_environment_hook('io_context', 'cmake_prefix_path')
[10.126s] INFO:colcon.colcon_core.shell:Creating environment hook '/home/can/workspaces/fximu_ws/src/install/io_context/share/io_context/hook/cmake_prefix_path.ps1'
[10.127s] INFO:colcon.colcon_core.shell:Creating environment descriptor '/home/can/workspaces/fximu_ws/src/install/io_context/share/io_context/hook/cmake_prefix_path.dsv'
[10.127s] INFO:colcon.colcon_core.shell:Creating environment hook '/home/can/workspaces/fximu_ws/src/install/io_context/share/io_context/hook/cmake_prefix_path.sh'
[10.127s] Level 1:colcon.colcon_core.environment:checking '/home/can/workspaces/fximu_ws/src/install/io_context/lib'
[10.128s] Level 1:colcon.colcon_core.shell:create_environment_hook('io_context', 'ld_library_path_lib')
[10.128s] INFO:colcon.colcon_core.shell:Creating environment hook '/home/can/workspaces/fximu_ws/src/install/io_context/share/io_context/hook/ld_library_path_lib.ps1'
[10.128s] INFO:colcon.colcon_core.shell:Creating environment descriptor '/home/can/workspaces/fximu_ws/src/install/io_context/share/io_context/hook/ld_library_path_lib.dsv'
[10.128s] INFO:colcon.colcon_core.shell:Creating environment hook '/home/can/workspaces/fximu_ws/src/install/io_context/share/io_context/hook/ld_library_path_lib.sh'
[10.129s] Level 1:colcon.colcon_core.environment:checking '/home/can/workspaces/fximu_ws/src/install/io_context/bin'
[10.129s] Level 1:colcon.colcon_core.environment:checking '/home/can/workspaces/fximu_ws/src/install/io_context/lib/pkgconfig/io_context.pc'
[10.129s] Level 1:colcon.colcon_core.environment:checking '/home/can/workspaces/fximu_ws/src/install/io_context/lib/python3.12/site-packages'
[10.129s] Level 1:colcon.colcon_core.environment:checking '/home/can/workspaces/fximu_ws/src/install/io_context/bin'
[10.129s] INFO:colcon.colcon_core.shell:Creating package script '/home/can/workspaces/fximu_ws/src/install/io_context/share/io_context/package.ps1'
[10.130s] INFO:colcon.colcon_core.shell:Creating package descriptor '/home/can/workspaces/fximu_ws/src/install/io_context/share/io_context/package.dsv'
[10.130s] INFO:colcon.colcon_core.shell:Creating package script '/home/can/workspaces/fximu_ws/src/install/io_context/share/io_context/package.sh'
[10.130s] INFO:colcon.colcon_core.shell:Creating package script '/home/can/workspaces/fximu_ws/src/install/io_context/share/io_context/package.bash'
[10.131s] INFO:colcon.colcon_core.shell:Creating package script '/home/can/workspaces/fximu_ws/src/install/io_context/share/io_context/package.zsh'
[10.131s] Level 1:colcon.colcon_core.environment:create_file_with_runtime_dependencies(/home/can/workspaces/fximu_ws/src/install/io_context/share/colcon-core/packages/io_context)
[10.131s] Level 1:colcon.colcon_core.environment:create_environment_scripts_only(io_context)
[10.131s] Level 1:colcon.colcon_core.environment:checking '/home/can/workspaces/fximu_ws/src/install/io_context' for CMake module files
[10.132s] Level 1:colcon.colcon_core.environment:checking '/home/can/workspaces/fximu_ws/src/install/io_context' for CMake config files
[10.132s] Level 1:colcon.colcon_core.shell:create_environment_hook('io_context', 'cmake_prefix_path')
[10.132s] INFO:colcon.colcon_core.shell:Creating environment hook '/home/can/workspaces/fximu_ws/src/install/io_context/share/io_context/hook/cmake_prefix_path.ps1'
[10.133s] INFO:colcon.colcon_core.shell:Creating environment descriptor '/home/can/workspaces/fximu_ws/src/install/io_context/share/io_context/hook/cmake_prefix_path.dsv'
[10.133s] INFO:colcon.colcon_core.shell:Creating environment hook '/home/can/workspaces/fximu_ws/src/install/io_context/share/io_context/hook/cmake_prefix_path.sh'
[10.133s] Level 1:colcon.colcon_core.environment:checking '/home/can/workspaces/fximu_ws/src/install/io_context/lib'
[10.133s] Level 1:colcon.colcon_core.shell:create_environment_hook('io_context', 'ld_library_path_lib')
[10.133s] INFO:colcon.colcon_core.shell:Creating environment hook '/home/can/workspaces/fximu_ws/src/install/io_context/share/io_context/hook/ld_library_path_lib.ps1'
[10.134s] INFO:colcon.colcon_core.shell:Creating environment descriptor '/home/can/workspaces/fximu_ws/src/install/io_context/share/io_context/hook/ld_library_path_lib.dsv'
[10.134s] INFO:colcon.colcon_core.shell:Creating environment hook '/home/can/workspaces/fximu_ws/src/install/io_context/share/io_context/hook/ld_library_path_lib.sh'
[10.134s] Level 1:colcon.colcon_core.environment:checking '/home/can/workspaces/fximu_ws/src/install/io_context/bin'
[10.134s] Level 1:colcon.colcon_core.environment:checking '/home/can/workspaces/fximu_ws/src/install/io_context/lib/pkgconfig/io_context.pc'
[10.135s] Level 1:colcon.colcon_core.environment:checking '/home/can/workspaces/fximu_ws/src/install/io_context/lib/python3.12/site-packages'
[10.135s] Level 1:colcon.colcon_core.environment:checking '/home/can/workspaces/fximu_ws/src/install/io_context/bin'
[10.135s] INFO:colcon.colcon_core.shell:Creating package script '/home/can/workspaces/fximu_ws/src/install/io_context/share/io_context/package.ps1'
[10.135s] INFO:colcon.colcon_core.shell:Creating package descriptor '/home/can/workspaces/fximu_ws/src/install/io_context/share/io_context/package.dsv'
[10.136s] INFO:colcon.colcon_core.shell:Creating package script '/home/can/workspaces/fximu_ws/src/install/io_context/share/io_context/package.sh'
[10.136s] INFO:colcon.colcon_core.shell:Creating package script '/home/can/workspaces/fximu_ws/src/install/io_context/share/io_context/package.bash'
[10.137s] INFO:colcon.colcon_core.shell:Creating package script '/home/can/workspaces/fximu_ws/src/install/io_context/share/io_context/package.zsh'
[10.137s] Level 1:colcon.colcon_core.environment:create_file_with_runtime_dependencies(/home/can/workspaces/fximu_ws/src/install/io_context/share/colcon-core/packages/io_context)
[10.137s] INFO:colcon.colcon_ros.task.ament_cmake.build:Building ROS package in '/home/can/workspaces/fximu_ws/src/fximu_driver' with build type 'ament_cmake'
[10.137s] INFO:colcon.colcon_cmake.task.cmake.build:Building CMake package in '/home/can/workspaces/fximu_ws/src/fximu_driver'
[10.137s] INFO:colcon.colcon_core.shell:Skip shell extension 'powershell' for command environment: Not usable outside of PowerShell
[10.137s] DEBUG:colcon.colcon_core.shell:Skip shell extension 'dsv' for command environment
[10.150s] DEBUG:colcon.colcon_core.event_handler.log_command:Invoking command in '/home/can/workspaces/fximu_ws/src/build/fximu_driver': AMENT_PREFIX_PATH=/home/can/workspaces/fximu_ws/src/install/io_context:/home/can/workspaces/fximu_ws/src/install/asio_cmake_module:${AMENT_PREFIX_PATH} CMAKE_PREFIX_PATH=/home/can/workspaces/fximu_ws/src/install/io_context:/home/can/workspaces/fximu_ws/src/install/asio_cmake_module:/home/can/workspaces/rosrider_ws/install/teleop_twist_joy:/home/can/workspaces/rosrider_ws/install/rosrider:/home/can/workspaces/rosrider_ws/install/rosrider_node:/home/can/workspaces/rosrider_ws/install/rosrider_navigation2:/home/can/workspaces/rosrider_ws/install/rosrider_interfaces:/home/can/workspaces/rosrider_ws/install/rosrider_image:/home/can/workspaces/rosrider_ws/install/rosrider_gz_bringup:/home/can/workspaces/rosrider_ws/install/rosrider_gz_gazebo:/home/can/workspaces/rosrider_ws/install/rosrider_gz_description:/home/can/workspaces/rosrider_ws/install/rosrider_gz_app:/home/can/workspaces/rosrider_ws/install/rosrider_description:/home/can/workspaces/rosrider_ws/install/rosrider_cartographer:/home/can/workspaces/rosrider_ws/install/cappa_gz:/home/can/workspaces/fximu_ws/install/fximu_driver:/home/can/workspaces/fximu_ws/install/io_context:/home/can/workspaces/fximu_ws/install/asio_cmake_module:/opt/ros/jazzy/opt/gz_sim_vendor:/opt/ros/jazzy/opt/gz_sensors_vendor:/opt/ros/jazzy/opt/gz_physics_vendor:/opt/ros/jazzy/opt/sdformat_vendor:/opt/ros/jazzy/opt/gz_gui_vendor:/opt/ros/jazzy/opt/gz_transport_vendor:/opt/ros/jazzy/opt/gz_rendering_vendor:/opt/ros/jazzy/opt/gz_plugin_vendor:/opt/ros/jazzy/opt/gz_fuel_tools_vendor:/opt/ros/jazzy/opt/gz_msgs_vendor:/opt/ros/jazzy/opt/gz_common_vendor:/opt/ros/jazzy/opt/gz_math_vendor:/opt/ros/jazzy/opt/gz_utils_vendor:/opt/ros/jazzy/opt/gz_tools_vendor:/opt/ros/jazzy/opt/gz_ogre_next_vendor:/opt/ros/jazzy/opt/gz_dartsim_vendor:/opt/ros/jazzy/opt/gz_cmake_vendor:/opt/ros/jazzy DEBUGINFOD_URLS=https://debuginfod.ubuntu.com LD_LIBRARY_PATH=/home/can/workspaces/fximu_ws/src/install/io_context/lib:/home/can/workspaces/rosrider_ws/install/teleop_twist_joy/lib:/home/can/workspaces/rosrider_ws/install/rosrider_interfaces/lib:/home/can/workspaces/fximu_ws/install/fximu_driver/lib:/home/can/workspaces/fximu_ws/install/io_context/lib:/opt/ros/jazzy/opt/gz_sim_vendor/lib:/opt/ros/jazzy/opt/gz_sensors_vendor/lib:/opt/ros/jazzy/opt/gz_physics_vendor/lib:/opt/ros/jazzy/opt/sdformat_vendor/lib:/opt/ros/jazzy/opt/rviz_ogre_vendor/lib:/opt/ros/jazzy/lib/x86_64-linux-gnu:/opt/ros/jazzy/opt/gz_gui_vendor/lib:/opt/ros/jazzy/opt/gz_transport_vendor/lib:/opt/ros/jazzy/opt/gz_rendering_vendor/lib:/opt/ros/jazzy/opt/gz_plugin_vendor/lib:/opt/ros/jazzy/opt/gz_fuel_tools_vendor/lib:/opt/ros/jazzy/opt/gz_msgs_vendor/lib:/opt/ros/jazzy/opt/gz_common_vendor/lib:/opt/ros/jazzy/opt/gz_math_vendor/lib:/opt/ros/jazzy/opt/gz_utils_vendor/lib:/opt/ros/jazzy/opt/gz_tools_vendor/lib:/opt/ros/jazzy/opt/gz_ogre_next_vendor/lib:/opt/ros/jazzy/opt/gz_dartsim_vendor/lib:/opt/ros/jazzy/opt/gz_cmake_vendor/lib:/opt/ros/jazzy/lib:/usr/local/cuda-12.8/lib64:/usr/local/lib:/usr/local/cuda-12.8/lib64:/usr/local/lib /usr/bin/cmake /home/can/workspaces/fximu_ws/src/fximu_driver -DCMAKE_INSTALL_PREFIX=/home/can/workspaces/fximu_ws/src/install/fximu_driver
[12.164s] DEBUG:colcon.colcon_core.event_handler.log_command:Invoked command in '/home/can/workspaces/fximu_ws/src/build/fximu_driver' returned '0': AMENT_PREFIX_PATH=/home/can/workspaces/fximu_ws/src/install/io_context:/home/can/workspaces/fximu_ws/src/install/asio_cmake_module:${AMENT_PREFIX_PATH} CMAKE_PREFIX_PATH=/home/can/workspaces/fximu_ws/src/install/io_context:/home/can/workspaces/fximu_ws/src/install/asio_cmake_module:/home/can/workspaces/rosrider_ws/install/teleop_twist_joy:/home/can/workspaces/rosrider_ws/install/rosrider:/home/can/workspaces/rosrider_ws/install/rosrider_node:/home/can/workspaces/rosrider_ws/install/rosrider_navigation2:/home/can/workspaces/rosrider_ws/install/rosrider_interfaces:/home/can/workspaces/rosrider_ws/install/rosrider_image:/home/can/workspaces/rosrider_ws/install/rosrider_gz_bringup:/home/can/workspaces/rosrider_ws/install/rosrider_gz_gazebo:/home/can/workspaces/rosrider_ws/install/rosrider_gz_description:/home/can/workspaces/rosrider_ws/install/rosrider_gz_app:/home/can/workspaces/rosrider_ws/install/rosrider_description:/home/can/workspaces/rosrider_ws/install/rosrider_cartographer:/home/can/workspaces/rosrider_ws/install/cappa_gz:/home/can/workspaces/fximu_ws/install/fximu_driver:/home/can/workspaces/fximu_ws/install/io_context:/home/can/workspaces/fximu_ws/install/asio_cmake_module:/opt/ros/jazzy/opt/gz_sim_vendor:/opt/ros/jazzy/opt/gz_sensors_vendor:/opt/ros/jazzy/opt/gz_physics_vendor:/opt/ros/jazzy/opt/sdformat_vendor:/opt/ros/jazzy/opt/gz_gui_vendor:/opt/ros/jazzy/opt/gz_transport_vendor:/opt/ros/jazzy/opt/gz_rendering_vendor:/opt/ros/jazzy/opt/gz_plugin_vendor:/opt/ros/jazzy/opt/gz_fuel_tools_vendor:/opt/ros/jazzy/opt/gz_msgs_vendor:/opt/ros/jazzy/opt/gz_common_vendor:/opt/ros/jazzy/opt/gz_math_vendor:/opt/ros/jazzy/opt/gz_utils_vendor:/opt/ros/jazzy/opt/gz_tools_vendor:/opt/ros/jazzy/opt/gz_ogre_next_vendor:/opt/ros/jazzy/opt/gz_dartsim_vendor:/opt/ros/jazzy/opt/gz_cmake_vendor:/opt/ros/jazzy DEBUGINFOD_URLS=https://debuginfod.ubuntu.com LD_LIBRARY_PATH=/home/can/workspaces/fximu_ws/src/install/io_context/lib:/home/can/workspaces/rosrider_ws/install/teleop_twist_joy/lib:/home/can/workspaces/rosrider_ws/install/rosrider_interfaces/lib:/home/can/workspaces/fximu_ws/install/fximu_driver/lib:/home/can/workspaces/fximu_ws/install/io_context/lib:/opt/ros/jazzy/opt/gz_sim_vendor/lib:/opt/ros/jazzy/opt/gz_sensors_vendor/lib:/opt/ros/jazzy/opt/gz_physics_vendor/lib:/opt/ros/jazzy/opt/sdformat_vendor/lib:/opt/ros/jazzy/opt/rviz_ogre_vendor/lib:/opt/ros/jazzy/lib/x86_64-linux-gnu:/opt/ros/jazzy/opt/gz_gui_vendor/lib:/opt/ros/jazzy/opt/gz_transport_vendor/lib:/opt/ros/jazzy/opt/gz_rendering_vendor/lib:/opt/ros/jazzy/opt/gz_plugin_vendor/lib:/opt/ros/jazzy/opt/gz_fuel_tools_vendor/lib:/opt/ros/jazzy/opt/gz_msgs_vendor/lib:/opt/ros/jazzy/opt/gz_common_vendor/lib:/opt/ros/jazzy/opt/gz_math_vendor/lib:/opt/ros/jazzy/opt/gz_utils_vendor/lib:/opt/ros/jazzy/opt/gz_tools_vendor/lib:/opt/ros/jazzy/opt/gz_ogre_next_vendor/lib:/opt/ros/jazzy/opt/gz_dartsim_vendor/lib:/opt/ros/jazzy/opt/gz_cmake_vendor/lib:/opt/ros/jazzy/lib:/usr/local/cuda-12.8/lib64:/usr/local/lib:/usr/local/cuda-12.8/lib64:/usr/local/lib /usr/bin/cmake /home/can/workspaces/fximu_ws/src/fximu_driver -DCMAKE_INSTALL_PREFIX=/home/can/workspaces/fximu_ws/src/install/fximu_driver
[12.166s] DEBUG:colcon.colcon_core.event_handler.log_command:Invoking command in '/home/can/workspaces/fximu_ws/src/build/fximu_driver': AMENT_PREFIX_PATH=/home/can/workspaces/fximu_ws/src/install/io_context:/home/can/workspaces/fximu_ws/src/install/asio_cmake_module:${AMENT_PREFIX_PATH} CMAKE_PREFIX_PATH=/home/can/workspaces/fximu_ws/src/install/io_context:/home/can/workspaces/fximu_ws/src/install/asio_cmake_module:/home/can/workspaces/rosrider_ws/install/teleop_twist_joy:/home/can/workspaces/rosrider_ws/install/rosrider:/home/can/workspaces/rosrider_ws/install/rosrider_node:/home/can/workspaces/rosrider_ws/install/rosrider_navigation2:/home/can/workspaces/rosrider_ws/install/rosrider_interfaces:/home/can/workspaces/rosrider_ws/install/rosrider_image:/home/can/workspaces/rosrider_ws/install/rosrider_gz_bringup:/home/can/workspaces/rosrider_ws/install/rosrider_gz_gazebo:/home/can/workspaces/rosrider_ws/install/rosrider_gz_description:/home/can/workspaces/rosrider_ws/install/rosrider_gz_app:/home/can/workspaces/rosrider_ws/install/rosrider_description:/home/can/workspaces/rosrider_ws/install/rosrider_cartographer:/home/can/workspaces/rosrider_ws/install/cappa_gz:/home/can/workspaces/fximu_ws/install/fximu_driver:/home/can/workspaces/fximu_ws/install/io_context:/home/can/workspaces/fximu_ws/install/asio_cmake_module:/opt/ros/jazzy/opt/gz_sim_vendor:/opt/ros/jazzy/opt/gz_sensors_vendor:/opt/ros/jazzy/opt/gz_physics_vendor:/opt/ros/jazzy/opt/sdformat_vendor:/opt/ros/jazzy/opt/gz_gui_vendor:/opt/ros/jazzy/opt/gz_transport_vendor:/opt/ros/jazzy/opt/gz_rendering_vendor:/opt/ros/jazzy/opt/gz_plugin_vendor:/opt/ros/jazzy/opt/gz_fuel_tools_vendor:/opt/ros/jazzy/opt/gz_msgs_vendor:/opt/ros/jazzy/opt/gz_common_vendor:/opt/ros/jazzy/opt/gz_math_vendor:/opt/ros/jazzy/opt/gz_utils_vendor:/opt/ros/jazzy/opt/gz_tools_vendor:/opt/ros/jazzy/opt/gz_ogre_next_vendor:/opt/ros/jazzy/opt/gz_dartsim_vendor:/opt/ros/jazzy/opt/gz_cmake_vendor:/opt/ros/jazzy DEBUGINFOD_URLS=https://debuginfod.ubuntu.com LD_LIBRARY_PATH=/home/can/workspaces/fximu_ws/src/install/io_context/lib:/home/can/workspaces/rosrider_ws/install/teleop_twist_joy/lib:/home/can/workspaces/rosrider_ws/install/rosrider_interfaces/lib:/home/can/workspaces/fximu_ws/install/fximu_driver/lib:/home/can/workspaces/fximu_ws/install/io_context/lib:/opt/ros/jazzy/opt/gz_sim_vendor/lib:/opt/ros/jazzy/opt/gz_sensors_vendor/lib:/opt/ros/jazzy/opt/gz_physics_vendor/lib:/opt/ros/jazzy/opt/sdformat_vendor/lib:/opt/ros/jazzy/opt/rviz_ogre_vendor/lib:/opt/ros/jazzy/lib/x86_64-linux-gnu:/opt/ros/jazzy/opt/gz_gui_vendor/lib:/opt/ros/jazzy/opt/gz_transport_vendor/lib:/opt/ros/jazzy/opt/gz_rendering_vendor/lib:/opt/ros/jazzy/opt/gz_plugin_vendor/lib:/opt/ros/jazzy/opt/gz_fuel_tools_vendor/lib:/opt/ros/jazzy/opt/gz_msgs_vendor/lib:/opt/ros/jazzy/opt/gz_common_vendor/lib:/opt/ros/jazzy/opt/gz_math_vendor/lib:/opt/ros/jazzy/opt/gz_utils_vendor/lib:/opt/ros/jazzy/opt/gz_tools_vendor/lib:/opt/ros/jazzy/opt/gz_ogre_next_vendor/lib:/opt/ros/jazzy/opt/gz_dartsim_vendor/lib:/opt/ros/jazzy/opt/gz_cmake_vendor/lib:/opt/ros/jazzy/lib:/usr/local/cuda-12.8/lib64:/usr/local/lib:/usr/local/cuda-12.8/lib64:/usr/local/lib /usr/bin/cmake --build /home/can/workspaces/fximu_ws/src/build/fximu_driver -- -j12 -l12
[22.326s] DEBUG:colcon.colcon_core.event_handler.log_command:Invoked command in '/home/can/workspaces/fximu_ws/src/build/fximu_driver' returned '0': AMENT_PREFIX_PATH=/home/can/workspaces/fximu_ws/src/install/io_context:/home/can/workspaces/fximu_ws/src/install/asio_cmake_module:${AMENT_PREFIX_PATH} CMAKE_PREFIX_PATH=/home/can/workspaces/fximu_ws/src/install/io_context:/home/can/workspaces/fximu_ws/src/install/asio_cmake_module:/home/can/workspaces/rosrider_ws/install/teleop_twist_joy:/home/can/workspaces/rosrider_ws/install/rosrider:/home/can/workspaces/rosrider_ws/install/rosrider_node:/home/can/workspaces/rosrider_ws/install/rosrider_navigation2:/home/can/workspaces/rosrider_ws/install/rosrider_interfaces:/home/can/workspaces/rosrider_ws/install/rosrider_image:/home/can/workspaces/rosrider_ws/install/rosrider_gz_bringup:/home/can/workspaces/rosrider_ws/install/rosrider_gz_gazebo:/home/can/workspaces/rosrider_ws/install/rosrider_gz_description:/home/can/workspaces/rosrider_ws/install/rosrider_gz_app:/home/can/workspaces/rosrider_ws/install/rosrider_description:/home/can/workspaces/rosrider_ws/install/rosrider_cartographer:/home/can/workspaces/rosrider_ws/install/cappa_gz:/home/can/workspaces/fximu_ws/install/fximu_driver:/home/can/workspaces/fximu_ws/install/io_context:/home/can/workspaces/fximu_ws/install/asio_cmake_module:/opt/ros/jazzy/opt/gz_sim_vendor:/opt/ros/jazzy/opt/gz_sensors_vendor:/opt/ros/jazzy/opt/gz_physics_vendor:/opt/ros/jazzy/opt/sdformat_vendor:/opt/ros/jazzy/opt/gz_gui_vendor:/opt/ros/jazzy/opt/gz_transport_vendor:/opt/ros/jazzy/opt/gz_rendering_vendor:/opt/ros/jazzy/opt/gz_plugin_vendor:/opt/ros/jazzy/opt/gz_fuel_tools_vendor:/opt/ros/jazzy/opt/gz_msgs_vendor:/opt/ros/jazzy/opt/gz_common_vendor:/opt/ros/jazzy/opt/gz_math_vendor:/opt/ros/jazzy/opt/gz_utils_vendor:/opt/ros/jazzy/opt/gz_tools_vendor:/opt/ros/jazzy/opt/gz_ogre_next_vendor:/opt/ros/jazzy/opt/gz_dartsim_vendor:/opt/ros/jazzy/opt/gz_cmake_vendor:/opt/ros/jazzy DEBUGINFOD_URLS=https://debuginfod.ubuntu.com LD_LIBRARY_PATH=/home/can/workspaces/fximu_ws/src/install/io_context/lib:/home/can/workspaces/rosrider_ws/install/teleop_twist_joy/lib:/home/can/workspaces/rosrider_ws/install/rosrider_interfaces/lib:/home/can/workspaces/fximu_ws/install/fximu_driver/lib:/home/can/workspaces/fximu_ws/install/io_context/lib:/opt/ros/jazzy/opt/gz_sim_vendor/lib:/opt/ros/jazzy/opt/gz_sensors_vendor/lib:/opt/ros/jazzy/opt/gz_physics_vendor/lib:/opt/ros/jazzy/opt/sdformat_vendor/lib:/opt/ros/jazzy/opt/rviz_ogre_vendor/lib:/opt/ros/jazzy/lib/x86_64-linux-gnu:/opt/ros/jazzy/opt/gz_gui_vendor/lib:/opt/ros/jazzy/opt/gz_transport_vendor/lib:/opt/ros/jazzy/opt/gz_rendering_vendor/lib:/opt/ros/jazzy/opt/gz_plugin_vendor/lib:/opt/ros/jazzy/opt/gz_fuel_tools_vendor/lib:/opt/ros/jazzy/opt/gz_msgs_vendor/lib:/opt/ros/jazzy/opt/gz_common_vendor/lib:/opt/ros/jazzy/opt/gz_math_vendor/lib:/opt/ros/jazzy/opt/gz_utils_vendor/lib:/opt/ros/jazzy/opt/gz_tools_vendor/lib:/opt/ros/jazzy/opt/gz_ogre_next_vendor/lib:/opt/ros/jazzy/opt/gz_dartsim_vendor/lib:/opt/ros/jazzy/opt/gz_cmake_vendor/lib:/opt/ros/jazzy/lib:/usr/local/cuda-12.8/lib64:/usr/local/lib:/usr/local/cuda-12.8/lib64:/usr/local/lib /usr/bin/cmake --build /home/can/workspaces/fximu_ws/src/build/fximu_driver -- -j12 -l12
[22.327s] DEBUG:colcon.colcon_core.event_handler.log_command:Invoking command in '/home/can/workspaces/fximu_ws/src/build/fximu_driver': AMENT_PREFIX_PATH=/home/can/workspaces/fximu_ws/src/install/io_context:/home/can/workspaces/fximu_ws/src/install/asio_cmake_module:${AMENT_PREFIX_PATH} CMAKE_PREFIX_PATH=/home/can/workspaces/fximu_ws/src/install/io_context:/home/can/workspaces/fximu_ws/src/install/asio_cmake_module:/home/can/workspaces/rosrider_ws/install/teleop_twist_joy:/home/can/workspaces/rosrider_ws/install/rosrider:/home/can/workspaces/rosrider_ws/install/rosrider_node:/home/can/workspaces/rosrider_ws/install/rosrider_navigation2:/home/can/workspaces/rosrider_ws/install/rosrider_interfaces:/home/can/workspaces/rosrider_ws/install/rosrider_image:/home/can/workspaces/rosrider_ws/install/rosrider_gz_bringup:/home/can/workspaces/rosrider_ws/install/rosrider_gz_gazebo:/home/can/workspaces/rosrider_ws/install/rosrider_gz_description:/home/can/workspaces/rosrider_ws/install/rosrider_gz_app:/home/can/workspaces/rosrider_ws/install/rosrider_description:/home/can/workspaces/rosrider_ws/install/rosrider_cartographer:/home/can/workspaces/rosrider_ws/install/cappa_gz:/home/can/workspaces/fximu_ws/install/fximu_driver:/home/can/workspaces/fximu_ws/install/io_context:/home/can/workspaces/fximu_ws/install/asio_cmake_module:/opt/ros/jazzy/opt/gz_sim_vendor:/opt/ros/jazzy/opt/gz_sensors_vendor:/opt/ros/jazzy/opt/gz_physics_vendor:/opt/ros/jazzy/opt/sdformat_vendor:/opt/ros/jazzy/opt/gz_gui_vendor:/opt/ros/jazzy/opt/gz_transport_vendor:/opt/ros/jazzy/opt/gz_rendering_vendor:/opt/ros/jazzy/opt/gz_plugin_vendor:/opt/ros/jazzy/opt/gz_fuel_tools_vendor:/opt/ros/jazzy/opt/gz_msgs_vendor:/opt/ros/jazzy/opt/gz_common_vendor:/opt/ros/jazzy/opt/gz_math_vendor:/opt/ros/jazzy/opt/gz_utils_vendor:/opt/ros/jazzy/opt/gz_tools_vendor:/opt/ros/jazzy/opt/gz_ogre_next_vendor:/opt/ros/jazzy/opt/gz_dartsim_vendor:/opt/ros/jazzy/opt/gz_cmake_vendor:/opt/ros/jazzy DEBUGINFOD_URLS=https://debuginfod.ubuntu.com LD_LIBRARY_PATH=/home/can/workspaces/fximu_ws/src/install/io_context/lib:/home/can/workspaces/rosrider_ws/install/teleop_twist_joy/lib:/home/can/workspaces/rosrider_ws/install/rosrider_interfaces/lib:/home/can/workspaces/fximu_ws/install/fximu_driver/lib:/home/can/workspaces/fximu_ws/install/io_context/lib:/opt/ros/jazzy/opt/gz_sim_vendor/lib:/opt/ros/jazzy/opt/gz_sensors_vendor/lib:/opt/ros/jazzy/opt/gz_physics_vendor/lib:/opt/ros/jazzy/opt/sdformat_vendor/lib:/opt/ros/jazzy/opt/rviz_ogre_vendor/lib:/opt/ros/jazzy/lib/x86_64-linux-gnu:/opt/ros/jazzy/opt/gz_gui_vendor/lib:/opt/ros/jazzy/opt/gz_transport_vendor/lib:/opt/ros/jazzy/opt/gz_rendering_vendor/lib:/opt/ros/jazzy/opt/gz_plugin_vendor/lib:/opt/ros/jazzy/opt/gz_fuel_tools_vendor/lib:/opt/ros/jazzy/opt/gz_msgs_vendor/lib:/opt/ros/jazzy/opt/gz_common_vendor/lib:/opt/ros/jazzy/opt/gz_math_vendor/lib:/opt/ros/jazzy/opt/gz_utils_vendor/lib:/opt/ros/jazzy/opt/gz_tools_vendor/lib:/opt/ros/jazzy/opt/gz_ogre_next_vendor/lib:/opt/ros/jazzy/opt/gz_dartsim_vendor/lib:/opt/ros/jazzy/opt/gz_cmake_vendor/lib:/opt/ros/jazzy/lib:/usr/local/cuda-12.8/lib64:/usr/local/lib:/usr/local/cuda-12.8/lib64:/usr/local/lib /usr/bin/cmake --install /home/can/workspaces/fximu_ws/src/build/fximu_driver
[22.348s] Level 1:colcon.colcon_core.environment:create_environment_scripts_only(fximu_driver)
[22.348s] Level 1:colcon.colcon_core.environment:checking '/home/can/workspaces/fximu_ws/src/install/fximu_driver' for CMake module files
[22.348s] DEBUG:colcon.colcon_core.event_handler.log_command:Invoked command in '/home/can/workspaces/fximu_ws/src/build/fximu_driver' returned '0': AMENT_PREFIX_PATH=/home/can/workspaces/fximu_ws/src/install/io_context:/home/can/workspaces/fximu_ws/src/install/asio_cmake_module:${AMENT_PREFIX_PATH} CMAKE_PREFIX_PATH=/home/can/workspaces/fximu_ws/src/install/io_context:/home/can/workspaces/fximu_ws/src/install/asio_cmake_module:/home/can/workspaces/rosrider_ws/install/teleop_twist_joy:/home/can/workspaces/rosrider_ws/install/rosrider:/home/can/workspaces/rosrider_ws/install/rosrider_node:/home/can/workspaces/rosrider_ws/install/rosrider_navigation2:/home/can/workspaces/rosrider_ws/install/rosrider_interfaces:/home/can/workspaces/rosrider_ws/install/rosrider_image:/home/can/workspaces/rosrider_ws/install/rosrider_gz_bringup:/home/can/workspaces/rosrider_ws/install/rosrider_gz_gazebo:/home/can/workspaces/rosrider_ws/install/rosrider_gz_description:/home/can/workspaces/rosrider_ws/install/rosrider_gz_app:/home/can/workspaces/rosrider_ws/install/rosrider_description:/home/can/workspaces/rosrider_ws/install/rosrider_cartographer:/home/can/workspaces/rosrider_ws/install/cappa_gz:/home/can/workspaces/fximu_ws/install/fximu_driver:/home/can/workspaces/fximu_ws/install/io_context:/home/can/workspaces/fximu_ws/install/asio_cmake_module:/opt/ros/jazzy/opt/gz_sim_vendor:/opt/ros/jazzy/opt/gz_sensors_vendor:/opt/ros/jazzy/opt/gz_physics_vendor:/opt/ros/jazzy/opt/sdformat_vendor:/opt/ros/jazzy/opt/gz_gui_vendor:/opt/ros/jazzy/opt/gz_transport_vendor:/opt/ros/jazzy/opt/gz_rendering_vendor:/opt/ros/jazzy/opt/gz_plugin_vendor:/opt/ros/jazzy/opt/gz_fuel_tools_vendor:/opt/ros/jazzy/opt/gz_msgs_vendor:/opt/ros/jazzy/opt/gz_common_vendor:/opt/ros/jazzy/opt/gz_math_vendor:/opt/ros/jazzy/opt/gz_utils_vendor:/opt/ros/jazzy/opt/gz_tools_vendor:/opt/ros/jazzy/opt/gz_ogre_next_vendor:/opt/ros/jazzy/opt/gz_dartsim_vendor:/opt/ros/jazzy/opt/gz_cmake_vendor:/opt/ros/jazzy DEBUGINFOD_URLS=https://debuginfod.ubuntu.com LD_LIBRARY_PATH=/home/can/workspaces/fximu_ws/src/install/io_context/lib:/home/can/workspaces/rosrider_ws/install/teleop_twist_joy/lib:/home/can/workspaces/rosrider_ws/install/rosrider_interfaces/lib:/home/can/workspaces/fximu_ws/install/fximu_driver/lib:/home/can/workspaces/fximu_ws/install/io_context/lib:/opt/ros/jazzy/opt/gz_sim_vendor/lib:/opt/ros/jazzy/opt/gz_sensors_vendor/lib:/opt/ros/jazzy/opt/gz_physics_vendor/lib:/opt/ros/jazzy/opt/sdformat_vendor/lib:/opt/ros/jazzy/opt/rviz_ogre_vendor/lib:/opt/ros/jazzy/lib/x86_64-linux-gnu:/opt/ros/jazzy/opt/gz_gui_vendor/lib:/opt/ros/jazzy/opt/gz_transport_vendor/lib:/opt/ros/jazzy/opt/gz_rendering_vendor/lib:/opt/ros/jazzy/opt/gz_plugin_vendor/lib:/opt/ros/jazzy/opt/gz_fuel_tools_vendor/lib:/opt/ros/jazzy/opt/gz_msgs_vendor/lib:/opt/ros/jazzy/opt/gz_common_vendor/lib:/opt/ros/jazzy/opt/gz_math_vendor/lib:/opt/ros/jazzy/opt/gz_utils_vendor/lib:/opt/ros/jazzy/opt/gz_tools_vendor/lib:/opt/ros/jazzy/opt/gz_ogre_next_vendor/lib:/opt/ros/jazzy/opt/gz_dartsim_vendor/lib:/opt/ros/jazzy/opt/gz_cmake_vendor/lib:/opt/ros/jazzy/lib:/usr/local/cuda-12.8/lib64:/usr/local/lib:/usr/local/cuda-12.8/lib64:/usr/local/lib /usr/bin/cmake --install /home/can/workspaces/fximu_ws/src/build/fximu_driver
[22.349s] Level 1:colcon.colcon_core.environment:checking '/home/can/workspaces/fximu_ws/src/install/fximu_driver' for CMake config files
[22.349s] Level 1:colcon.colcon_core.shell:create_environment_hook('fximu_driver', 'cmake_prefix_path')
[22.349s] INFO:colcon.colcon_core.shell:Creating environment hook '/home/can/workspaces/fximu_ws/src/install/fximu_driver/share/fximu_driver/hook/cmake_prefix_path.ps1'
[22.350s] INFO:colcon.colcon_core.shell:Creating environment descriptor '/home/can/workspaces/fximu_ws/src/install/fximu_driver/share/fximu_driver/hook/cmake_prefix_path.dsv'
[22.350s] INFO:colcon.colcon_core.shell:Creating environment hook '/home/can/workspaces/fximu_ws/src/install/fximu_driver/share/fximu_driver/hook/cmake_prefix_path.sh'
[22.350s] Level 1:colcon.colcon_core.environment:checking '/home/can/workspaces/fximu_ws/src/install/fximu_driver/lib'
[22.351s] Level 1:colcon.colcon_core.shell:create_environment_hook('fximu_driver', 'ld_library_path_lib')
[22.351s] INFO:colcon.colcon_core.shell:Creating environment hook '/home/can/workspaces/fximu_ws/src/install/fximu_driver/share/fximu_driver/hook/ld_library_path_lib.ps1'
[22.351s] INFO:colcon.colcon_core.shell:Creating environment descriptor '/home/can/workspaces/fximu_ws/src/install/fximu_driver/share/fximu_driver/hook/ld_library_path_lib.dsv'
[22.351s] INFO:colcon.colcon_core.shell:Creating environment hook '/home/can/workspaces/fximu_ws/src/install/fximu_driver/share/fximu_driver/hook/ld_library_path_lib.sh'
[22.352s] Level 1:colcon.colcon_core.environment:checking '/home/can/workspaces/fximu_ws/src/install/fximu_driver/bin'
[22.352s] Level 1:colcon.colcon_core.environment:checking '/home/can/workspaces/fximu_ws/src/install/fximu_driver/lib/pkgconfig/fximu_driver.pc'
[22.352s] Level 1:colcon.colcon_core.environment:checking '/home/can/workspaces/fximu_ws/src/install/fximu_driver/lib/python3.12/site-packages'
[22.352s] Level 1:colcon.colcon_core.environment:checking '/home/can/workspaces/fximu_ws/src/install/fximu_driver/bin'
[22.352s] INFO:colcon.colcon_core.shell:Creating package script '/home/can/workspaces/fximu_ws/src/install/fximu_driver/share/fximu_driver/package.ps1'
[22.353s] INFO:colcon.colcon_core.shell:Creating package descriptor '/home/can/workspaces/fximu_ws/src/install/fximu_driver/share/fximu_driver/package.dsv'
[22.353s] INFO:colcon.colcon_core.shell:Creating package script '/home/can/workspaces/fximu_ws/src/install/fximu_driver/share/fximu_driver/package.sh'
[22.353s] INFO:colcon.colcon_core.shell:Creating package script '/home/can/workspaces/fximu_ws/src/install/fximu_driver/share/fximu_driver/package.bash'
[22.354s] INFO:colcon.colcon_core.shell:Creating package script '/home/can/workspaces/fximu_ws/src/install/fximu_driver/share/fximu_driver/package.zsh'
[22.354s] Level 1:colcon.colcon_core.environment:create_file_with_runtime_dependencies(/home/can/workspaces/fximu_ws/src/install/fximu_driver/share/colcon-core/packages/fximu_driver)
[22.354s] Level 1:colcon.colcon_core.environment:create_environment_scripts_only(fximu_driver)
[22.355s] Level 1:colcon.colcon_core.environment:checking '/home/can/workspaces/fximu_ws/src/install/fximu_driver' for CMake module files
[22.355s] Level 1:colcon.colcon_core.environment:checking '/home/can/workspaces/fximu_ws/src/install/fximu_driver' for CMake config files
[22.355s] Level 1:colcon.colcon_core.shell:create_environment_hook('fximu_driver', 'cmake_prefix_path')
[22.356s] INFO:colcon.colcon_core.shell:Creating environment hook '/home/can/workspaces/fximu_ws/src/install/fximu_driver/share/fximu_driver/hook/cmake_prefix_path.ps1'
[22.356s] INFO:colcon.colcon_core.shell:Creating environment descriptor '/home/can/workspaces/fximu_ws/src/install/fximu_driver/share/fximu_driver/hook/cmake_prefix_path.dsv'
[22.356s] INFO:colcon.colcon_core.shell:Creating environment hook '/home/can/workspaces/fximu_ws/src/install/fximu_driver/share/fximu_driver/hook/cmake_prefix_path.sh'
[22.357s] Level 1:colcon.colcon_core.environment:checking '/home/can/workspaces/fximu_ws/src/install/fximu_driver/lib'
[22.357s] Level 1:colcon.colcon_core.shell:create_environment_hook('fximu_driver', 'ld_library_path_lib')
[22.357s] INFO:colcon.colcon_core.shell:Creating environment hook '/home/can/workspaces/fximu_ws/src/install/fximu_driver/share/fximu_driver/hook/ld_library_path_lib.ps1'
[22.357s] INFO:colcon.colcon_core.shell:Creating environment descriptor '/home/can/workspaces/fximu_ws/src/install/fximu_driver/share/fximu_driver/hook/ld_library_path_lib.dsv'
[22.357s] INFO:colcon.colcon_core.shell:Creating environment hook '/home/can/workspaces/fximu_ws/src/install/fximu_driver/share/fximu_driver/hook/ld_library_path_lib.sh'
[22.358s] Level 1:colcon.colcon_core.environment:checking '/home/can/workspaces/fximu_ws/src/install/fximu_driver/bin'
[22.358s] Level 1:colcon.colcon_core.environment:checking '/home/can/workspaces/fximu_ws/src/install/fximu_driver/lib/pkgconfig/fximu_driver.pc'
[22.358s] Level 1:colcon.colcon_core.environment:checking '/home/can/workspaces/fximu_ws/src/install/fximu_driver/lib/python3.12/site-packages'
[22.358s] Level 1:colcon.colcon_core.environment:checking '/home/can/workspaces/fximu_ws/src/install/fximu_driver/bin'
[22.358s] INFO:colcon.colcon_core.shell:Creating package script '/home/can/workspaces/fximu_ws/src/install/fximu_driver/share/fximu_driver/package.ps1'
[22.359s] INFO:colcon.colcon_core.shell:Creating package descriptor '/home/can/workspaces/fximu_ws/src/install/fximu_driver/share/fximu_driver/package.dsv'
[22.359s] INFO:colcon.colcon_core.shell:Creating package script '/home/can/workspaces/fximu_ws/src/install/fximu_driver/share/fximu_driver/package.sh'
[22.368s] INFO:colcon.colcon_core.shell:Creating package script '/home/can/workspaces/fximu_ws/src/install/fximu_driver/share/fximu_driver/package.bash'
[22.368s] INFO:colcon.colcon_core.shell:Creating package script '/home/can/workspaces/fximu_ws/src/install/fximu_driver/share/fximu_driver/package.zsh'
[22.369s] Level 1:colcon.colcon_core.environment:create_file_with_runtime_dependencies(/home/can/workspaces/fximu_ws/src/install/fximu_driver/share/colcon-core/packages/fximu_driver)
[22.369s] DEBUG:colcon.colcon_parallel_executor.executor.parallel:closing loop
[22.369s] DEBUG:colcon.colcon_parallel_executor.executor.parallel:loop closed
[22.369s] DEBUG:colcon.colcon_parallel_executor.executor.parallel:run_until_complete finished with '0'
[22.369s] DEBUG:colcon.colcon_core.event_reactor:joining thread
[22.375s] INFO:colcon.colcon_core.plugin_system:Skipping extension 'colcon_notification.desktop_notification.terminal_notifier': Not used on non-Darwin systems
[22.375s] INFO:colcon.colcon_core.plugin_system:Skipping extension 'colcon_notification.desktop_notification.win32': Not used on non-Windows systems
[22.375s] INFO:colcon.colcon_notification.desktop_notification:Sending desktop notification using 'notify2'
[22.388s] DEBUG:colcon.colcon_core.event_reactor:joined thread
[22.389s] INFO:colcon.colcon_core.shell:Creating prefix script '/home/can/workspaces/fximu_ws/src/install/local_setup.ps1'
[22.389s] INFO:colcon.colcon_core.shell:Creating prefix util module '/home/can/workspaces/fximu_ws/src/install/_local_setup_util_ps1.py'
[22.390s] INFO:colcon.colcon_core.shell:Creating prefix chain script '/home/can/workspaces/fximu_ws/src/install/setup.ps1'
[22.392s] INFO:colcon.colcon_core.shell:Creating prefix script '/home/can/workspaces/fximu_ws/src/install/local_setup.sh'
[22.392s] INFO:colcon.colcon_core.shell:Creating prefix util module '/home/can/workspaces/fximu_ws/src/install/_local_setup_util_sh.py'
[22.393s] INFO:colcon.colcon_core.shell:Creating prefix chain script '/home/can/workspaces/fximu_ws/src/install/setup.sh'
[22.395s] INFO:colcon.colcon_core.shell:Creating prefix script '/home/can/workspaces/fximu_ws/src/install/local_setup.bash'
[22.395s] INFO:colcon.colcon_core.shell:Creating prefix chain script '/home/can/workspaces/fximu_ws/src/install/setup.bash'
[22.397s] INFO:colcon.colcon_core.shell:Creating prefix script '/home/can/workspaces/fximu_ws/src/install/local_setup.zsh'
[22.397s] INFO:colcon.colcon_core.shell:Creating prefix chain script '/home/can/workspaces/fximu_ws/src/install/setup.zsh'
