[0.012s] Invoking command in '/home/can/workspaces/fximu_ws/src/build/asio_cmake_module': CMAKE_PREFIX_PATH=${CMAKE_PREFIX_PATH}:/opt/ros/jazzy DEBUGINFOD_URLS=https://debuginfod.ubuntu.com /usr/bin/cmake --build /home/can/workspaces/fximu_ws/src/build/asio_cmake_module -- -j12 -l12
[0.057s] Invoked command in '/home/can/workspaces/fximu_ws/src/build/asio_cmake_module' returned '0': CMAKE_PREFIX_PATH=${CMAKE_PREFIX_PATH}:/opt/ros/jazzy DEBUGINFOD_URLS=https://debuginfod.ubuntu.com /usr/bin/cmake --build /home/can/workspaces/fximu_ws/src/build/asio_cmake_module -- -j12 -l12
[0.068s] Invoking command in '/home/can/workspaces/fximu_ws/src/build/asio_cmake_module': CMAKE_PREFIX_PATH=${CMAKE_PREFIX_PATH}:/opt/ros/jazzy DEBUGINFOD_URLS=https://debuginfod.ubuntu.com /usr/bin/cmake --install /home/can/workspaces/fximu_ws/src/build/asio_cmake_module
[0.080s] -- Install configuration: ""
[0.080s] -- Up-to-date: /home/can/workspaces/fximu_ws/src/install/asio_cmake_module/share/ament_index/resource_index/package_run_dependencies/asio_cmake_module
[0.080s] -- Up-to-date: /home/can/workspaces/fximu_ws/src/install/asio_cmake_module/share/ament_index/resource_index/parent_prefix_path/asio_cmake_module
[0.080s] -- Up-to-date: /home/can/workspaces/fximu_ws/src/install/asio_cmake_module/share/asio_cmake_module/environment/ament_prefix_path.sh
[0.080s] -- Up-to-date: /home/can/workspaces/fximu_ws/src/install/asio_cmake_module/share/asio_cmake_module/environment/ament_prefix_path.dsv
[0.080s] -- Up-to-date: /home/can/workspaces/fximu_ws/src/install/asio_cmake_module/share/asio_cmake_module/environment/path.sh
[0.081s] -- Up-to-date: /home/can/workspaces/fximu_ws/src/install/asio_cmake_module/share/asio_cmake_module/environment/path.dsv
[0.081s] -- Up-to-date: /home/can/workspaces/fximu_ws/src/install/asio_cmake_module/share/asio_cmake_module/local_setup.bash
[0.081s] -- Up-to-date: /home/can/workspaces/fximu_ws/src/install/asio_cmake_module/share/asio_cmake_module/local_setup.sh
[0.081s] -- Up-to-date: /home/can/workspaces/fximu_ws/src/install/asio_cmake_module/share/asio_cmake_module/local_setup.zsh
[0.081s] -- Up-to-date: /home/can/workspaces/fximu_ws/src/install/asio_cmake_module/share/asio_cmake_module/local_setup.dsv
[0.081s] -- Up-to-date: /home/can/workspaces/fximu_ws/src/install/asio_cmake_module/share/asio_cmake_module/package.dsv
[0.081s] -- Up-to-date: /home/can/workspaces/fximu_ws/src/install/asio_cmake_module/share/ament_index/resource_index/packages/asio_cmake_module
[0.081s] -- Up-to-date: /home/can/workspaces/fximu_ws/src/install/asio_cmake_module/share/asio_cmake_module/cmake/asio_cmake_module-extras.cmake
[0.081s] -- Up-to-date: /home/can/workspaces/fximu_ws/src/install/asio_cmake_module/share/asio_cmake_module/cmake/asio_cmake_moduleConfig.cmake
[0.081s] -- Up-to-date: /home/can/workspaces/fximu_ws/src/install/asio_cmake_module/share/asio_cmake_module/cmake/asio_cmake_moduleConfig-version.cmake
[0.081s] -- Up-to-date: /home/can/workspaces/fximu_ws/src/install/asio_cmake_module/share/asio_cmake_module/package.xml
[0.081s] -- Up-to-date: /home/can/workspaces/fximu_ws/src/install/asio_cmake_module/share/asio_cmake_module/cmake
[0.081s] -- Up-to-date: /home/can/workspaces/fximu_ws/src/install/asio_cmake_module/share/asio_cmake_module/cmake/Modules
[0.081s] -- Up-to-date: /home/can/workspaces/fximu_ws/src/install/asio_cmake_module/share/asio_cmake_module/cmake/Modules/FindASIO.cmake
[0.082s] Invoked command in '/home/can/workspaces/fximu_ws/src/build/asio_cmake_module' returned '0': CMAKE_PREFIX_PATH=${CMAKE_PREFIX_PATH}:/opt/ros/jazzy DEBUGINFOD_URLS=https://debuginfod.ubuntu.com /usr/bin/cmake --install /home/can/workspaces/fximu_ws/src/build/asio_cmake_module
