[0.010s] Invoking command in '/home/can/workspaces/fximu_ws/src/build/io_context': AMENT_PREFIX_PATH=/home/can/workspaces/fximu_ws/src/install/asio_cmake_module:${AMENT_PREFIX_PATH} CMAKE_PREFIX_PATH=/home/can/workspaces/fximu_ws/src/install/asio_cmake_module:/home/can/workspaces/rosrider_ws/install/teleop_twist_joy:/home/can/workspaces/rosrider_ws/install/rosrider:/home/can/workspaces/rosrider_ws/install/rosrider_node:/home/can/workspaces/rosrider_ws/install/rosrider_navigation2:/home/can/workspaces/rosrider_ws/install/rosrider_interfaces:/home/can/workspaces/rosrider_ws/install/rosrider_image:/home/can/workspaces/rosrider_ws/install/rosrider_gz_bringup:/home/can/workspaces/rosrider_ws/install/rosrider_gz_gazebo:/home/can/workspaces/rosrider_ws/install/rosrider_gz_description:/home/can/workspaces/rosrider_ws/install/rosrider_gz_app:/home/can/workspaces/rosrider_ws/install/rosrider_description:/home/can/workspaces/rosrider_ws/install/rosrider_cartographer:/home/can/workspaces/rosrider_ws/install/cappa_gz:/home/can/workspaces/fximu_ws/install/fximu_driver:/home/can/workspaces/fximu_ws/install/io_context:/home/can/workspaces/fximu_ws/install/asio_cmake_module:/opt/ros/jazzy/opt/gz_sim_vendor:/opt/ros/jazzy/opt/gz_sensors_vendor:/opt/ros/jazzy/opt/gz_physics_vendor:/opt/ros/jazzy/opt/sdformat_vendor:/opt/ros/jazzy/opt/gz_gui_vendor:/opt/ros/jazzy/opt/gz_transport_vendor:/opt/ros/jazzy/opt/gz_rendering_vendor:/opt/ros/jazzy/opt/gz_plugin_vendor:/opt/ros/jazzy/opt/gz_fuel_tools_vendor:/opt/ros/jazzy/opt/gz_msgs_vendor:/opt/ros/jazzy/opt/gz_common_vendor:/opt/ros/jazzy/opt/gz_math_vendor:/opt/ros/jazzy/opt/gz_utils_vendor:/opt/ros/jazzy/opt/gz_tools_vendor:/opt/ros/jazzy/opt/gz_ogre_next_vendor:/opt/ros/jazzy/opt/gz_dartsim_vendor:/opt/ros/jazzy/opt/gz_cmake_vendor:/opt/ros/jazzy DEBUGINFOD_URLS=https://debuginfod.ubuntu.com /usr/bin/cmake --build /home/can/workspaces/fximu_ws/src/build/io_context -- -j12 -l12
[0.073s] [ 44%] Built target gtest_main
[0.073s] [ 44%] Built target gtest
[0.085s] [ 77%] Built target io_context
[0.119s] [100%] Built target test_io_context
[0.131s] Invoked command in '/home/can/workspaces/fximu_ws/src/build/io_context' returned '0': AMENT_PREFIX_PATH=/home/can/workspaces/fximu_ws/src/install/asio_cmake_module:${AMENT_PREFIX_PATH} CMAKE_PREFIX_PATH=/home/can/workspaces/fximu_ws/src/install/asio_cmake_module:/home/can/workspaces/rosrider_ws/install/teleop_twist_joy:/home/can/workspaces/rosrider_ws/install/rosrider:/home/can/workspaces/rosrider_ws/install/rosrider_node:/home/can/workspaces/rosrider_ws/install/rosrider_navigation2:/home/can/workspaces/rosrider_ws/install/rosrider_interfaces:/home/can/workspaces/rosrider_ws/install/rosrider_image:/home/can/workspaces/rosrider_ws/install/rosrider_gz_bringup:/home/can/workspaces/rosrider_ws/install/rosrider_gz_gazebo:/home/can/workspaces/rosrider_ws/install/rosrider_gz_description:/home/can/workspaces/rosrider_ws/install/rosrider_gz_app:/home/can/workspaces/rosrider_ws/install/rosrider_description:/home/can/workspaces/rosrider_ws/install/rosrider_cartographer:/home/can/workspaces/rosrider_ws/install/cappa_gz:/home/can/workspaces/fximu_ws/install/fximu_driver:/home/can/workspaces/fximu_ws/install/io_context:/home/can/workspaces/fximu_ws/install/asio_cmake_module:/opt/ros/jazzy/opt/gz_sim_vendor:/opt/ros/jazzy/opt/gz_sensors_vendor:/opt/ros/jazzy/opt/gz_physics_vendor:/opt/ros/jazzy/opt/sdformat_vendor:/opt/ros/jazzy/opt/gz_gui_vendor:/opt/ros/jazzy/opt/gz_transport_vendor:/opt/ros/jazzy/opt/gz_rendering_vendor:/opt/ros/jazzy/opt/gz_plugin_vendor:/opt/ros/jazzy/opt/gz_fuel_tools_vendor:/opt/ros/jazzy/opt/gz_msgs_vendor:/opt/ros/jazzy/opt/gz_common_vendor:/opt/ros/jazzy/opt/gz_math_vendor:/opt/ros/jazzy/opt/gz_utils_vendor:/opt/ros/jazzy/opt/gz_tools_vendor:/opt/ros/jazzy/opt/gz_ogre_next_vendor:/opt/ros/jazzy/opt/gz_dartsim_vendor:/opt/ros/jazzy/opt/gz_cmake_vendor:/opt/ros/jazzy DEBUGINFOD_URLS=https://debuginfod.ubuntu.com /usr/bin/cmake --build /home/can/workspaces/fximu_ws/src/build/io_context -- -j12 -l12
[0.132s] Invoking command in '/home/can/workspaces/fximu_ws/src/build/io_context': AMENT_PREFIX_PATH=/home/can/workspaces/fximu_ws/src/install/asio_cmake_module:${AMENT_PREFIX_PATH} CMAKE_PREFIX_PATH=/home/can/workspaces/fximu_ws/src/install/asio_cmake_module:/home/can/workspaces/rosrider_ws/install/teleop_twist_joy:/home/can/workspaces/rosrider_ws/install/rosrider:/home/can/workspaces/rosrider_ws/install/rosrider_node:/home/can/workspaces/rosrider_ws/install/rosrider_navigation2:/home/can/workspaces/rosrider_ws/install/rosrider_interfaces:/home/can/workspaces/rosrider_ws/install/rosrider_image:/home/can/workspaces/rosrider_ws/install/rosrider_gz_bringup:/home/can/workspaces/rosrider_ws/install/rosrider_gz_gazebo:/home/can/workspaces/rosrider_ws/install/rosrider_gz_description:/home/can/workspaces/rosrider_ws/install/rosrider_gz_app:/home/can/workspaces/rosrider_ws/install/rosrider_description:/home/can/workspaces/rosrider_ws/install/rosrider_cartographer:/home/can/workspaces/rosrider_ws/install/cappa_gz:/home/can/workspaces/fximu_ws/install/fximu_driver:/home/can/workspaces/fximu_ws/install/io_context:/home/can/workspaces/fximu_ws/install/asio_cmake_module:/opt/ros/jazzy/opt/gz_sim_vendor:/opt/ros/jazzy/opt/gz_sensors_vendor:/opt/ros/jazzy/opt/gz_physics_vendor:/opt/ros/jazzy/opt/sdformat_vendor:/opt/ros/jazzy/opt/gz_gui_vendor:/opt/ros/jazzy/opt/gz_transport_vendor:/opt/ros/jazzy/opt/gz_rendering_vendor:/opt/ros/jazzy/opt/gz_plugin_vendor:/opt/ros/jazzy/opt/gz_fuel_tools_vendor:/opt/ros/jazzy/opt/gz_msgs_vendor:/opt/ros/jazzy/opt/gz_common_vendor:/opt/ros/jazzy/opt/gz_math_vendor:/opt/ros/jazzy/opt/gz_utils_vendor:/opt/ros/jazzy/opt/gz_tools_vendor:/opt/ros/jazzy/opt/gz_ogre_next_vendor:/opt/ros/jazzy/opt/gz_dartsim_vendor:/opt/ros/jazzy/opt/gz_cmake_vendor:/opt/ros/jazzy DEBUGINFOD_URLS=https://debuginfod.ubuntu.com /usr/bin/cmake --install /home/can/workspaces/fximu_ws/src/build/io_context
[0.141s] -- Install configuration: ""
[0.141s] -- Up-to-date: /home/can/workspaces/fximu_ws/src/install/io_context/include/io_context
[0.141s] -- Up-to-date: /home/can/workspaces/fximu_ws/src/install/io_context/include/io_context/io_context
[0.141s] -- Up-to-date: /home/can/workspaces/fximu_ws/src/install/io_context/include/io_context/io_context/common.hpp
[0.142s] -- Up-to-date: /home/can/workspaces/fximu_ws/src/install/io_context/include/io_context/io_context/io_context.hpp
[0.142s] -- Up-to-date: /home/can/workspaces/fximu_ws/src/install/io_context/include/io_context/msg_converters
[0.142s] -- Up-to-date: /home/can/workspaces/fximu_ws/src/install/io_context/include/io_context/msg_converters/converters.hpp
[0.142s] -- Up-to-date: /home/can/workspaces/fximu_ws/src/install/io_context/include/io_context/msg_converters/udp_msgs.hpp
[0.142s] -- Up-to-date: /home/can/workspaces/fximu_ws/src/install/io_context/include/io_context/msg_converters/std_msgs.hpp
[0.142s] -- Up-to-date: /home/can/workspaces/fximu_ws/src/install/io_context/share/io_context/environment/library_path.sh
[0.142s] -- Up-to-date: /home/can/workspaces/fximu_ws/src/install/io_context/share/io_context/environment/library_path.dsv
[0.142s] -- Up-to-date: /home/can/workspaces/fximu_ws/src/install/io_context/lib/libio_context.so
[0.143s] -- Up-to-date: /home/can/workspaces/fximu_ws/src/install/io_context/share/ament_index/resource_index/package_run_dependencies/io_context
[0.143s] -- Up-to-date: /home/can/workspaces/fximu_ws/src/install/io_context/share/ament_index/resource_index/parent_prefix_path/io_context
[0.143s] -- Up-to-date: /home/can/workspaces/fximu_ws/src/install/io_context/share/io_context/environment/ament_prefix_path.sh
[0.143s] -- Up-to-date: /home/can/workspaces/fximu_ws/src/install/io_context/share/io_context/environment/ament_prefix_path.dsv
[0.143s] -- Up-to-date: /home/can/workspaces/fximu_ws/src/install/io_context/share/io_context/environment/path.sh
[0.143s] -- Up-to-date: /home/can/workspaces/fximu_ws/src/install/io_context/share/io_context/environment/path.dsv
[0.143s] -- Up-to-date: /home/can/workspaces/fximu_ws/src/install/io_context/share/io_context/local_setup.bash
[0.143s] -- Up-to-date: /home/can/workspaces/fximu_ws/src/install/io_context/share/io_context/local_setup.sh
[0.143s] -- Up-to-date: /home/can/workspaces/fximu_ws/src/install/io_context/share/io_context/local_setup.zsh
[0.144s] -- Up-to-date: /home/can/workspaces/fximu_ws/src/install/io_context/share/io_context/local_setup.dsv
[0.144s] -- Installing: /home/can/workspaces/fximu_ws/src/install/io_context/share/io_context/package.dsv
[0.144s] -- Up-to-date: /home/can/workspaces/fximu_ws/src/install/io_context/share/ament_index/resource_index/packages/io_context
[0.144s] -- Up-to-date: /home/can/workspaces/fximu_ws/src/install/io_context/share/io_context/cmake/ament_cmake_export_dependencies-extras.cmake
[0.144s] -- Up-to-date: /home/can/workspaces/fximu_ws/src/install/io_context/share/io_context/cmake/ament_cmake_export_include_directories-extras.cmake
[0.144s] -- Up-to-date: /home/can/workspaces/fximu_ws/src/install/io_context/share/io_context/cmake/ament_cmake_export_libraries-extras.cmake
[0.144s] -- Up-to-date: /home/can/workspaces/fximu_ws/src/install/io_context/share/io_context/cmake/io_context-extras.cmake
[0.144s] -- Up-to-date: /home/can/workspaces/fximu_ws/src/install/io_context/share/io_context/cmake/io_contextConfig.cmake
[0.145s] -- Up-to-date: /home/can/workspaces/fximu_ws/src/install/io_context/share/io_context/cmake/io_contextConfig-version.cmake
[0.145s] -- Up-to-date: /home/can/workspaces/fximu_ws/src/install/io_context/share/io_context/package.xml
[0.146s] Invoked command in '/home/can/workspaces/fximu_ws/src/build/io_context' returned '0': AMENT_PREFIX_PATH=/home/can/workspaces/fximu_ws/src/install/asio_cmake_module:${AMENT_PREFIX_PATH} CMAKE_PREFIX_PATH=/home/can/workspaces/fximu_ws/src/install/asio_cmake_module:/home/can/workspaces/rosrider_ws/install/teleop_twist_joy:/home/can/workspaces/rosrider_ws/install/rosrider:/home/can/workspaces/rosrider_ws/install/rosrider_node:/home/can/workspaces/rosrider_ws/install/rosrider_navigation2:/home/can/workspaces/rosrider_ws/install/rosrider_interfaces:/home/can/workspaces/rosrider_ws/install/rosrider_image:/home/can/workspaces/rosrider_ws/install/rosrider_gz_bringup:/home/can/workspaces/rosrider_ws/install/rosrider_gz_gazebo:/home/can/workspaces/rosrider_ws/install/rosrider_gz_description:/home/can/workspaces/rosrider_ws/install/rosrider_gz_app:/home/can/workspaces/rosrider_ws/install/rosrider_description:/home/can/workspaces/rosrider_ws/install/rosrider_cartographer:/home/can/workspaces/rosrider_ws/install/cappa_gz:/home/can/workspaces/fximu_ws/install/fximu_driver:/home/can/workspaces/fximu_ws/install/io_context:/home/can/workspaces/fximu_ws/install/asio_cmake_module:/opt/ros/jazzy/opt/gz_sim_vendor:/opt/ros/jazzy/opt/gz_sensors_vendor:/opt/ros/jazzy/opt/gz_physics_vendor:/opt/ros/jazzy/opt/sdformat_vendor:/opt/ros/jazzy/opt/gz_gui_vendor:/opt/ros/jazzy/opt/gz_transport_vendor:/opt/ros/jazzy/opt/gz_rendering_vendor:/opt/ros/jazzy/opt/gz_plugin_vendor:/opt/ros/jazzy/opt/gz_fuel_tools_vendor:/opt/ros/jazzy/opt/gz_msgs_vendor:/opt/ros/jazzy/opt/gz_common_vendor:/opt/ros/jazzy/opt/gz_math_vendor:/opt/ros/jazzy/opt/gz_utils_vendor:/opt/ros/jazzy/opt/gz_tools_vendor:/opt/ros/jazzy/opt/gz_ogre_next_vendor:/opt/ros/jazzy/opt/gz_dartsim_vendor:/opt/ros/jazzy/opt/gz_cmake_vendor:/opt/ros/jazzy DEBUGINFOD_URLS=https://debuginfod.ubuntu.com /usr/bin/cmake --install /home/can/workspaces/fximu_ws/src/build/io_context
