[0.113s] DEBUG:colcon:Command line arguments: ['/usr/bin/colcon', 'build']
[0.113s] DEBUG:colcon:Parsed command line arguments: Namespace(log_base=None, log_level=None, verb_name='build', build_base='build', install_base='install', merge_install=False, symlink_install=False, test_result_base=None, continue_on_error=False, executor='parallel', parallel_workers=12, event_handlers=None, ignore_user_meta=False, metas=['./colcon.meta'], base_paths=['.'], packages_ignore=None, packages_ignore_regex=None, paths=None, packages_up_to=None, packages_up_to_regex=None, packages_above=None, packages_above_and_dependencies=None, packages_above_depth=None, packages_select_by_dep=None, packages_skip_by_dep=None, packages_skip_up_to=None, packages_select_build_failed=False, packages_skip_build_finished=False, packages_select_test_failures=False, packages_skip_test_passed=False, packages_select=None, packages_skip=None, packages_select_regex=None, packages_skip_regex=None, packages_start=None, packages_end=None, allow_overriding=[], cmake_args=None, cmake_target=None, cmake_target_skip_unavailable=False, cmake_clean_cache=False, cmake_clean_first=False, cmake_force_configure=False, ament_cmake_args=None, catkin_cmake_args=None, catkin_skip_building_tests=False, mixin_files=None, mixin=None, verb_parser=<colcon_mixin.mixin.mixin_argument.MixinArgumentDecorator object at 0x7fb87bbabe60>, verb_extension=<colcon_core.verb.build.BuildVerb object at 0x7fb87bbab800>, main=<bound method BuildVerb.main of <colcon_core.verb.build.BuildVerb object at 0x7fb87bbab800>>, mixin_verb=('build',))
[0.150s] Level 1:colcon.colcon_core.package_discovery:discover_packages(colcon_meta) check parameters
[0.150s] Level 1:colcon.colcon_core.package_discovery:discover_packages(recursive) check parameters
[0.150s] Level 1:colcon.colcon_core.package_discovery:discover_packages(ignore) check parameters
[0.150s] Level 1:colcon.colcon_core.package_discovery:discover_packages(path) check parameters
[0.150s] Level 1:colcon.colcon_core.package_discovery:discover_packages(colcon_meta) discover
[0.150s] Level 1:colcon.colcon_core.package_discovery:discover_packages(recursive) discover
[0.150s] INFO:colcon.colcon_core.package_discovery:Crawling recursively for packages in '/home/can/workspaces/fximu_ws/src'
[0.151s] Level 1:colcon.colcon_core.package_identification:_identify(.) by extensions ['ignore', 'ignore_ament_install']
[0.151s] Level 1:colcon.colcon_core.package_identification:_identify(.) by extension 'ignore'
[0.151s] Level 1:colcon.colcon_core.package_identification:_identify(.) by extension 'ignore_ament_install'
[0.151s] Level 1:colcon.colcon_core.package_identification:_identify(.) by extensions ['colcon_pkg']
[0.151s] Level 1:colcon.colcon_core.package_identification:_identify(.) by extension 'colcon_pkg'
[0.151s] Level 1:colcon.colcon_core.package_identification:_identify(.) by extensions ['colcon_meta']
[0.151s] Level 1:colcon.colcon_core.package_identification:_identify(.) by extension 'colcon_meta'
[0.151s] Level 1:colcon.colcon_core.package_identification:_identify(.) by extensions ['ros']
[0.151s] Level 1:colcon.colcon_core.package_identification:_identify(.) by extension 'ros'
[0.174s] Level 1:colcon.colcon_core.package_identification:_identify(.) by extensions ['cmake', 'python']
[0.174s] Level 1:colcon.colcon_core.package_identification:_identify(.) by extension 'cmake'
[0.174s] Level 1:colcon.colcon_core.package_identification:_identify(.) by extension 'python'
[0.174s] Level 1:colcon.colcon_core.package_identification:_identify(.) by extensions ['python_setup_py']
[0.174s] Level 1:colcon.colcon_core.package_identification:_identify(.) by extension 'python_setup_py'
[0.174s] Level 1:colcon.colcon_core.package_identification:_identify(asio_cmake_module) by extensions ['ignore', 'ignore_ament_install']
[0.174s] Level 1:colcon.colcon_core.package_identification:_identify(asio_cmake_module) by extension 'ignore'
[0.174s] Level 1:colcon.colcon_core.package_identification:_identify(asio_cmake_module) by extension 'ignore_ament_install'
[0.174s] Level 1:colcon.colcon_core.package_identification:_identify(asio_cmake_module) by extensions ['colcon_pkg']
[0.174s] Level 1:colcon.colcon_core.package_identification:_identify(asio_cmake_module) by extension 'colcon_pkg'
[0.174s] Level 1:colcon.colcon_core.package_identification:_identify(asio_cmake_module) by extensions ['colcon_meta']
[0.174s] Level 1:colcon.colcon_core.package_identification:_identify(asio_cmake_module) by extension 'colcon_meta'
[0.174s] Level 1:colcon.colcon_core.package_identification:_identify(asio_cmake_module) by extensions ['ros']
[0.174s] Level 1:colcon.colcon_core.package_identification:_identify(asio_cmake_module) by extension 'ros'
[0.176s] DEBUG:colcon.colcon_core.package_identification:Package 'asio_cmake_module' with type 'ros.ament_cmake' and name 'asio_cmake_module'
[0.177s] Level 1:colcon.colcon_core.package_identification:_identify(build) by extensions ['ignore', 'ignore_ament_install']
[0.177s] Level 1:colcon.colcon_core.package_identification:_identify(build) by extension 'ignore'
[0.177s] Level 1:colcon.colcon_core.package_identification:_identify(build) ignored
[0.177s] Level 1:colcon.colcon_core.package_identification:_identify(fximu_driver) by extensions ['ignore', 'ignore_ament_install']
[0.177s] Level 1:colcon.colcon_core.package_identification:_identify(fximu_driver) by extension 'ignore'
[0.177s] Level 1:colcon.colcon_core.package_identification:_identify(fximu_driver) by extension 'ignore_ament_install'
[0.177s] Level 1:colcon.colcon_core.package_identification:_identify(fximu_driver) by extensions ['colcon_pkg']
[0.177s] Level 1:colcon.colcon_core.package_identification:_identify(fximu_driver) by extension 'colcon_pkg'
[0.177s] Level 1:colcon.colcon_core.package_identification:_identify(fximu_driver) by extensions ['colcon_meta']
[0.177s] Level 1:colcon.colcon_core.package_identification:_identify(fximu_driver) by extension 'colcon_meta'
[0.177s] Level 1:colcon.colcon_core.package_identification:_identify(fximu_driver) by extensions ['ros']
[0.177s] Level 1:colcon.colcon_core.package_identification:_identify(fximu_driver) by extension 'ros'
[0.178s] DEBUG:colcon.colcon_core.package_identification:Package 'fximu_driver' with type 'ros.ament_cmake' and name 'fximu_driver'
[0.178s] Level 1:colcon.colcon_core.package_identification:_identify(install) by extensions ['ignore', 'ignore_ament_install']
[0.178s] Level 1:colcon.colcon_core.package_identification:_identify(install) by extension 'ignore'
[0.178s] Level 1:colcon.colcon_core.package_identification:_identify(install) ignored
[0.178s] Level 1:colcon.colcon_core.package_identification:_identify(io_context) by extensions ['ignore', 'ignore_ament_install']
[0.178s] Level 1:colcon.colcon_core.package_identification:_identify(io_context) by extension 'ignore'
[0.178s] Level 1:colcon.colcon_core.package_identification:_identify(io_context) by extension 'ignore_ament_install'
[0.178s] Level 1:colcon.colcon_core.package_identification:_identify(io_context) by extensions ['colcon_pkg']
[0.178s] Level 1:colcon.colcon_core.package_identification:_identify(io_context) by extension 'colcon_pkg'
[0.178s] Level 1:colcon.colcon_core.package_identification:_identify(io_context) by extensions ['colcon_meta']
[0.178s] Level 1:colcon.colcon_core.package_identification:_identify(io_context) by extension 'colcon_meta'
[0.179s] Level 1:colcon.colcon_core.package_identification:_identify(io_context) by extensions ['ros']
[0.179s] Level 1:colcon.colcon_core.package_identification:_identify(io_context) by extension 'ros'
[0.179s] DEBUG:colcon.colcon_core.package_identification:Package 'io_context' with type 'ros.ament_cmake' and name 'io_context'
[0.179s] Level 1:colcon.colcon_core.package_identification:_identify(log) by extensions ['ignore', 'ignore_ament_install']
[0.179s] Level 1:colcon.colcon_core.package_identification:_identify(log) by extension 'ignore'
[0.179s] Level 1:colcon.colcon_core.package_identification:_identify(log) ignored
[0.179s] Level 1:colcon.colcon_core.package_discovery:discover_packages(recursive) using defaults
[0.180s] Level 1:colcon.colcon_core.package_discovery:discover_packages(ignore) discover
[0.180s] Level 1:colcon.colcon_core.package_discovery:discover_packages(ignore) using defaults
[0.180s] Level 1:colcon.colcon_core.package_discovery:discover_packages(path) discover
[0.180s] Level 1:colcon.colcon_core.package_discovery:discover_packages(path) using defaults
[0.196s] Level 1:colcon.colcon_core.package_discovery:discover_packages(prefix_path) check parameters
[0.196s] Level 1:colcon.colcon_core.package_discovery:discover_packages(prefix_path) discover
[0.198s] DEBUG:colcon.colcon_installed_package_information.package_discovery:Found 3 installed packages in /home/can/workspaces/fximu_ws/install
[0.199s] DEBUG:colcon.colcon_installed_package_information.package_discovery:Found 13 installed packages in /home/can/workspaces/rosrider_ws/install
[0.201s] DEBUG:colcon.colcon_installed_package_information.package_discovery:Found 446 installed packages in /opt/ros/jazzy
[0.203s] Level 1:colcon.colcon_core.package_discovery:discover_packages(prefix_path) using defaults
[0.265s] Level 5:colcon.colcon_core.verb:set package 'asio_cmake_module' build argument 'cmake_args' from command line to 'None'
[0.265s] Level 5:colcon.colcon_core.verb:set package 'asio_cmake_module' build argument 'cmake_target' from command line to 'None'
[0.266s] Level 5:colcon.colcon_core.verb:set package 'asio_cmake_module' build argument 'cmake_target_skip_unavailable' from command line to 'False'
[0.266s] Level 5:colcon.colcon_core.verb:set package 'asio_cmake_module' build argument 'cmake_clean_cache' from command line to 'False'
[0.266s] Level 5:colcon.colcon_core.verb:set package 'asio_cmake_module' build argument 'cmake_clean_first' from command line to 'False'
[0.266s] Level 5:colcon.colcon_core.verb:set package 'asio_cmake_module' build argument 'cmake_force_configure' from command line to 'False'
[0.266s] Level 5:colcon.colcon_core.verb:set package 'asio_cmake_module' build argument 'ament_cmake_args' from command line to 'None'
[0.266s] Level 5:colcon.colcon_core.verb:set package 'asio_cmake_module' build argument 'catkin_cmake_args' from command line to 'None'
[0.266s] Level 5:colcon.colcon_core.verb:set package 'asio_cmake_module' build argument 'catkin_skip_building_tests' from command line to 'False'
[0.266s] DEBUG:colcon.colcon_core.verb:Building package 'asio_cmake_module' with the following arguments: {'ament_cmake_args': None, 'build_base': '/home/can/workspaces/fximu_ws/src/build/asio_cmake_module', 'catkin_cmake_args': None, 'catkin_skip_building_tests': False, 'cmake_args': None, 'cmake_clean_cache': False, 'cmake_clean_first': False, 'cmake_force_configure': False, 'cmake_target': None, 'cmake_target_skip_unavailable': False, 'install_base': '/home/can/workspaces/fximu_ws/src/install/asio_cmake_module', 'merge_install': False, 'path': '/home/can/workspaces/fximu_ws/src/asio_cmake_module', 'symlink_install': False, 'test_result_base': None}
[0.266s] Level 5:colcon.colcon_core.verb:set package 'io_context' build argument 'cmake_args' from command line to 'None'
[0.266s] Level 5:colcon.colcon_core.verb:set package 'io_context' build argument 'cmake_target' from command line to 'None'
[0.266s] Level 5:colcon.colcon_core.verb:set package 'io_context' build argument 'cmake_target_skip_unavailable' from command line to 'False'
[0.266s] Level 5:colcon.colcon_core.verb:set package 'io_context' build argument 'cmake_clean_cache' from command line to 'False'
[0.266s] Level 5:colcon.colcon_core.verb:set package 'io_context' build argument 'cmake_clean_first' from command line to 'False'
[0.266s] Level 5:colcon.colcon_core.verb:set package 'io_context' build argument 'cmake_force_configure' from command line to 'False'
[0.266s] Level 5:colcon.colcon_core.verb:set package 'io_context' build argument 'ament_cmake_args' from command line to 'None'
[0.266s] Level 5:colcon.colcon_core.verb:set package 'io_context' build argument 'catkin_cmake_args' from command line to 'None'
[0.266s] Level 5:colcon.colcon_core.verb:set package 'io_context' build argument 'catkin_skip_building_tests' from command line to 'False'
[0.266s] DEBUG:colcon.colcon_core.verb:Building package 'io_context' with the following arguments: {'ament_cmake_args': None, 'build_base': '/home/can/workspaces/fximu_ws/src/build/io_context', 'catkin_cmake_args': None, 'catkin_skip_building_tests': False, 'cmake_args': None, 'cmake_clean_cache': False, 'cmake_clean_first': False, 'cmake_force_configure': False, 'cmake_target': None, 'cmake_target_skip_unavailable': False, 'install_base': '/home/can/workspaces/fximu_ws/src/install/io_context', 'merge_install': False, 'path': '/home/can/workspaces/fximu_ws/src/io_context', 'symlink_install': False, 'test_result_base': None}
[0.266s] Level 5:colcon.colcon_core.verb:set package 'fximu_driver' build argument 'cmake_args' from command line to 'None'
[0.266s] Level 5:colcon.colcon_core.verb:set package 'fximu_driver' build argument 'cmake_target' from command line to 'None'
[0.266s] Level 5:colcon.colcon_core.verb:set package 'fximu_driver' build argument 'cmake_target_skip_unavailable' from command line to 'False'
[0.266s] Level 5:colcon.colcon_core.verb:set package 'fximu_driver' build argument 'cmake_clean_cache' from command line to 'False'
[0.266s] Level 5:colcon.colcon_core.verb:set package 'fximu_driver' build argument 'cmake_clean_first' from command line to 'False'
[0.266s] Level 5:colcon.colcon_core.verb:set package 'fximu_driver' build argument 'cmake_force_configure' from command line to 'False'
[0.267s] Level 5:colcon.colcon_core.verb:set package 'fximu_driver' build argument 'ament_cmake_args' from command line to 'None'
[0.267s] Level 5:colcon.colcon_core.verb:set package 'fximu_driver' build argument 'catkin_cmake_args' from command line to 'None'
[0.267s] Level 5:colcon.colcon_core.verb:set package 'fximu_driver' build argument 'catkin_skip_building_tests' from command line to 'False'
[0.267s] DEBUG:colcon.colcon_core.verb:Building package 'fximu_driver' with the following arguments: {'ament_cmake_args': None, 'build_base': '/home/can/workspaces/fximu_ws/src/build/fximu_driver', 'catkin_cmake_args': None, 'catkin_skip_building_tests': False, 'cmake_args': None, 'cmake_clean_cache': False, 'cmake_clean_first': False, 'cmake_force_configure': False, 'cmake_target': None, 'cmake_target_skip_unavailable': False, 'install_base': '/home/can/workspaces/fximu_ws/src/install/fximu_driver', 'merge_install': False, 'path': '/home/can/workspaces/fximu_ws/src/fximu_driver', 'symlink_install': False, 'test_result_base': None}
[0.267s] INFO:colcon.colcon_core.executor:Executing jobs using 'parallel' executor
[0.267s] DEBUG:colcon.colcon_parallel_executor.executor.parallel:run_until_complete
[0.267s] INFO:colcon.colcon_ros.task.ament_cmake.build:Building ROS package in '/home/can/workspaces/fximu_ws/src/asio_cmake_module' with build type 'ament_cmake'
[0.268s] INFO:colcon.colcon_cmake.task.cmake.build:Building CMake package in '/home/can/workspaces/fximu_ws/src/asio_cmake_module'
[0.270s] INFO:colcon.colcon_core.plugin_system:Skipping extension 'colcon_core.shell.bat': Not used on non-Windows systems
[0.270s] INFO:colcon.colcon_core.shell:Skip shell extension 'powershell' for command environment: Not usable outside of PowerShell
[0.270s] DEBUG:colcon.colcon_core.shell:Skip shell extension 'dsv' for command environment
[0.280s] DEBUG:colcon.colcon_core.event_handler.log_command:Invoking command in '/home/can/workspaces/fximu_ws/src/build/asio_cmake_module': CMAKE_PREFIX_PATH=${CMAKE_PREFIX_PATH}:/opt/ros/jazzy DEBUGINFOD_URLS=https://debuginfod.ubuntu.com /usr/bin/cmake --build /home/can/workspaces/fximu_ws/src/build/asio_cmake_module -- -j12 -l12
[0.325s] DEBUG:colcon.colcon_core.event_handler.log_command:Invoked command in '/home/can/workspaces/fximu_ws/src/build/asio_cmake_module' returned '0': CMAKE_PREFIX_PATH=${CMAKE_PREFIX_PATH}:/opt/ros/jazzy DEBUGINFOD_URLS=https://debuginfod.ubuntu.com /usr/bin/cmake --build /home/can/workspaces/fximu_ws/src/build/asio_cmake_module -- -j12 -l12
[0.336s] DEBUG:colcon.colcon_core.event_handler.log_command:Invoking command in '/home/can/workspaces/fximu_ws/src/build/asio_cmake_module': CMAKE_PREFIX_PATH=${CMAKE_PREFIX_PATH}:/opt/ros/jazzy DEBUGINFOD_URLS=https://debuginfod.ubuntu.com /usr/bin/cmake --install /home/can/workspaces/fximu_ws/src/build/asio_cmake_module
[0.350s] Level 1:colcon.colcon_core.environment:create_environment_scripts_only(asio_cmake_module)
[0.350s] DEBUG:colcon.colcon_core.event_handler.log_command:Invoked command in '/home/can/workspaces/fximu_ws/src/build/asio_cmake_module' returned '0': CMAKE_PREFIX_PATH=${CMAKE_PREFIX_PATH}:/opt/ros/jazzy DEBUGINFOD_URLS=https://debuginfod.ubuntu.com /usr/bin/cmake --install /home/can/workspaces/fximu_ws/src/build/asio_cmake_module
[0.352s] Level 1:colcon.colcon_core.environment:checking '/home/can/workspaces/fximu_ws/src/install/asio_cmake_module' for CMake module files
[0.353s] Level 1:colcon.colcon_core.environment:checking '/home/can/workspaces/fximu_ws/src/install/asio_cmake_module' for CMake config files
[0.353s] Level 1:colcon.colcon_core.shell:create_environment_hook('asio_cmake_module', 'cmake_prefix_path')
[0.353s] INFO:colcon.colcon_core.shell:Creating environment hook '/home/can/workspaces/fximu_ws/src/install/asio_cmake_module/share/asio_cmake_module/hook/cmake_prefix_path.ps1'
[0.354s] INFO:colcon.colcon_core.shell:Creating environment descriptor '/home/can/workspaces/fximu_ws/src/install/asio_cmake_module/share/asio_cmake_module/hook/cmake_prefix_path.dsv'
[0.354s] INFO:colcon.colcon_core.shell:Creating environment hook '/home/can/workspaces/fximu_ws/src/install/asio_cmake_module/share/asio_cmake_module/hook/cmake_prefix_path.sh'
[0.355s] Level 1:colcon.colcon_core.environment:checking '/home/can/workspaces/fximu_ws/src/install/asio_cmake_module/bin'
[0.355s] Level 1:colcon.colcon_core.environment:checking '/home/can/workspaces/fximu_ws/src/install/asio_cmake_module/lib/pkgconfig/asio_cmake_module.pc'
[0.355s] Level 1:colcon.colcon_core.environment:checking '/home/can/workspaces/fximu_ws/src/install/asio_cmake_module/lib/python3.12/site-packages'
[0.355s] Level 1:colcon.colcon_core.environment:checking '/home/can/workspaces/fximu_ws/src/install/asio_cmake_module/bin'
[0.355s] INFO:colcon.colcon_core.shell:Creating package script '/home/can/workspaces/fximu_ws/src/install/asio_cmake_module/share/asio_cmake_module/package.ps1'
[0.356s] INFO:colcon.colcon_core.shell:Creating package descriptor '/home/can/workspaces/fximu_ws/src/install/asio_cmake_module/share/asio_cmake_module/package.dsv'
[0.356s] INFO:colcon.colcon_core.shell:Creating package script '/home/can/workspaces/fximu_ws/src/install/asio_cmake_module/share/asio_cmake_module/package.sh'
[0.357s] INFO:colcon.colcon_core.shell:Creating package script '/home/can/workspaces/fximu_ws/src/install/asio_cmake_module/share/asio_cmake_module/package.bash'
[0.357s] INFO:colcon.colcon_core.shell:Creating package script '/home/can/workspaces/fximu_ws/src/install/asio_cmake_module/share/asio_cmake_module/package.zsh'
[0.358s] Level 1:colcon.colcon_core.environment:create_file_with_runtime_dependencies(/home/can/workspaces/fximu_ws/src/install/asio_cmake_module/share/colcon-core/packages/asio_cmake_module)
[0.358s] Level 1:colcon.colcon_core.environment:create_environment_scripts_only(asio_cmake_module)
[0.358s] Level 1:colcon.colcon_core.environment:checking '/home/can/workspaces/fximu_ws/src/install/asio_cmake_module' for CMake module files
[0.359s] Level 1:colcon.colcon_core.environment:checking '/home/can/workspaces/fximu_ws/src/install/asio_cmake_module' for CMake config files
[0.359s] Level 1:colcon.colcon_core.shell:create_environment_hook('asio_cmake_module', 'cmake_prefix_path')
[0.359s] INFO:colcon.colcon_core.shell:Creating environment hook '/home/can/workspaces/fximu_ws/src/install/asio_cmake_module/share/asio_cmake_module/hook/cmake_prefix_path.ps1'
[0.360s] INFO:colcon.colcon_core.shell:Creating environment descriptor '/home/can/workspaces/fximu_ws/src/install/asio_cmake_module/share/asio_cmake_module/hook/cmake_prefix_path.dsv'
[0.360s] INFO:colcon.colcon_core.shell:Creating environment hook '/home/can/workspaces/fximu_ws/src/install/asio_cmake_module/share/asio_cmake_module/hook/cmake_prefix_path.sh'
[0.360s] Level 1:colcon.colcon_core.environment:checking '/home/can/workspaces/fximu_ws/src/install/asio_cmake_module/bin'
[0.360s] Level 1:colcon.colcon_core.environment:checking '/home/can/workspaces/fximu_ws/src/install/asio_cmake_module/lib/pkgconfig/asio_cmake_module.pc'
[0.361s] Level 1:colcon.colcon_core.environment:checking '/home/can/workspaces/fximu_ws/src/install/asio_cmake_module/lib/python3.12/site-packages'
[0.361s] Level 1:colcon.colcon_core.environment:checking '/home/can/workspaces/fximu_ws/src/install/asio_cmake_module/bin'
[0.361s] INFO:colcon.colcon_core.shell:Creating package script '/home/can/workspaces/fximu_ws/src/install/asio_cmake_module/share/asio_cmake_module/package.ps1'
[0.361s] INFO:colcon.colcon_core.shell:Creating package descriptor '/home/can/workspaces/fximu_ws/src/install/asio_cmake_module/share/asio_cmake_module/package.dsv'
[0.362s] INFO:colcon.colcon_core.shell:Creating package script '/home/can/workspaces/fximu_ws/src/install/asio_cmake_module/share/asio_cmake_module/package.sh'
[0.362s] INFO:colcon.colcon_core.shell:Creating package script '/home/can/workspaces/fximu_ws/src/install/asio_cmake_module/share/asio_cmake_module/package.bash'
[0.362s] INFO:colcon.colcon_core.shell:Creating package script '/home/can/workspaces/fximu_ws/src/install/asio_cmake_module/share/asio_cmake_module/package.zsh'
[0.363s] Level 1:colcon.colcon_core.environment:create_file_with_runtime_dependencies(/home/can/workspaces/fximu_ws/src/install/asio_cmake_module/share/colcon-core/packages/asio_cmake_module)
[0.363s] INFO:colcon.colcon_ros.task.ament_cmake.build:Building ROS package in '/home/can/workspaces/fximu_ws/src/io_context' with build type 'ament_cmake'
[0.363s] INFO:colcon.colcon_cmake.task.cmake.build:Building CMake package in '/home/can/workspaces/fximu_ws/src/io_context'
[0.363s] INFO:colcon.colcon_core.shell:Skip shell extension 'powershell' for command environment: Not usable outside of PowerShell
[0.363s] DEBUG:colcon.colcon_core.shell:Skip shell extension 'dsv' for command environment
[0.374s] DEBUG:colcon.colcon_core.event_handler.log_command:Invoking command in '/home/can/workspaces/fximu_ws/src/build/io_context': AMENT_PREFIX_PATH=/home/can/workspaces/fximu_ws/src/install/asio_cmake_module:${AMENT_PREFIX_PATH} CMAKE_PREFIX_PATH=/home/can/workspaces/fximu_ws/src/install/asio_cmake_module:/home/can/workspaces/rosrider_ws/install/teleop_twist_joy:/home/can/workspaces/rosrider_ws/install/rosrider:/home/can/workspaces/rosrider_ws/install/rosrider_node:/home/can/workspaces/rosrider_ws/install/rosrider_navigation2:/home/can/workspaces/rosrider_ws/install/rosrider_interfaces:/home/can/workspaces/rosrider_ws/install/rosrider_image:/home/can/workspaces/rosrider_ws/install/rosrider_gz_bringup:/home/can/workspaces/rosrider_ws/install/rosrider_gz_gazebo:/home/can/workspaces/rosrider_ws/install/rosrider_gz_description:/home/can/workspaces/rosrider_ws/install/rosrider_gz_app:/home/can/workspaces/rosrider_ws/install/rosrider_description:/home/can/workspaces/rosrider_ws/install/rosrider_cartographer:/home/can/workspaces/rosrider_ws/install/cappa_gz:/home/can/workspaces/fximu_ws/install/fximu_driver:/home/can/workspaces/fximu_ws/install/io_context:/home/can/workspaces/fximu_ws/install/asio_cmake_module:/opt/ros/jazzy/opt/gz_sim_vendor:/opt/ros/jazzy/opt/gz_sensors_vendor:/opt/ros/jazzy/opt/gz_physics_vendor:/opt/ros/jazzy/opt/sdformat_vendor:/opt/ros/jazzy/opt/gz_gui_vendor:/opt/ros/jazzy/opt/gz_transport_vendor:/opt/ros/jazzy/opt/gz_rendering_vendor:/opt/ros/jazzy/opt/gz_plugin_vendor:/opt/ros/jazzy/opt/gz_fuel_tools_vendor:/opt/ros/jazzy/opt/gz_msgs_vendor:/opt/ros/jazzy/opt/gz_common_vendor:/opt/ros/jazzy/opt/gz_math_vendor:/opt/ros/jazzy/opt/gz_utils_vendor:/opt/ros/jazzy/opt/gz_tools_vendor:/opt/ros/jazzy/opt/gz_ogre_next_vendor:/opt/ros/jazzy/opt/gz_dartsim_vendor:/opt/ros/jazzy/opt/gz_cmake_vendor:/opt/ros/jazzy DEBUGINFOD_URLS=https://debuginfod.ubuntu.com /usr/bin/cmake --build /home/can/workspaces/fximu_ws/src/build/io_context -- -j12 -l12
[0.495s] DEBUG:colcon.colcon_core.event_handler.log_command:Invoked command in '/home/can/workspaces/fximu_ws/src/build/io_context' returned '0': AMENT_PREFIX_PATH=/home/can/workspaces/fximu_ws/src/install/asio_cmake_module:${AMENT_PREFIX_PATH} CMAKE_PREFIX_PATH=/home/can/workspaces/fximu_ws/src/install/asio_cmake_module:/home/can/workspaces/rosrider_ws/install/teleop_twist_joy:/home/can/workspaces/rosrider_ws/install/rosrider:/home/can/workspaces/rosrider_ws/install/rosrider_node:/home/can/workspaces/rosrider_ws/install/rosrider_navigation2:/home/can/workspaces/rosrider_ws/install/rosrider_interfaces:/home/can/workspaces/rosrider_ws/install/rosrider_image:/home/can/workspaces/rosrider_ws/install/rosrider_gz_bringup:/home/can/workspaces/rosrider_ws/install/rosrider_gz_gazebo:/home/can/workspaces/rosrider_ws/install/rosrider_gz_description:/home/can/workspaces/rosrider_ws/install/rosrider_gz_app:/home/can/workspaces/rosrider_ws/install/rosrider_description:/home/can/workspaces/rosrider_ws/install/rosrider_cartographer:/home/can/workspaces/rosrider_ws/install/cappa_gz:/home/can/workspaces/fximu_ws/install/fximu_driver:/home/can/workspaces/fximu_ws/install/io_context:/home/can/workspaces/fximu_ws/install/asio_cmake_module:/opt/ros/jazzy/opt/gz_sim_vendor:/opt/ros/jazzy/opt/gz_sensors_vendor:/opt/ros/jazzy/opt/gz_physics_vendor:/opt/ros/jazzy/opt/sdformat_vendor:/opt/ros/jazzy/opt/gz_gui_vendor:/opt/ros/jazzy/opt/gz_transport_vendor:/opt/ros/jazzy/opt/gz_rendering_vendor:/opt/ros/jazzy/opt/gz_plugin_vendor:/opt/ros/jazzy/opt/gz_fuel_tools_vendor:/opt/ros/jazzy/opt/gz_msgs_vendor:/opt/ros/jazzy/opt/gz_common_vendor:/opt/ros/jazzy/opt/gz_math_vendor:/opt/ros/jazzy/opt/gz_utils_vendor:/opt/ros/jazzy/opt/gz_tools_vendor:/opt/ros/jazzy/opt/gz_ogre_next_vendor:/opt/ros/jazzy/opt/gz_dartsim_vendor:/opt/ros/jazzy/opt/gz_cmake_vendor:/opt/ros/jazzy DEBUGINFOD_URLS=https://debuginfod.ubuntu.com /usr/bin/cmake --build /home/can/workspaces/fximu_ws/src/build/io_context -- -j12 -l12
[0.496s] DEBUG:colcon.colcon_core.event_handler.log_command:Invoking command in '/home/can/workspaces/fximu_ws/src/build/io_context': AMENT_PREFIX_PATH=/home/can/workspaces/fximu_ws/src/install/asio_cmake_module:${AMENT_PREFIX_PATH} CMAKE_PREFIX_PATH=/home/can/workspaces/fximu_ws/src/install/asio_cmake_module:/home/can/workspaces/rosrider_ws/install/teleop_twist_joy:/home/can/workspaces/rosrider_ws/install/rosrider:/home/can/workspaces/rosrider_ws/install/rosrider_node:/home/can/workspaces/rosrider_ws/install/rosrider_navigation2:/home/can/workspaces/rosrider_ws/install/rosrider_interfaces:/home/can/workspaces/rosrider_ws/install/rosrider_image:/home/can/workspaces/rosrider_ws/install/rosrider_gz_bringup:/home/can/workspaces/rosrider_ws/install/rosrider_gz_gazebo:/home/can/workspaces/rosrider_ws/install/rosrider_gz_description:/home/can/workspaces/rosrider_ws/install/rosrider_gz_app:/home/can/workspaces/rosrider_ws/install/rosrider_description:/home/can/workspaces/rosrider_ws/install/rosrider_cartographer:/home/can/workspaces/rosrider_ws/install/cappa_gz:/home/can/workspaces/fximu_ws/install/fximu_driver:/home/can/workspaces/fximu_ws/install/io_context:/home/can/workspaces/fximu_ws/install/asio_cmake_module:/opt/ros/jazzy/opt/gz_sim_vendor:/opt/ros/jazzy/opt/gz_sensors_vendor:/opt/ros/jazzy/opt/gz_physics_vendor:/opt/ros/jazzy/opt/sdformat_vendor:/opt/ros/jazzy/opt/gz_gui_vendor:/opt/ros/jazzy/opt/gz_transport_vendor:/opt/ros/jazzy/opt/gz_rendering_vendor:/opt/ros/jazzy/opt/gz_plugin_vendor:/opt/ros/jazzy/opt/gz_fuel_tools_vendor:/opt/ros/jazzy/opt/gz_msgs_vendor:/opt/ros/jazzy/opt/gz_common_vendor:/opt/ros/jazzy/opt/gz_math_vendor:/opt/ros/jazzy/opt/gz_utils_vendor:/opt/ros/jazzy/opt/gz_tools_vendor:/opt/ros/jazzy/opt/gz_ogre_next_vendor:/opt/ros/jazzy/opt/gz_dartsim_vendor:/opt/ros/jazzy/opt/gz_cmake_vendor:/opt/ros/jazzy DEBUGINFOD_URLS=https://debuginfod.ubuntu.com /usr/bin/cmake --install /home/can/workspaces/fximu_ws/src/build/io_context
[0.509s] Level 1:colcon.colcon_core.environment:create_environment_scripts_only(io_context)
[0.509s] Level 1:colcon.colcon_core.environment:checking '/home/can/workspaces/fximu_ws/src/install/io_context' for CMake module files
[0.509s] DEBUG:colcon.colcon_core.event_handler.log_command:Invoked command in '/home/can/workspaces/fximu_ws/src/build/io_context' returned '0': AMENT_PREFIX_PATH=/home/can/workspaces/fximu_ws/src/install/asio_cmake_module:${AMENT_PREFIX_PATH} CMAKE_PREFIX_PATH=/home/can/workspaces/fximu_ws/src/install/asio_cmake_module:/home/can/workspaces/rosrider_ws/install/teleop_twist_joy:/home/can/workspaces/rosrider_ws/install/rosrider:/home/can/workspaces/rosrider_ws/install/rosrider_node:/home/can/workspaces/rosrider_ws/install/rosrider_navigation2:/home/can/workspaces/rosrider_ws/install/rosrider_interfaces:/home/can/workspaces/rosrider_ws/install/rosrider_image:/home/can/workspaces/rosrider_ws/install/rosrider_gz_bringup:/home/can/workspaces/rosrider_ws/install/rosrider_gz_gazebo:/home/can/workspaces/rosrider_ws/install/rosrider_gz_description:/home/can/workspaces/rosrider_ws/install/rosrider_gz_app:/home/can/workspaces/rosrider_ws/install/rosrider_description:/home/can/workspaces/rosrider_ws/install/rosrider_cartographer:/home/can/workspaces/rosrider_ws/install/cappa_gz:/home/can/workspaces/fximu_ws/install/fximu_driver:/home/can/workspaces/fximu_ws/install/io_context:/home/can/workspaces/fximu_ws/install/asio_cmake_module:/opt/ros/jazzy/opt/gz_sim_vendor:/opt/ros/jazzy/opt/gz_sensors_vendor:/opt/ros/jazzy/opt/gz_physics_vendor:/opt/ros/jazzy/opt/sdformat_vendor:/opt/ros/jazzy/opt/gz_gui_vendor:/opt/ros/jazzy/opt/gz_transport_vendor:/opt/ros/jazzy/opt/gz_rendering_vendor:/opt/ros/jazzy/opt/gz_plugin_vendor:/opt/ros/jazzy/opt/gz_fuel_tools_vendor:/opt/ros/jazzy/opt/gz_msgs_vendor:/opt/ros/jazzy/opt/gz_common_vendor:/opt/ros/jazzy/opt/gz_math_vendor:/opt/ros/jazzy/opt/gz_utils_vendor:/opt/ros/jazzy/opt/gz_tools_vendor:/opt/ros/jazzy/opt/gz_ogre_next_vendor:/opt/ros/jazzy/opt/gz_dartsim_vendor:/opt/ros/jazzy/opt/gz_cmake_vendor:/opt/ros/jazzy DEBUGINFOD_URLS=https://debuginfod.ubuntu.com /usr/bin/cmake --install /home/can/workspaces/fximu_ws/src/build/io_context
[0.510s] Level 1:colcon.colcon_core.environment:checking '/home/can/workspaces/fximu_ws/src/install/io_context' for CMake config files
[0.510s] Level 1:colcon.colcon_core.shell:create_environment_hook('io_context', 'cmake_prefix_path')
[0.510s] INFO:colcon.colcon_core.shell:Creating environment hook '/home/can/workspaces/fximu_ws/src/install/io_context/share/io_context/hook/cmake_prefix_path.ps1'
[0.511s] INFO:colcon.colcon_core.shell:Creating environment descriptor '/home/can/workspaces/fximu_ws/src/install/io_context/share/io_context/hook/cmake_prefix_path.dsv'
[0.511s] INFO:colcon.colcon_core.shell:Creating environment hook '/home/can/workspaces/fximu_ws/src/install/io_context/share/io_context/hook/cmake_prefix_path.sh'
[0.512s] Level 1:colcon.colcon_core.environment:checking '/home/can/workspaces/fximu_ws/src/install/io_context/lib'
[0.512s] Level 1:colcon.colcon_core.shell:create_environment_hook('io_context', 'ld_library_path_lib')
[0.512s] INFO:colcon.colcon_core.shell:Creating environment hook '/home/can/workspaces/fximu_ws/src/install/io_context/share/io_context/hook/ld_library_path_lib.ps1'
[0.512s] INFO:colcon.colcon_core.shell:Creating environment descriptor '/home/can/workspaces/fximu_ws/src/install/io_context/share/io_context/hook/ld_library_path_lib.dsv'
[0.512s] INFO:colcon.colcon_core.shell:Creating environment hook '/home/can/workspaces/fximu_ws/src/install/io_context/share/io_context/hook/ld_library_path_lib.sh'
[0.513s] Level 1:colcon.colcon_core.environment:checking '/home/can/workspaces/fximu_ws/src/install/io_context/bin'
[0.513s] Level 1:colcon.colcon_core.environment:checking '/home/can/workspaces/fximu_ws/src/install/io_context/lib/pkgconfig/io_context.pc'
[0.513s] Level 1:colcon.colcon_core.environment:checking '/home/can/workspaces/fximu_ws/src/install/io_context/lib/python3.12/site-packages'
[0.513s] Level 1:colcon.colcon_core.environment:checking '/home/can/workspaces/fximu_ws/src/install/io_context/bin'
[0.514s] INFO:colcon.colcon_core.shell:Creating package script '/home/can/workspaces/fximu_ws/src/install/io_context/share/io_context/package.ps1'
[0.514s] INFO:colcon.colcon_core.shell:Creating package descriptor '/home/can/workspaces/fximu_ws/src/install/io_context/share/io_context/package.dsv'
[0.514s] INFO:colcon.colcon_core.shell:Creating package script '/home/can/workspaces/fximu_ws/src/install/io_context/share/io_context/package.sh'
[0.515s] INFO:colcon.colcon_core.shell:Creating package script '/home/can/workspaces/fximu_ws/src/install/io_context/share/io_context/package.bash'
[0.515s] INFO:colcon.colcon_core.shell:Creating package script '/home/can/workspaces/fximu_ws/src/install/io_context/share/io_context/package.zsh'
[0.515s] Level 1:colcon.colcon_core.environment:create_file_with_runtime_dependencies(/home/can/workspaces/fximu_ws/src/install/io_context/share/colcon-core/packages/io_context)
[0.516s] Level 1:colcon.colcon_core.environment:create_environment_scripts_only(io_context)
[0.516s] Level 1:colcon.colcon_core.environment:checking '/home/can/workspaces/fximu_ws/src/install/io_context' for CMake module files
[0.516s] Level 1:colcon.colcon_core.environment:checking '/home/can/workspaces/fximu_ws/src/install/io_context' for CMake config files
[0.517s] Level 1:colcon.colcon_core.shell:create_environment_hook('io_context', 'cmake_prefix_path')
[0.517s] INFO:colcon.colcon_core.shell:Creating environment hook '/home/can/workspaces/fximu_ws/src/install/io_context/share/io_context/hook/cmake_prefix_path.ps1'
[0.517s] INFO:colcon.colcon_core.shell:Creating environment descriptor '/home/can/workspaces/fximu_ws/src/install/io_context/share/io_context/hook/cmake_prefix_path.dsv'
[0.517s] INFO:colcon.colcon_core.shell:Creating environment hook '/home/can/workspaces/fximu_ws/src/install/io_context/share/io_context/hook/cmake_prefix_path.sh'
[0.518s] Level 1:colcon.colcon_core.environment:checking '/home/can/workspaces/fximu_ws/src/install/io_context/lib'
[0.518s] Level 1:colcon.colcon_core.shell:create_environment_hook('io_context', 'ld_library_path_lib')
[0.518s] INFO:colcon.colcon_core.shell:Creating environment hook '/home/can/workspaces/fximu_ws/src/install/io_context/share/io_context/hook/ld_library_path_lib.ps1'
[0.518s] INFO:colcon.colcon_core.shell:Creating environment descriptor '/home/can/workspaces/fximu_ws/src/install/io_context/share/io_context/hook/ld_library_path_lib.dsv'
[0.518s] INFO:colcon.colcon_core.shell:Creating environment hook '/home/can/workspaces/fximu_ws/src/install/io_context/share/io_context/hook/ld_library_path_lib.sh'
[0.519s] Level 1:colcon.colcon_core.environment:checking '/home/can/workspaces/fximu_ws/src/install/io_context/bin'
[0.519s] Level 1:colcon.colcon_core.environment:checking '/home/can/workspaces/fximu_ws/src/install/io_context/lib/pkgconfig/io_context.pc'
[0.519s] Level 1:colcon.colcon_core.environment:checking '/home/can/workspaces/fximu_ws/src/install/io_context/lib/python3.12/site-packages'
[0.519s] Level 1:colcon.colcon_core.environment:checking '/home/can/workspaces/fximu_ws/src/install/io_context/bin'
[0.519s] INFO:colcon.colcon_core.shell:Creating package script '/home/can/workspaces/fximu_ws/src/install/io_context/share/io_context/package.ps1'
[0.520s] INFO:colcon.colcon_core.shell:Creating package descriptor '/home/can/workspaces/fximu_ws/src/install/io_context/share/io_context/package.dsv'
[0.520s] INFO:colcon.colcon_core.shell:Creating package script '/home/can/workspaces/fximu_ws/src/install/io_context/share/io_context/package.sh'
[0.521s] INFO:colcon.colcon_core.shell:Creating package script '/home/can/workspaces/fximu_ws/src/install/io_context/share/io_context/package.bash'
[0.521s] INFO:colcon.colcon_core.shell:Creating package script '/home/can/workspaces/fximu_ws/src/install/io_context/share/io_context/package.zsh'
[0.521s] Level 1:colcon.colcon_core.environment:create_file_with_runtime_dependencies(/home/can/workspaces/fximu_ws/src/install/io_context/share/colcon-core/packages/io_context)
[0.522s] INFO:colcon.colcon_ros.task.ament_cmake.build:Building ROS package in '/home/can/workspaces/fximu_ws/src/fximu_driver' with build type 'ament_cmake'
[0.522s] INFO:colcon.colcon_cmake.task.cmake.build:Building CMake package in '/home/can/workspaces/fximu_ws/src/fximu_driver'
[0.522s] INFO:colcon.colcon_core.shell:Skip shell extension 'powershell' for command environment: Not usable outside of PowerShell
[0.522s] DEBUG:colcon.colcon_core.shell:Skip shell extension 'dsv' for command environment
[0.535s] DEBUG:colcon.colcon_core.event_handler.log_command:Invoking command in '/home/can/workspaces/fximu_ws/src/build/fximu_driver': AMENT_PREFIX_PATH=/home/can/workspaces/fximu_ws/src/install/io_context:/home/can/workspaces/fximu_ws/src/install/asio_cmake_module:${AMENT_PREFIX_PATH} CMAKE_PREFIX_PATH=/home/can/workspaces/fximu_ws/src/install/io_context:/home/can/workspaces/fximu_ws/src/install/asio_cmake_module:/home/can/workspaces/rosrider_ws/install/teleop_twist_joy:/home/can/workspaces/rosrider_ws/install/rosrider:/home/can/workspaces/rosrider_ws/install/rosrider_node:/home/can/workspaces/rosrider_ws/install/rosrider_navigation2:/home/can/workspaces/rosrider_ws/install/rosrider_interfaces:/home/can/workspaces/rosrider_ws/install/rosrider_image:/home/can/workspaces/rosrider_ws/install/rosrider_gz_bringup:/home/can/workspaces/rosrider_ws/install/rosrider_gz_gazebo:/home/can/workspaces/rosrider_ws/install/rosrider_gz_description:/home/can/workspaces/rosrider_ws/install/rosrider_gz_app:/home/can/workspaces/rosrider_ws/install/rosrider_description:/home/can/workspaces/rosrider_ws/install/rosrider_cartographer:/home/can/workspaces/rosrider_ws/install/cappa_gz:/home/can/workspaces/fximu_ws/install/fximu_driver:/home/can/workspaces/fximu_ws/install/io_context:/home/can/workspaces/fximu_ws/install/asio_cmake_module:/opt/ros/jazzy/opt/gz_sim_vendor:/opt/ros/jazzy/opt/gz_sensors_vendor:/opt/ros/jazzy/opt/gz_physics_vendor:/opt/ros/jazzy/opt/sdformat_vendor:/opt/ros/jazzy/opt/gz_gui_vendor:/opt/ros/jazzy/opt/gz_transport_vendor:/opt/ros/jazzy/opt/gz_rendering_vendor:/opt/ros/jazzy/opt/gz_plugin_vendor:/opt/ros/jazzy/opt/gz_fuel_tools_vendor:/opt/ros/jazzy/opt/gz_msgs_vendor:/opt/ros/jazzy/opt/gz_common_vendor:/opt/ros/jazzy/opt/gz_math_vendor:/opt/ros/jazzy/opt/gz_utils_vendor:/opt/ros/jazzy/opt/gz_tools_vendor:/opt/ros/jazzy/opt/gz_ogre_next_vendor:/opt/ros/jazzy/opt/gz_dartsim_vendor:/opt/ros/jazzy/opt/gz_cmake_vendor:/opt/ros/jazzy DEBUGINFOD_URLS=https://debuginfod.ubuntu.com LD_LIBRARY_PATH=/home/can/workspaces/fximu_ws/src/install/io_context/lib:/home/can/workspaces/rosrider_ws/install/teleop_twist_joy/lib:/home/can/workspaces/rosrider_ws/install/rosrider_interfaces/lib:/home/can/workspaces/fximu_ws/install/fximu_driver/lib:/home/can/workspaces/fximu_ws/install/io_context/lib:/opt/ros/jazzy/opt/gz_sim_vendor/lib:/opt/ros/jazzy/opt/gz_sensors_vendor/lib:/opt/ros/jazzy/opt/gz_physics_vendor/lib:/opt/ros/jazzy/opt/sdformat_vendor/lib:/opt/ros/jazzy/opt/rviz_ogre_vendor/lib:/opt/ros/jazzy/lib/x86_64-linux-gnu:/opt/ros/jazzy/opt/gz_gui_vendor/lib:/opt/ros/jazzy/opt/gz_transport_vendor/lib:/opt/ros/jazzy/opt/gz_rendering_vendor/lib:/opt/ros/jazzy/opt/gz_plugin_vendor/lib:/opt/ros/jazzy/opt/gz_fuel_tools_vendor/lib:/opt/ros/jazzy/opt/gz_msgs_vendor/lib:/opt/ros/jazzy/opt/gz_common_vendor/lib:/opt/ros/jazzy/opt/gz_math_vendor/lib:/opt/ros/jazzy/opt/gz_utils_vendor/lib:/opt/ros/jazzy/opt/gz_tools_vendor/lib:/opt/ros/jazzy/opt/gz_ogre_next_vendor/lib:/opt/ros/jazzy/opt/gz_dartsim_vendor/lib:/opt/ros/jazzy/opt/gz_cmake_vendor/lib:/opt/ros/jazzy/lib:/usr/local/cuda-12.8/lib64:/usr/local/lib:/usr/local/cuda-12.8/lib64:/usr/local/lib /usr/bin/cmake --build /home/can/workspaces/fximu_ws/src/build/fximu_driver -- -j12 -l12
[7.221s] DEBUG:colcon.colcon_core.event_handler.log_command:Invoked command in '/home/can/workspaces/fximu_ws/src/build/fximu_driver' returned '0': AMENT_PREFIX_PATH=/home/can/workspaces/fximu_ws/src/install/io_context:/home/can/workspaces/fximu_ws/src/install/asio_cmake_module:${AMENT_PREFIX_PATH} CMAKE_PREFIX_PATH=/home/can/workspaces/fximu_ws/src/install/io_context:/home/can/workspaces/fximu_ws/src/install/asio_cmake_module:/home/can/workspaces/rosrider_ws/install/teleop_twist_joy:/home/can/workspaces/rosrider_ws/install/rosrider:/home/can/workspaces/rosrider_ws/install/rosrider_node:/home/can/workspaces/rosrider_ws/install/rosrider_navigation2:/home/can/workspaces/rosrider_ws/install/rosrider_interfaces:/home/can/workspaces/rosrider_ws/install/rosrider_image:/home/can/workspaces/rosrider_ws/install/rosrider_gz_bringup:/home/can/workspaces/rosrider_ws/install/rosrider_gz_gazebo:/home/can/workspaces/rosrider_ws/install/rosrider_gz_description:/home/can/workspaces/rosrider_ws/install/rosrider_gz_app:/home/can/workspaces/rosrider_ws/install/rosrider_description:/home/can/workspaces/rosrider_ws/install/rosrider_cartographer:/home/can/workspaces/rosrider_ws/install/cappa_gz:/home/can/workspaces/fximu_ws/install/fximu_driver:/home/can/workspaces/fximu_ws/install/io_context:/home/can/workspaces/fximu_ws/install/asio_cmake_module:/opt/ros/jazzy/opt/gz_sim_vendor:/opt/ros/jazzy/opt/gz_sensors_vendor:/opt/ros/jazzy/opt/gz_physics_vendor:/opt/ros/jazzy/opt/sdformat_vendor:/opt/ros/jazzy/opt/gz_gui_vendor:/opt/ros/jazzy/opt/gz_transport_vendor:/opt/ros/jazzy/opt/gz_rendering_vendor:/opt/ros/jazzy/opt/gz_plugin_vendor:/opt/ros/jazzy/opt/gz_fuel_tools_vendor:/opt/ros/jazzy/opt/gz_msgs_vendor:/opt/ros/jazzy/opt/gz_common_vendor:/opt/ros/jazzy/opt/gz_math_vendor:/opt/ros/jazzy/opt/gz_utils_vendor:/opt/ros/jazzy/opt/gz_tools_vendor:/opt/ros/jazzy/opt/gz_ogre_next_vendor:/opt/ros/jazzy/opt/gz_dartsim_vendor:/opt/ros/jazzy/opt/gz_cmake_vendor:/opt/ros/jazzy DEBUGINFOD_URLS=https://debuginfod.ubuntu.com LD_LIBRARY_PATH=/home/can/workspaces/fximu_ws/src/install/io_context/lib:/home/can/workspaces/rosrider_ws/install/teleop_twist_joy/lib:/home/can/workspaces/rosrider_ws/install/rosrider_interfaces/lib:/home/can/workspaces/fximu_ws/install/fximu_driver/lib:/home/can/workspaces/fximu_ws/install/io_context/lib:/opt/ros/jazzy/opt/gz_sim_vendor/lib:/opt/ros/jazzy/opt/gz_sensors_vendor/lib:/opt/ros/jazzy/opt/gz_physics_vendor/lib:/opt/ros/jazzy/opt/sdformat_vendor/lib:/opt/ros/jazzy/opt/rviz_ogre_vendor/lib:/opt/ros/jazzy/lib/x86_64-linux-gnu:/opt/ros/jazzy/opt/gz_gui_vendor/lib:/opt/ros/jazzy/opt/gz_transport_vendor/lib:/opt/ros/jazzy/opt/gz_rendering_vendor/lib:/opt/ros/jazzy/opt/gz_plugin_vendor/lib:/opt/ros/jazzy/opt/gz_fuel_tools_vendor/lib:/opt/ros/jazzy/opt/gz_msgs_vendor/lib:/opt/ros/jazzy/opt/gz_common_vendor/lib:/opt/ros/jazzy/opt/gz_math_vendor/lib:/opt/ros/jazzy/opt/gz_utils_vendor/lib:/opt/ros/jazzy/opt/gz_tools_vendor/lib:/opt/ros/jazzy/opt/gz_ogre_next_vendor/lib:/opt/ros/jazzy/opt/gz_dartsim_vendor/lib:/opt/ros/jazzy/opt/gz_cmake_vendor/lib:/opt/ros/jazzy/lib:/usr/local/cuda-12.8/lib64:/usr/local/lib:/usr/local/cuda-12.8/lib64:/usr/local/lib /usr/bin/cmake --build /home/can/workspaces/fximu_ws/src/build/fximu_driver -- -j12 -l12
[7.222s] DEBUG:colcon.colcon_core.event_handler.log_command:Invoking command in '/home/can/workspaces/fximu_ws/src/build/fximu_driver': AMENT_PREFIX_PATH=/home/can/workspaces/fximu_ws/src/install/io_context:/home/can/workspaces/fximu_ws/src/install/asio_cmake_module:${AMENT_PREFIX_PATH} CMAKE_PREFIX_PATH=/home/can/workspaces/fximu_ws/src/install/io_context:/home/can/workspaces/fximu_ws/src/install/asio_cmake_module:/home/can/workspaces/rosrider_ws/install/teleop_twist_joy:/home/can/workspaces/rosrider_ws/install/rosrider:/home/can/workspaces/rosrider_ws/install/rosrider_node:/home/can/workspaces/rosrider_ws/install/rosrider_navigation2:/home/can/workspaces/rosrider_ws/install/rosrider_interfaces:/home/can/workspaces/rosrider_ws/install/rosrider_image:/home/can/workspaces/rosrider_ws/install/rosrider_gz_bringup:/home/can/workspaces/rosrider_ws/install/rosrider_gz_gazebo:/home/can/workspaces/rosrider_ws/install/rosrider_gz_description:/home/can/workspaces/rosrider_ws/install/rosrider_gz_app:/home/can/workspaces/rosrider_ws/install/rosrider_description:/home/can/workspaces/rosrider_ws/install/rosrider_cartographer:/home/can/workspaces/rosrider_ws/install/cappa_gz:/home/can/workspaces/fximu_ws/install/fximu_driver:/home/can/workspaces/fximu_ws/install/io_context:/home/can/workspaces/fximu_ws/install/asio_cmake_module:/opt/ros/jazzy/opt/gz_sim_vendor:/opt/ros/jazzy/opt/gz_sensors_vendor:/opt/ros/jazzy/opt/gz_physics_vendor:/opt/ros/jazzy/opt/sdformat_vendor:/opt/ros/jazzy/opt/gz_gui_vendor:/opt/ros/jazzy/opt/gz_transport_vendor:/opt/ros/jazzy/opt/gz_rendering_vendor:/opt/ros/jazzy/opt/gz_plugin_vendor:/opt/ros/jazzy/opt/gz_fuel_tools_vendor:/opt/ros/jazzy/opt/gz_msgs_vendor:/opt/ros/jazzy/opt/gz_common_vendor:/opt/ros/jazzy/opt/gz_math_vendor:/opt/ros/jazzy/opt/gz_utils_vendor:/opt/ros/jazzy/opt/gz_tools_vendor:/opt/ros/jazzy/opt/gz_ogre_next_vendor:/opt/ros/jazzy/opt/gz_dartsim_vendor:/opt/ros/jazzy/opt/gz_cmake_vendor:/opt/ros/jazzy DEBUGINFOD_URLS=https://debuginfod.ubuntu.com LD_LIBRARY_PATH=/home/can/workspaces/fximu_ws/src/install/io_context/lib:/home/can/workspaces/rosrider_ws/install/teleop_twist_joy/lib:/home/can/workspaces/rosrider_ws/install/rosrider_interfaces/lib:/home/can/workspaces/fximu_ws/install/fximu_driver/lib:/home/can/workspaces/fximu_ws/install/io_context/lib:/opt/ros/jazzy/opt/gz_sim_vendor/lib:/opt/ros/jazzy/opt/gz_sensors_vendor/lib:/opt/ros/jazzy/opt/gz_physics_vendor/lib:/opt/ros/jazzy/opt/sdformat_vendor/lib:/opt/ros/jazzy/opt/rviz_ogre_vendor/lib:/opt/ros/jazzy/lib/x86_64-linux-gnu:/opt/ros/jazzy/opt/gz_gui_vendor/lib:/opt/ros/jazzy/opt/gz_transport_vendor/lib:/opt/ros/jazzy/opt/gz_rendering_vendor/lib:/opt/ros/jazzy/opt/gz_plugin_vendor/lib:/opt/ros/jazzy/opt/gz_fuel_tools_vendor/lib:/opt/ros/jazzy/opt/gz_msgs_vendor/lib:/opt/ros/jazzy/opt/gz_common_vendor/lib:/opt/ros/jazzy/opt/gz_math_vendor/lib:/opt/ros/jazzy/opt/gz_utils_vendor/lib:/opt/ros/jazzy/opt/gz_tools_vendor/lib:/opt/ros/jazzy/opt/gz_ogre_next_vendor/lib:/opt/ros/jazzy/opt/gz_dartsim_vendor/lib:/opt/ros/jazzy/opt/gz_cmake_vendor/lib:/opt/ros/jazzy/lib:/usr/local/cuda-12.8/lib64:/usr/local/lib:/usr/local/cuda-12.8/lib64:/usr/local/lib /usr/bin/cmake --install /home/can/workspaces/fximu_ws/src/build/fximu_driver
[7.238s] Level 1:colcon.colcon_core.environment:create_environment_scripts_only(fximu_driver)
[7.238s] DEBUG:colcon.colcon_core.event_handler.log_command:Invoked command in '/home/can/workspaces/fximu_ws/src/build/fximu_driver' returned '0': AMENT_PREFIX_PATH=/home/can/workspaces/fximu_ws/src/install/io_context:/home/can/workspaces/fximu_ws/src/install/asio_cmake_module:${AMENT_PREFIX_PATH} CMAKE_PREFIX_PATH=/home/can/workspaces/fximu_ws/src/install/io_context:/home/can/workspaces/fximu_ws/src/install/asio_cmake_module:/home/can/workspaces/rosrider_ws/install/teleop_twist_joy:/home/can/workspaces/rosrider_ws/install/rosrider:/home/can/workspaces/rosrider_ws/install/rosrider_node:/home/can/workspaces/rosrider_ws/install/rosrider_navigation2:/home/can/workspaces/rosrider_ws/install/rosrider_interfaces:/home/can/workspaces/rosrider_ws/install/rosrider_image:/home/can/workspaces/rosrider_ws/install/rosrider_gz_bringup:/home/can/workspaces/rosrider_ws/install/rosrider_gz_gazebo:/home/can/workspaces/rosrider_ws/install/rosrider_gz_description:/home/can/workspaces/rosrider_ws/install/rosrider_gz_app:/home/can/workspaces/rosrider_ws/install/rosrider_description:/home/can/workspaces/rosrider_ws/install/rosrider_cartographer:/home/can/workspaces/rosrider_ws/install/cappa_gz:/home/can/workspaces/fximu_ws/install/fximu_driver:/home/can/workspaces/fximu_ws/install/io_context:/home/can/workspaces/fximu_ws/install/asio_cmake_module:/opt/ros/jazzy/opt/gz_sim_vendor:/opt/ros/jazzy/opt/gz_sensors_vendor:/opt/ros/jazzy/opt/gz_physics_vendor:/opt/ros/jazzy/opt/sdformat_vendor:/opt/ros/jazzy/opt/gz_gui_vendor:/opt/ros/jazzy/opt/gz_transport_vendor:/opt/ros/jazzy/opt/gz_rendering_vendor:/opt/ros/jazzy/opt/gz_plugin_vendor:/opt/ros/jazzy/opt/gz_fuel_tools_vendor:/opt/ros/jazzy/opt/gz_msgs_vendor:/opt/ros/jazzy/opt/gz_common_vendor:/opt/ros/jazzy/opt/gz_math_vendor:/opt/ros/jazzy/opt/gz_utils_vendor:/opt/ros/jazzy/opt/gz_tools_vendor:/opt/ros/jazzy/opt/gz_ogre_next_vendor:/opt/ros/jazzy/opt/gz_dartsim_vendor:/opt/ros/jazzy/opt/gz_cmake_vendor:/opt/ros/jazzy DEBUGINFOD_URLS=https://debuginfod.ubuntu.com LD_LIBRARY_PATH=/home/can/workspaces/fximu_ws/src/install/io_context/lib:/home/can/workspaces/rosrider_ws/install/teleop_twist_joy/lib:/home/can/workspaces/rosrider_ws/install/rosrider_interfaces/lib:/home/can/workspaces/fximu_ws/install/fximu_driver/lib:/home/can/workspaces/fximu_ws/install/io_context/lib:/opt/ros/jazzy/opt/gz_sim_vendor/lib:/opt/ros/jazzy/opt/gz_sensors_vendor/lib:/opt/ros/jazzy/opt/gz_physics_vendor/lib:/opt/ros/jazzy/opt/sdformat_vendor/lib:/opt/ros/jazzy/opt/rviz_ogre_vendor/lib:/opt/ros/jazzy/lib/x86_64-linux-gnu:/opt/ros/jazzy/opt/gz_gui_vendor/lib:/opt/ros/jazzy/opt/gz_transport_vendor/lib:/opt/ros/jazzy/opt/gz_rendering_vendor/lib:/opt/ros/jazzy/opt/gz_plugin_vendor/lib:/opt/ros/jazzy/opt/gz_fuel_tools_vendor/lib:/opt/ros/jazzy/opt/gz_msgs_vendor/lib:/opt/ros/jazzy/opt/gz_common_vendor/lib:/opt/ros/jazzy/opt/gz_math_vendor/lib:/opt/ros/jazzy/opt/gz_utils_vendor/lib:/opt/ros/jazzy/opt/gz_tools_vendor/lib:/opt/ros/jazzy/opt/gz_ogre_next_vendor/lib:/opt/ros/jazzy/opt/gz_dartsim_vendor/lib:/opt/ros/jazzy/opt/gz_cmake_vendor/lib:/opt/ros/jazzy/lib:/usr/local/cuda-12.8/lib64:/usr/local/lib:/usr/local/cuda-12.8/lib64:/usr/local/lib /usr/bin/cmake --install /home/can/workspaces/fximu_ws/src/build/fximu_driver
[7.238s] Level 1:colcon.colcon_core.environment:checking '/home/can/workspaces/fximu_ws/src/install/fximu_driver' for CMake module files
[7.239s] Level 1:colcon.colcon_core.environment:checking '/home/can/workspaces/fximu_ws/src/install/fximu_driver' for CMake config files
[7.239s] Level 1:colcon.colcon_core.shell:create_environment_hook('fximu_driver', 'cmake_prefix_path')
[7.240s] INFO:colcon.colcon_core.shell:Creating environment hook '/home/can/workspaces/fximu_ws/src/install/fximu_driver/share/fximu_driver/hook/cmake_prefix_path.ps1'
[7.240s] INFO:colcon.colcon_core.shell:Creating environment descriptor '/home/can/workspaces/fximu_ws/src/install/fximu_driver/share/fximu_driver/hook/cmake_prefix_path.dsv'
[7.240s] INFO:colcon.colcon_core.shell:Creating environment hook '/home/can/workspaces/fximu_ws/src/install/fximu_driver/share/fximu_driver/hook/cmake_prefix_path.sh'
[7.241s] Level 1:colcon.colcon_core.environment:checking '/home/can/workspaces/fximu_ws/src/install/fximu_driver/lib'
[7.241s] Level 1:colcon.colcon_core.shell:create_environment_hook('fximu_driver', 'ld_library_path_lib')
[7.241s] INFO:colcon.colcon_core.shell:Creating environment hook '/home/can/workspaces/fximu_ws/src/install/fximu_driver/share/fximu_driver/hook/ld_library_path_lib.ps1'
[7.241s] INFO:colcon.colcon_core.shell:Creating environment descriptor '/home/can/workspaces/fximu_ws/src/install/fximu_driver/share/fximu_driver/hook/ld_library_path_lib.dsv'
[7.242s] INFO:colcon.colcon_core.shell:Creating environment hook '/home/can/workspaces/fximu_ws/src/install/fximu_driver/share/fximu_driver/hook/ld_library_path_lib.sh'
[7.242s] Level 1:colcon.colcon_core.environment:checking '/home/can/workspaces/fximu_ws/src/install/fximu_driver/bin'
[7.242s] Level 1:colcon.colcon_core.environment:checking '/home/can/workspaces/fximu_ws/src/install/fximu_driver/lib/pkgconfig/fximu_driver.pc'
[7.242s] Level 1:colcon.colcon_core.environment:checking '/home/can/workspaces/fximu_ws/src/install/fximu_driver/lib/python3.12/site-packages'
[7.242s] Level 1:colcon.colcon_core.environment:checking '/home/can/workspaces/fximu_ws/src/install/fximu_driver/bin'
[7.242s] INFO:colcon.colcon_core.shell:Creating package script '/home/can/workspaces/fximu_ws/src/install/fximu_driver/share/fximu_driver/package.ps1'
[7.243s] INFO:colcon.colcon_core.shell:Creating package descriptor '/home/can/workspaces/fximu_ws/src/install/fximu_driver/share/fximu_driver/package.dsv'
[7.243s] INFO:colcon.colcon_core.shell:Creating package script '/home/can/workspaces/fximu_ws/src/install/fximu_driver/share/fximu_driver/package.sh'
[7.244s] INFO:colcon.colcon_core.shell:Creating package script '/home/can/workspaces/fximu_ws/src/install/fximu_driver/share/fximu_driver/package.bash'
[7.244s] INFO:colcon.colcon_core.shell:Creating package script '/home/can/workspaces/fximu_ws/src/install/fximu_driver/share/fximu_driver/package.zsh'
[7.244s] Level 1:colcon.colcon_core.environment:create_file_with_runtime_dependencies(/home/can/workspaces/fximu_ws/src/install/fximu_driver/share/colcon-core/packages/fximu_driver)
[7.245s] Level 1:colcon.colcon_core.environment:create_environment_scripts_only(fximu_driver)
[7.245s] Level 1:colcon.colcon_core.environment:checking '/home/can/workspaces/fximu_ws/src/install/fximu_driver' for CMake module files
[7.245s] Level 1:colcon.colcon_core.environment:checking '/home/can/workspaces/fximu_ws/src/install/fximu_driver' for CMake config files
[7.246s] Level 1:colcon.colcon_core.shell:create_environment_hook('fximu_driver', 'cmake_prefix_path')
[7.246s] INFO:colcon.colcon_core.shell:Creating environment hook '/home/can/workspaces/fximu_ws/src/install/fximu_driver/share/fximu_driver/hook/cmake_prefix_path.ps1'
[7.246s] INFO:colcon.colcon_core.shell:Creating environment descriptor '/home/can/workspaces/fximu_ws/src/install/fximu_driver/share/fximu_driver/hook/cmake_prefix_path.dsv'
[7.246s] INFO:colcon.colcon_core.shell:Creating environment hook '/home/can/workspaces/fximu_ws/src/install/fximu_driver/share/fximu_driver/hook/cmake_prefix_path.sh'
[7.247s] Level 1:colcon.colcon_core.environment:checking '/home/can/workspaces/fximu_ws/src/install/fximu_driver/lib'
[7.247s] Level 1:colcon.colcon_core.shell:create_environment_hook('fximu_driver', 'ld_library_path_lib')
[7.247s] INFO:colcon.colcon_core.shell:Creating environment hook '/home/can/workspaces/fximu_ws/src/install/fximu_driver/share/fximu_driver/hook/ld_library_path_lib.ps1'
[7.247s] INFO:colcon.colcon_core.shell:Creating environment descriptor '/home/can/workspaces/fximu_ws/src/install/fximu_driver/share/fximu_driver/hook/ld_library_path_lib.dsv'
[7.248s] INFO:colcon.colcon_core.shell:Creating environment hook '/home/can/workspaces/fximu_ws/src/install/fximu_driver/share/fximu_driver/hook/ld_library_path_lib.sh'
[7.248s] Level 1:colcon.colcon_core.environment:checking '/home/can/workspaces/fximu_ws/src/install/fximu_driver/bin'
[7.248s] Level 1:colcon.colcon_core.environment:checking '/home/can/workspaces/fximu_ws/src/install/fximu_driver/lib/pkgconfig/fximu_driver.pc'
[7.248s] Level 1:colcon.colcon_core.environment:checking '/home/can/workspaces/fximu_ws/src/install/fximu_driver/lib/python3.12/site-packages'
[7.248s] Level 1:colcon.colcon_core.environment:checking '/home/can/workspaces/fximu_ws/src/install/fximu_driver/bin'
[7.249s] INFO:colcon.colcon_core.shell:Creating package script '/home/can/workspaces/fximu_ws/src/install/fximu_driver/share/fximu_driver/package.ps1'
[7.249s] INFO:colcon.colcon_core.shell:Creating package descriptor '/home/can/workspaces/fximu_ws/src/install/fximu_driver/share/fximu_driver/package.dsv'
[7.249s] INFO:colcon.colcon_core.shell:Creating package script '/home/can/workspaces/fximu_ws/src/install/fximu_driver/share/fximu_driver/package.sh'
[7.258s] INFO:colcon.colcon_core.shell:Creating package script '/home/can/workspaces/fximu_ws/src/install/fximu_driver/share/fximu_driver/package.bash'
[7.258s] INFO:colcon.colcon_core.shell:Creating package script '/home/can/workspaces/fximu_ws/src/install/fximu_driver/share/fximu_driver/package.zsh'
[7.259s] Level 1:colcon.colcon_core.environment:create_file_with_runtime_dependencies(/home/can/workspaces/fximu_ws/src/install/fximu_driver/share/colcon-core/packages/fximu_driver)
[7.259s] DEBUG:colcon.colcon_parallel_executor.executor.parallel:closing loop
[7.259s] DEBUG:colcon.colcon_parallel_executor.executor.parallel:loop closed
[7.259s] DEBUG:colcon.colcon_parallel_executor.executor.parallel:run_until_complete finished with '0'
[7.259s] DEBUG:colcon.colcon_core.event_reactor:joining thread
[7.264s] INFO:colcon.colcon_core.plugin_system:Skipping extension 'colcon_notification.desktop_notification.terminal_notifier': Not used on non-Darwin systems
[7.264s] INFO:colcon.colcon_core.plugin_system:Skipping extension 'colcon_notification.desktop_notification.win32': Not used on non-Windows systems
[7.264s] INFO:colcon.colcon_notification.desktop_notification:Sending desktop notification using 'notify2'
[7.275s] DEBUG:colcon.colcon_core.event_reactor:joined thread
[7.276s] INFO:colcon.colcon_core.shell:Creating prefix script '/home/can/workspaces/fximu_ws/src/install/local_setup.ps1'
[7.276s] INFO:colcon.colcon_core.shell:Creating prefix util module '/home/can/workspaces/fximu_ws/src/install/_local_setup_util_ps1.py'
[7.277s] INFO:colcon.colcon_core.shell:Creating prefix chain script '/home/can/workspaces/fximu_ws/src/install/setup.ps1'
[7.279s] INFO:colcon.colcon_core.shell:Creating prefix script '/home/can/workspaces/fximu_ws/src/install/local_setup.sh'
[7.279s] INFO:colcon.colcon_core.shell:Creating prefix util module '/home/can/workspaces/fximu_ws/src/install/_local_setup_util_sh.py'
[7.280s] INFO:colcon.colcon_core.shell:Creating prefix chain script '/home/can/workspaces/fximu_ws/src/install/setup.sh'
[7.281s] INFO:colcon.colcon_core.shell:Creating prefix script '/home/can/workspaces/fximu_ws/src/install/local_setup.bash'
[7.282s] INFO:colcon.colcon_core.shell:Creating prefix chain script '/home/can/workspaces/fximu_ws/src/install/setup.bash'
[7.283s] INFO:colcon.colcon_core.shell:Creating prefix script '/home/can/workspaces/fximu_ws/src/install/local_setup.zsh'
[7.284s] INFO:colcon.colcon_core.shell:Creating prefix chain script '/home/can/workspaces/fximu_ws/src/install/setup.zsh'
